#
# A fatal error has been detected by the Java Runtime Environment:
#
#  SIGSEGV (0xb) at pc=0x00007fbeaa67b244, pid=27666, tid=0x00007fbec930f700
#
# JRE version: Java(TM) SE Runtime Environment (8.0_121-b13) (build 1.8.0_121-b13)
# Java VM: Java HotSpot(TM) 64-Bit Server VM (25.121-b13 mixed mode linux-amd64 compressed oops)
# Problematic frame:
# C  [liblwjgl.so+0x37244]
#
# Failed to write core dump. Core dumps have been disabled. To enable core dumping, try "ulimit -c unlimited" before starting Java again
#
# If you would like to submit a bug report, please visit:
#   http://bugreport.java.com/bugreport/crash.jsp
# The crash happened outside the Java Virtual Machine in native code.
# See problematic frame for where to report the bug.
#

---------------  T H R E A D  ---------------

Current thread (0x00007fbec000d800):  JavaThread "main" [_thread_in_native, id=27668, stack(0x00007fbec920f000,0x00007fbec9310000)]

siginfo: si_signo: 11 (SIGSEGV), si_code: 1 (SEGV_MAPERR), si_addr: 0x0000000000000000

Registers:
RAX=0x00000000000000a5, RBX=0x00007fbeb0d28328, RCX=0x00007fbec880e2ad, RDX=0x00007fbec8add770
RSP=0x00007fbec930e7b0, RBP=0x00007fbec930e808, RSI=0x00007fbeaa67ff00, RDI=0x0000000000000000
R8 =0x00000000000000a5, R9 =0x00007fbec8adc540, R10=0x0000000000000001, R11=0x0000000000000000
R12=0x0000000000000000, R13=0x00007fbeb0d28328, R14=0x00007fbec930e820, R15=0x00007fbec000d800
RIP=0x00007fbeaa67b244, EFLAGS=0x0000000000010246, CSGSFS=0x002b000000000033, ERR=0x0000000000000004
  TRAPNO=0x000000000000000e

Top of Stack: (sp=0x00007fbec930e7b0)
0x00007fbec930e7b0:   00007fbec930e808 00007fbeb1017a34
0x00007fbec930e7c0:   00007fbeb1017782 00007fbec930e7c8
0x00007fbec930e7d0:   00007fbeb0d28328 00007fbec930e820
0x00007fbec930e7e0:   00007fbeb0d3b650 0000000000000000
0x00007fbec930e7f0:   00007fbeb0d28328 0000000000000000
0x00007fbec930e800:   00007fbec930e828 00007fbec930e868
0x00007fbec930e810:   00007fbeb10082bd 000000076d863678
0x00007fbec930e820:   00007fbeb1011538 00007fbec930e828
0x00007fbec930e830:   00007fbeb0c0f072 00007fbec930e888
0x00007fbec930e840:   00007fbeb0c0f2e8 0000000000000000
0x00007fbec930e850:   00007fbeb0c0f0b8 00007fbec930e828
0x00007fbec930e860:   00007fbec930e880 00007fbec930e8d0
0x00007fbec930e870:   00007fbeb10082bd 000000076dd34ab0
0x00007fbec930e880:   0000000000000064 000000076d31b548
0x00007fbec930e890:   00007fbec930e890 00007fbeb0c0f143
0x00007fbec930e8a0:   00007fbec930e8e0 00007fbeb0c0f2e8
0x00007fbec930e8b0:   0000000000000000 00007fbeb0c0f168
0x00007fbec930e8c0:   00007fbec930e880 00007fbec930e8e0
0x00007fbec930e8d0:   00007fbec930e928 00007fbeb10082bd
0x00007fbec930e8e0:   000000076d31b548 00007fbec930e8e8
0x00007fbec930e8f0:   00007fbeb0c00724 00007fbec930e930
0x00007fbec930e900:   00007fbeb0c008a8 0000000000000000
0x00007fbec930e910:   00007fbeb0c00750 00007fbec930e8e0
0x00007fbec930e920:   00007fbec930e938 00007fbec930e978
0x00007fbec930e930:   00007fbeb10082bd 00007fbec930e938
0x00007fbec930e940:   00007fbeb0c00810 00007fbec930e988
0x00007fbec930e950:   00007fbeb0c008a8 0000000000000000
0x00007fbec930e960:   00007fbeb0c00850 00007fbec930e938
0x00007fbec930e970:   00007fbec930e988 00007fbec930e9f0
0x00007fbec930e980:   00007fbeb10007a7 000000076ce1d8e8
0x00007fbec930e990:   0000000000001fa0 0000000000000000
0x00007fbec930e9a0:   00007fbec000d800 00007fbec930ea70 

Instructions: (pc=0x00007fbeaa67b244)
0x00007fbeaa67b224:   48 8b 05 b5 8d 21 00 48 8d 3d 56 4d 00 00 ba a5
0x00007fbeaa67b234:   00 00 00 be 01 00 00 00 48 8b 08 e8 3c 74 fe ff
0x00007fbeaa67b244:   8b 04 25 00 00 00 00 0f 0b 0f 1f 00 48 83 ec 18
0x00007fbeaa67b254:   48 89 f8 48 89 f2 48 8d 7c 24 08 48 89 c6 e8 69 

Register to memory mapping:

RAX=0x00000000000000a5 is an unknown value
RBX={method} {0x00007fbeb0d28328} 'glPushMatrix' '()V' in 'org/lwjgl/opengl/GL11'
RCX=0x00007fbec880e2ad: __write+0x2d in /lib/x86_64-linux-gnu/libc.so.6 at 0x00007fbec8717000
RDX=0x00007fbec8add770: <offset 0x3c6770> in /lib/x86_64-linux-gnu/libc.so.6 at 0x00007fbec8717000
RSP=0x00007fbec930e7b0 is pointing into the stack for thread: 0x00007fbec000d800
RBP=0x00007fbec930e808 is pointing into the stack for thread: 0x00007fbec000d800
RSI=0x00007fbeaa67ff00: <offset 0x3bf00> in /tmp/lwjglmacmv/3.1.2-build-29/liblwjgl.so at 0x00007fbeaa644000
RDI=0x0000000000000000 is an unknown value
R8 =0x00000000000000a5 is an unknown value
R9 =0x00007fbec8adc540: _IO_2_1_stderr_+0 in /lib/x86_64-linux-gnu/libc.so.6 at 0x00007fbec8717000
R10=0x0000000000000001 is an unknown value
R11=0x0000000000000000 is an unknown value
R12=0x0000000000000000 is an unknown value
R13={method} {0x00007fbeb0d28328} 'glPushMatrix' '()V' in 'org/lwjgl/opengl/GL11'
R14=0x00007fbec930e820 is pointing into the stack for thread: 0x00007fbec000d800
R15=0x00007fbec000d800 is a thread


Stack: [0x00007fbec920f000,0x00007fbec9310000],  sp=0x00007fbec930e7b0,  free space=1021k
Native frames: (J=compiled Java code, j=interpreted, Vv=VM code, C=native code)
C  [liblwjgl.so+0x37244]
j  net.cubiness.Render.renderStrip(I)V+34
j  net.cubiness.Render.render()V+3
j  net.cubiness.Main.loop()V+12
j  net.cubiness.Main.main([Ljava/lang/String;)V+32
v  ~StubRoutines::call_stub
V  [libjvm.so+0x690dd6]  JavaCalls::call_helper(JavaValue*, methodHandle*, JavaCallArguments*, Thread*)+0x1056
V  [libjvm.so+0x6d21e2]  jni_invoke_static(JNIEnv_*, JavaValue*, _jobject*, JNICallType, _jmethodID*, JNI_ArgumentPusher*, Thread*)+0x362
V  [libjvm.so+0x6eea4a]  jni_CallStaticVoidMethod+0x17a
C  [libjli.so+0x7bdf]  JavaMain+0x81f
C  [libpthread.so.0+0x76ba]  start_thread+0xca

Java frames: (J=compiled Java code, j=interpreted, Vv=VM code)
j  org.lwjgl.opengl.GL11.glPushMatrix()V+0
j  net.cubiness.Render.renderStrip(I)V+34
j  net.cubiness.Render.render()V+3
j  net.cubiness.Main.loop()V+12
j  net.cubiness.Main.main([Ljava/lang/String;)V+32
v  ~StubRoutines::call_stub

---------------  P R O C E S S  ---------------

Java Threads: ( => current thread )
  0x00007fbec00c4000 JavaThread "Service Thread" daemon [_thread_blocked, id=27684, stack(0x00007fbeab11c000,0x00007fbeab21d000)]
  0x00007fbec00c1000 JavaThread "C1 CompilerThread2" daemon [_thread_blocked, id=27683, stack(0x00007fbeab21d000,0x00007fbeab31e000)]
  0x00007fbec00bf000 JavaThread "C2 CompilerThread1" daemon [_thread_blocked, id=27682, stack(0x00007fbeab31e000,0x00007fbeab41f000)]
  0x00007fbec00bc000 JavaThread "C2 CompilerThread0" daemon [_thread_blocked, id=27681, stack(0x00007fbeab41f000,0x00007fbeab520000)]
  0x00007fbec00ba800 JavaThread "Signal Dispatcher" daemon [_thread_blocked, id=27680, stack(0x00007fbeab520000,0x00007fbeab621000)]
  0x00007fbec0087800 JavaThread "Finalizer" daemon [_thread_blocked, id=27679, stack(0x00007fbeab8f9000,0x00007fbeab9fa000)]
  0x00007fbec0083000 JavaThread "Reference Handler" daemon [_thread_blocked, id=27678, stack(0x00007fbeab9fa000,0x00007fbeabafb000)]
=>0x00007fbec000d800 JavaThread "main" [_thread_in_native, id=27668, stack(0x00007fbec920f000,0x00007fbec9310000)]

Other Threads:
  0x00007fbec007b000 VMThread [stack: 0x00007fbeabafb000,0x00007fbeabbfc000] [id=27677]
  0x00007fbec00c7000 WatcherThread [stack: 0x00007fbeab01b000,0x00007fbeab11c000] [id=27685]

VM state:not at safepoint (normal execution)

VM Mutex/Monitor currently owned by a thread: None

Heap:
 PSYoungGen      total 74752K, used 17172K [0x000000076cd80000, 0x0000000772080000, 0x00000007c0000000)
  eden space 64512K, 26% used [0x000000076cd80000,0x000000076de450a0,0x0000000770c80000)
  from space 10240K, 0% used [0x0000000771680000,0x0000000771680000,0x0000000772080000)
  to   space 10240K, 0% used [0x0000000770c80000,0x0000000770c80000,0x0000000771680000)
 ParOldGen       total 171008K, used 0K [0x00000006c6800000, 0x00000006d0f00000, 0x000000076cd80000)
  object space 171008K, 0% used [0x00000006c6800000,0x00000006c6800000,0x00000006d0f00000)
 Metaspace       used 7318K, capacity 7497K, committed 7680K, reserved 1056768K
  class space    used 676K, capacity 748K, committed 768K, reserved 1048576K

Card table byte_map: [0x00007fbec57f2000,0x00007fbec5fbf000] byte_map_base: 0x00007fbec21be000

Marking Bits: (ParMarkBitMap*) 0x00007fbec86e9c80
 Begin Bits: [0x00007fbe8c340000, 0x00007fbe901a0000)
 End Bits:   [0x00007fbe901a0000, 0x00007fbe94000000)

Polling page: 0x00007fbec933a000

CodeCache: size=245760Kb used=2786Kb max_used=2786Kb free=242973Kb
 bounds [0x00007fbeb1000000, 0x00007fbeb12c0000, 0x00007fbec0000000]
 total_blobs=1404 nmethods=640 adapters=678
 compilation: enabled

Compilation events (10 events):
Event: 0.340 Thread 0x00007fbec00c1000 nmethod 625 0x00007fbeb12aee90 code [0x00007fbeb12af480, 0x00007fbeb12b2178]
Event: 0.340 Thread 0x00007fbec00c1000  639       3       org.lwjgl.system.MemoryAccess$MemoryAccessorUnsafe::memPutAddress (9 bytes)
Event: 0.340 Thread 0x00007fbec00c1000 nmethod 639 0x00007fbeb12b3990 code [0x00007fbeb12b3b00, 0x00007fbeb12b3d08]
Event: 0.340 Thread 0x00007fbec00c1000  626       3       sun.reflect.UnsafeFieldAccessorImpl::<init> (56 bytes)
Event: 0.340 Thread 0x00007fbec00c1000 nmethod 626 0x00007fbeb12b3dd0 code [0x00007fbeb12b3f80, 0x00007fbeb12b46b8]
Event: 0.340 Thread 0x00007fbec00c1000  627       3       sun.reflect.FieldAccessorImpl::<init> (5 bytes)
Event: 0.341 Thread 0x00007fbec00c1000 nmethod 627 0x00007fbeb12b4890 code [0x00007fbeb12b4a00, 0x00007fbeb12b4c10]
Event: 0.341 Thread 0x00007fbec00c1000  630       3       java.lang.reflect.Field::getLong (51 bytes)
Event: 0.341 Thread 0x00007fbec00c1000 nmethod 630 0x00007fbeb12b4d10 code [0x00007fbeb12b4ee0, 0x00007fbeb12b5528]
Event: 0.341 Thread 0x00007fbec00c1000  631       3       sun.reflect.UnsafeQualifiedLongFieldAccessorImpl::<init> (7 bytes)

GC Heap History (0 events):
No events

Deoptimization events (1 events):
Event: 0.126 Thread 0x00007fbec000d800 Uncommon trap: reason=unstable_if action=reinterpret pc=0x00007fbeb11a7338 method=java.lang.String.indexOf([CII[CIII)I @ 134

Internal exceptions (10 events):
Event: 0.018 Thread 0x00007fbec000d800 Exception <a 'java/lang/NoSuchMethodError': Method sun.misc.Unsafe.defineClass(Ljava/lang/String;[BII)Ljava/lang/Class; name or signature does not match> (0x000000076cd87ca8) thrown at [/HUDSON3/workspace/8-2-build-linux-amd64/jdk8u121/8372/hotspot/src/sh
Event: 0.018 Thread 0x00007fbec000d800 Exception <a 'java/lang/NoSuchMethodError': Method sun.misc.Unsafe.prefetchRead(Ljava/lang/Object;J)V name or signature does not match> (0x000000076cd87f90) thrown at [/HUDSON3/workspace/8-2-build-linux-amd64/jdk8u121/8372/hotspot/src/share/vm/prims/jni.c
Event: 0.104 Thread 0x00007fbec000d800 Exception <a 'java/lang/NoSuchMethodError': java.lang.Object.lambda$static$0(Ljava/lang/String;)Ljava/lang/Boolean;> (0x000000076d1e8d70) thrown at [/HUDSON3/workspace/8-2-build-linux-amd64/jdk8u121/8372/hotspot/src/share/vm/interpreter/linkResolver.cpp, 
Event: 0.113 Thread 0x00007fbec000d800 Exception <a 'java/lang/NoSuchFieldError': method resolution failed> (0x000000076d260e40) thrown at [/HUDSON3/workspace/8-2-build-linux-amd64/jdk8u121/8372/hotspot/src/share/vm/prims/methodHandles.cpp, line 1146]
Event: 0.114 Thread 0x00007fbec000d800 Exception <a 'java/lang/NoSuchFieldError': method resolution failed> (0x000000076d26e1c0) thrown at [/HUDSON3/workspace/8-2-build-linux-amd64/jdk8u121/8372/hotspot/src/share/vm/prims/methodHandles.cpp, line 1146]
Event: 0.125 Thread 0x00007fbec000d800 Exception <a 'java/security/PrivilegedActionException'> (0x000000076d2ff528) thrown at [/HUDSON3/workspace/8-2-build-linux-amd64/jdk8u121/8372/hotspot/src/share/vm/prims/jvm.cpp, line 1390]
Event: 0.125 Thread 0x00007fbec000d800 Exception <a 'java/security/PrivilegedActionException'> (0x000000076d2ff738) thrown at [/HUDSON3/workspace/8-2-build-linux-amd64/jdk8u121/8372/hotspot/src/share/vm/prims/jvm.cpp, line 1390]
Event: 0.125 Thread 0x00007fbec000d800 Exception <a 'java/security/PrivilegedActionException'> (0x000000076d301c60) thrown at [/HUDSON3/workspace/8-2-build-linux-amd64/jdk8u121/8372/hotspot/src/share/vm/prims/jvm.cpp, line 1390]
Event: 0.125 Thread 0x00007fbec000d800 Exception <a 'java/security/PrivilegedActionException'> (0x000000076d301e70) thrown at [/HUDSON3/workspace/8-2-build-linux-amd64/jdk8u121/8372/hotspot/src/share/vm/prims/jvm.cpp, line 1390]
Event: 0.216 Thread 0x00007fbec000d800 Exception <a 'sun/nio/fs/UnixException'> (0x000000076d73ccb8) thrown at [/HUDSON3/workspace/8-2-build-linux-amd64/jdk8u121/8372/hotspot/src/share/vm/prims/jni.cpp, line 709]

Events (10 events):
Event: 0.337 loading class java/util/stream/ReduceOps$Box done
Event: 0.337 loading class java/util/stream/ReduceOps$3ReducingSink done
Event: 0.337 loading class java/util/stream/ReferencePipeline$2$1
Event: 0.337 loading class java/util/stream/Sink$ChainedReference
Event: 0.337 loading class java/util/stream/Sink$ChainedReference done
Event: 0.337 loading class java/util/stream/ReferencePipeline$2$1 done
Event: 0.337 loading class sun/reflect/UnsafeQualifiedLongFieldAccessorImpl
Event: 0.338 loading class sun/reflect/UnsafeQualifiedFieldAccessorImpl
Event: 0.338 loading class sun/reflect/UnsafeQualifiedFieldAccessorImpl done
Event: 0.338 loading class sun/reflect/UnsafeQualifiedLongFieldAccessorImpl done


Dynamic libraries:
00400000-00401000 r-xp 00000000 fd:00 3287279                            /home/macmv/bin/jdk1.8.0_121/bin/java
00600000-00601000 rw-p 00000000 fd:00 3287279                            /home/macmv/bin/jdk1.8.0_121/bin/java
010b7000-010d8000 rw-p 00000000 00:00 0                                  [heap]
6c6800000-6d0f00000 rw-p 00000000 00:00 0 
6d0f00000-76cd80000 ---p 00000000 00:00 0 
76cd80000-772080000 rw-p 00000000 00:00 0 
772080000-7c0000000 ---p 00000000 00:00 0 
7c0000000-7c00c0000 rw-p 00000000 00:00 0 
7c00c0000-800000000 ---p 00000000 00:00 0 
7fbe68000000-7fbe68021000 rw-p 00000000 00:00 0 
7fbe68021000-7fbe6c000000 ---p 00000000 00:00 0 
7fbe70000000-7fbe7017b000 rw-p 00000000 00:00 0 
7fbe7017b000-7fbe74000000 ---p 00000000 00:00 0 
7fbe74000000-7fbe74021000 rw-p 00000000 00:00 0 
7fbe74021000-7fbe78000000 ---p 00000000 00:00 0 
7fbe78000000-7fbe78129000 rw-p 00000000 00:00 0 
7fbe78129000-7fbe7c000000 ---p 00000000 00:00 0 
7fbe7c000000-7fbe7c1e6000 rw-p 00000000 00:00 0 
7fbe7c1e6000-7fbe80000000 ---p 00000000 00:00 0 
7fbe80000000-7fbe80021000 rw-p 00000000 00:00 0 
7fbe80021000-7fbe84000000 ---p 00000000 00:00 0 
7fbe84000000-7fbe84021000 rw-p 00000000 00:00 0 
7fbe84021000-7fbe88000000 ---p 00000000 00:00 0 
7fbe88000000-7fbe88021000 rw-p 00000000 00:00 0 
7fbe88021000-7fbe8c000000 ---p 00000000 00:00 0 
7fbe8c340000-7fbe94000000 rw-p 00000000 00:00 0 
7fbe94000000-7fbe94021000 rw-p 00000000 00:00 0 
7fbe94021000-7fbe98000000 ---p 00000000 00:00 0 
7fbe98000000-7fbe98021000 rw-p 00000000 00:00 0 
7fbe98021000-7fbe9c000000 ---p 00000000 00:00 0 
7fbe9c000000-7fbe9c021000 rw-p 00000000 00:00 0 
7fbe9c021000-7fbea0000000 ---p 00000000 00:00 0 
7fbea08d3000-7fbea093c000 r-xp 00000000 fd:00 10486112                   /tmp/lwjglmacmv/3.1.2-build-29/liblwjgl_opengl.so
7fbea093c000-7fbea0b3b000 ---p 00069000 fd:00 10486112                   /tmp/lwjglmacmv/3.1.2-build-29/liblwjgl_opengl.so
7fbea0b3b000-7fbea0b3c000 r--p 00068000 fd:00 10486112                   /tmp/lwjglmacmv/3.1.2-build-29/liblwjgl_opengl.so
7fbea0b3c000-7fbea0b3d000 rw-p 00069000 fd:00 10486112                   /tmp/lwjglmacmv/3.1.2-build-29/liblwjgl_opengl.so
7fbea0b3d000-7fbea0b74000 r-xp 00000000 fd:00 1713277                    /usr/lib/x86_64-linux-gnu/libtxc_dxtn_s2tc.so.0.0.0
7fbea0b74000-7fbea0d73000 ---p 00037000 fd:00 1713277                    /usr/lib/x86_64-linux-gnu/libtxc_dxtn_s2tc.so.0.0.0
7fbea0d73000-7fbea0d74000 r--p 00036000 fd:00 1713277                    /usr/lib/x86_64-linux-gnu/libtxc_dxtn_s2tc.so.0.0.0
7fbea0d74000-7fbea0d75000 rw-p 00037000 fd:00 1713277                    /usr/lib/x86_64-linux-gnu/libtxc_dxtn_s2tc.so.0.0.0
7fbea0d75000-7fbea0d8e000 r-xp 00000000 fd:00 791014                     /lib/x86_64-linux-gnu/libz.so.1.2.8
7fbea0d8e000-7fbea0f8d000 ---p 00019000 fd:00 791014                     /lib/x86_64-linux-gnu/libz.so.1.2.8
7fbea0f8d000-7fbea0f8e000 r--p 00018000 fd:00 791014                     /lib/x86_64-linux-gnu/libz.so.1.2.8
7fbea0f8e000-7fbea0f8f000 rw-p 00019000 fd:00 791014                     /lib/x86_64-linux-gnu/libz.so.1.2.8
7fbea0f8f000-7fbea0f97000 r-xp 00000000 fd:00 1713033                    /usr/lib/x86_64-linux-gnu/libpciaccess.so.0.11.1
7fbea0f97000-7fbea1197000 ---p 00008000 fd:00 1713033                    /usr/lib/x86_64-linux-gnu/libpciaccess.so.0.11.1
7fbea1197000-7fbea1198000 r--p 00008000 fd:00 1713033                    /usr/lib/x86_64-linux-gnu/libpciaccess.so.0.11.1
7fbea1198000-7fbea1199000 rw-p 00009000 fd:00 1713033                    /usr/lib/x86_64-linux-gnu/libpciaccess.so.0.11.1
7fbea1199000-7fbea11ab000 r-xp 00000000 fd:00 791034                     /lib/x86_64-linux-gnu/libgpg-error.so.0.17.0
7fbea11ab000-7fbea13ab000 ---p 00012000 fd:00 791034                     /lib/x86_64-linux-gnu/libgpg-error.so.0.17.0
7fbea13ab000-7fbea13ac000 r--p 00012000 fd:00 791034                     /lib/x86_64-linux-gnu/libgpg-error.so.0.17.0
7fbea13ac000-7fbea13ad000 rw-p 00013000 fd:00 791034                     /lib/x86_64-linux-gnu/libgpg-error.so.0.17.0
7fbea13ad000-7fbea151f000 r-xp 00000000 fd:00 1713227                    /usr/lib/x86_64-linux-gnu/libstdc++.so.6.0.21
7fbea151f000-7fbea171f000 ---p 00172000 fd:00 1713227                    /usr/lib/x86_64-linux-gnu/libstdc++.so.6.0.21
7fbea171f000-7fbea1729000 r--p 00172000 fd:00 1713227                    /usr/lib/x86_64-linux-gnu/libstdc++.so.6.0.21
7fbea1729000-7fbea172b000 rw-p 0017c000 fd:00 1713227                    /usr/lib/x86_64-linux-gnu/libstdc++.so.6.0.21
7fbea172b000-7fbea172f000 rw-p 00000000 00:00 0 
7fbea172f000-7fbea173a000 r-xp 00000000 fd:00 1712382                    /usr/lib/x86_64-linux-gnu/libdrm_radeon.so.1.0.1
7fbea173a000-7fbea1939000 ---p 0000b000 fd:00 1712382                    /usr/lib/x86_64-linux-gnu/libdrm_radeon.so.1.0.1
7fbea1939000-7fbea193a000 r--p 0000a000 fd:00 1712382                    /usr/lib/x86_64-linux-gnu/libdrm_radeon.so.1.0.1
7fbea193a000-7fbea193b000 rw-p 0000b000 fd:00 1712382                    /usr/lib/x86_64-linux-gnu/libdrm_radeon.so.1.0.1
7fbea193b000-7fbea1942000 r-xp 00000000 fd:00 1712380                    /usr/lib/x86_64-linux-gnu/libdrm_nouveau.so.2.0.0
7fbea1942000-7fbea1b41000 ---p 00007000 fd:00 1712380                    /usr/lib/x86_64-linux-gnu/libdrm_nouveau.so.2.0.0
7fbea1b41000-7fbea1b42000 r--p 00006000 fd:00 1712380                    /usr/lib/x86_64-linux-gnu/libdrm_nouveau.so.2.0.0
7fbea1b42000-7fbea1b43000 rw-p 00007000 fd:00 1712380                    /usr/lib/x86_64-linux-gnu/libdrm_nouveau.so.2.0.0
7fbea1b43000-7fbea1b63000 r-xp 00000000 fd:00 1712378                    /usr/lib/x86_64-linux-gnu/libdrm_intel.so.1.0.0
7fbea1b63000-7fbea1d62000 ---p 00020000 fd:00 1712378                    /usr/lib/x86_64-linux-gnu/libdrm_intel.so.1.0.0
7fbea1d62000-7fbea1d63000 r--p 0001f000 fd:00 1712378                    /usr/lib/x86_64-linux-gnu/libdrm_intel.so.1.0.0
7fbea1d63000-7fbea1d64000 rw-p 00020000 fd:00 1712378                    /usr/lib/x86_64-linux-gnu/libdrm_intel.so.1.0.0
7fbea1d64000-7fbea1e3c000 r-xp 00000000 fd:00 786446                     /lib/x86_64-linux-gnu/libgcrypt.so.20.0.5
7fbea1e3c000-7fbea203b000 ---p 000d8000 fd:00 786446                     /lib/x86_64-linux-gnu/libgcrypt.so.20.0.5
7fbea203b000-7fbea203c000 r--p 000d7000 fd:00 786446                     /lib/x86_64-linux-gnu/libgcrypt.so.20.0.5
7fbea203c000-7fbea2044000 rw-p 000d8000 fd:00 786446                     /lib/x86_64-linux-gnu/libgcrypt.so.20.0.5
7fbea2044000-7fbea2045000 rw-p 00000000 00:00 0 
7fbea2045000-7fbea26a5000 r-xp 00000000 fd:00 1968700                    /usr/lib/x86_64-linux-gnu/dri/i965_dri.so
7fbea26a5000-7fbea28a5000 ---p 00660000 fd:00 1968700                    /usr/lib/x86_64-linux-gnu/dri/i965_dri.so
7fbea28a5000-7fbea28e4000 r--p 00660000 fd:00 1968700                    /usr/lib/x86_64-linux-gnu/dri/i965_dri.so
7fbea28e4000-7fbea28ec000 rw-p 0069f000 fd:00 1968700                    /usr/lib/x86_64-linux-gnu/dri/i965_dri.so
7fbea28ec000-7fbea28f4000 rw-p 00000000 00:00 0 
7fbea28f4000-7fbea2902000 r-xp 00000000 fd:00 1712374                    /usr/lib/x86_64-linux-gnu/libdrm.so.2.4.0
7fbea2902000-7fbea2b01000 ---p 0000e000 fd:00 1712374                    /usr/lib/x86_64-linux-gnu/libdrm.so.2.4.0
7fbea2b01000-7fbea2b02000 r--p 0000d000 fd:00 1712374                    /usr/lib/x86_64-linux-gnu/libdrm.so.2.4.0
7fbea2b02000-7fbea2b03000 rw-p 0000e000 fd:00 1712374                    /usr/lib/x86_64-linux-gnu/libdrm.so.2.4.0
7fbea2b03000-7fbea2b07000 r-xp 00000000 fd:00 1713444                    /usr/lib/x86_64-linux-gnu/libxcb-dri2.so.0.0.0
7fbea2b07000-7fbea2d06000 ---p 00004000 fd:00 1713444                    /usr/lib/x86_64-linux-gnu/libxcb-dri2.so.0.0.0
7fbea2d06000-7fbea2d07000 r--p 00003000 fd:00 1713444                    /usr/lib/x86_64-linux-gnu/libxcb-dri2.so.0.0.0
7fbea2d07000-7fbea2d08000 rw-p 00004000 fd:00 1713444                    /usr/lib/x86_64-linux-gnu/libxcb-dri2.so.0.0.0
7fbea2d08000-7fbea2d1f000 r-xp 00000000 fd:00 1713448                    /usr/lib/x86_64-linux-gnu/libxcb-glx.so.0.0.0
7fbea2d1f000-7fbea2f1e000 ---p 00017000 fd:00 1713448                    /usr/lib/x86_64-linux-gnu/libxcb-glx.so.0.0.0
7fbea2f1e000-7fbea2f20000 r--p 00016000 fd:00 1713448                    /usr/lib/x86_64-linux-gnu/libxcb-glx.so.0.0.0
7fbea2f20000-7fbea2f21000 rw-p 00018000 fd:00 1713448                    /usr/lib/x86_64-linux-gnu/libxcb-glx.so.0.0.0
7fbea2f21000-7fbea2f23000 r-xp 00000000 fd:00 1712076                    /usr/lib/x86_64-linux-gnu/libXdamage.so.1.1.0
7fbea2f23000-7fbea3122000 ---p 00002000 fd:00 1712076                    /usr/lib/x86_64-linux-gnu/libXdamage.so.1.1.0
7fbea3122000-7fbea3123000 r--p 00001000 fd:00 1712076                    /usr/lib/x86_64-linux-gnu/libXdamage.so.1.1.0
7fbea3123000-7fbea3124000 rw-p 00002000 fd:00 1712076                    /usr/lib/x86_64-linux-gnu/libXdamage.so.1.1.0
7fbea3124000-7fbea314d000 r-xp 00000000 fd:00 1712575                    /usr/lib/x86_64-linux-gnu/libglapi.so.0.0.0
7fbea314d000-7fbea334d000 ---p 00029000 fd:00 1712575                    /usr/lib/x86_64-linux-gnu/libglapi.so.0.0.0
7fbea334d000-7fbea3351000 r--p 00029000 fd:00 1712575                    /usr/lib/x86_64-linux-gnu/libglapi.so.0.0.0
7fbea3351000-7fbea3352000 rw-p 0002d000 fd:00 1712575                    /usr/lib/x86_64-linux-gnu/libglapi.so.0.0.0
7fbea3352000-7fbea3353000 rw-p 00000000 00:00 0 
7fbea3353000-7fbea3354000 r-xp 00000000 fd:00 1713488                    /usr/lib/x86_64-linux-gnu/libxshmfence.so.1.0.0
7fbea3354000-7fbea3554000 ---p 00001000 fd:00 1713488                    /usr/lib/x86_64-linux-gnu/libxshmfence.so.1.0.0
7fbea3554000-7fbea3555000 r--p 00001000 fd:00 1713488                    /usr/lib/x86_64-linux-gnu/libxshmfence.so.1.0.0
7fbea3555000-7fbea3556000 rw-p 00002000 fd:00 1713488                    /usr/lib/x86_64-linux-gnu/libxshmfence.so.1.0.0
7fbea3556000-7fbea355b000 r-xp 00000000 fd:00 1713468                    /usr/lib/x86_64-linux-gnu/libxcb-sync.so.1.0.0
7fbea355b000-7fbea375b000 ---p 00005000 fd:00 1713468                    /usr/lib/x86_64-linux-gnu/libxcb-sync.so.1.0.0
7fbea375b000-7fbea375c000 r--p 00005000 fd:00 1713468                    /usr/lib/x86_64-linux-gnu/libxcb-sync.so.1.0.0
7fbea375c000-7fbea375d000 rw-p 00006000 fd:00 1713468                    /usr/lib/x86_64-linux-gnu/libxcb-sync.so.1.0.0
7fbea375d000-7fbea375f000 r-xp 00000000 fd:00 1713456                    /usr/lib/x86_64-linux-gnu/libxcb-present.so.0.0.0
7fbea375f000-7fbea395e000 ---p 00002000 fd:00 1713456                    /usr/lib/x86_64-linux-gnu/libxcb-present.so.0.0.0
7fbea395e000-7fbea395f000 r--p 00001000 fd:00 1713456                    /usr/lib/x86_64-linux-gnu/libxcb-present.so.0.0.0
7fbea395f000-7fbea3960000 rw-p 00002000 fd:00 1713456                    /usr/lib/x86_64-linux-gnu/libxcb-present.so.0.0.0
7fbea3960000-7fbea3962000 r-xp 00000000 fd:00 1713446                    /usr/lib/x86_64-linux-gnu/libxcb-dri3.so.0.0.0
7fbea3962000-7fbea3b61000 ---p 00002000 fd:00 1713446                    /usr/lib/x86_64-linux-gnu/libxcb-dri3.so.0.0.0
7fbea3b61000-7fbea3b62000 r--p 00001000 fd:00 1713446                    /usr/lib/x86_64-linux-gnu/libxcb-dri3.so.0.0.0
7fbea3b62000-7fbea3b63000 rw-p 00002000 fd:00 1713446                    /usr/lib/x86_64-linux-gnu/libxcb-dri3.so.0.0.0
7fbea3b63000-7fbea3b89000 r-xp 00000000 fd:00 786603                     /lib/x86_64-linux-gnu/libexpat.so.1.6.0
7fbea3b89000-7fbea3d89000 ---p 00026000 fd:00 786603                     /lib/x86_64-linux-gnu/libexpat.so.1.6.0
7fbea3d89000-7fbea3d8b000 r--p 00026000 fd:00 786603                     /lib/x86_64-linux-gnu/libexpat.so.1.6.0
7fbea3d8b000-7fbea3d8c000 rw-p 00028000 fd:00 786603                     /lib/x86_64-linux-gnu/libexpat.so.1.6.0
7fbea3d8c000-7fbea3dfc000 r-xp 00000000 fd:00 1969676                    /usr/lib/x86_64-linux-gnu/mesa/libGL.so.1.2.0
7fbea3dfc000-7fbea3ffb000 ---p 00070000 fd:00 1969676                    /usr/lib/x86_64-linux-gnu/mesa/libGL.so.1.2.0
7fbea3ffb000-7fbea3ffe000 r--p 0006f000 fd:00 1969676                    /usr/lib/x86_64-linux-gnu/mesa/libGL.so.1.2.0
7fbea3ffe000-7fbea3fff000 rw-p 00072000 fd:00 1969676                    /usr/lib/x86_64-linux-gnu/mesa/libGL.so.1.2.0
7fbea3fff000-7fbea4000000 rw-p 00000000 00:00 0 
7fbea4000000-7fbea4021000 rw-p 00000000 00:00 0 
7fbea4021000-7fbea8000000 ---p 00000000 00:00 0 
7fbea8026000-7fbea8027000 r-xp 00000000 fd:00 1712061                    /usr/lib/x86_64-linux-gnu/libX11-xcb.so.1.0.0
7fbea8027000-7fbea8226000 ---p 00001000 fd:00 1712061                    /usr/lib/x86_64-linux-gnu/libX11-xcb.so.1.0.0
7fbea8226000-7fbea8227000 r--p 00000000 fd:00 1712061                    /usr/lib/x86_64-linux-gnu/libX11-xcb.so.1.0.0
7fbea8227000-7fbea8228000 rw-p 00001000 fd:00 1712061                    /usr/lib/x86_64-linux-gnu/libX11-xcb.so.1.0.0
7fbea8228000-7fbea8237000 r-xp 00000000 fd:00 1712088                    /usr/lib/x86_64-linux-gnu/libXi.so.6.1.0
7fbea8237000-7fbea8436000 ---p 0000f000 fd:00 1712088                    /usr/lib/x86_64-linux-gnu/libXi.so.6.1.0
7fbea8436000-7fbea8437000 r--p 0000e000 fd:00 1712088                    /usr/lib/x86_64-linux-gnu/libXi.so.6.1.0
7fbea8437000-7fbea8438000 rw-p 0000f000 fd:00 1712088                    /usr/lib/x86_64-linux-gnu/libXi.so.6.1.0
7fbea8438000-7fbea843d000 r-xp 00000000 fd:00 1712116                    /usr/lib/x86_64-linux-gnu/libXxf86vm.so.1.0.0
7fbea843d000-7fbea863c000 ---p 00005000 fd:00 1712116                    /usr/lib/x86_64-linux-gnu/libXxf86vm.so.1.0.0
7fbea863c000-7fbea863d000 r--p 00004000 fd:00 1712116                    /usr/lib/x86_64-linux-gnu/libXxf86vm.so.1.0.0
7fbea863d000-7fbea863e000 rw-p 00005000 fd:00 1712116                    /usr/lib/x86_64-linux-gnu/libXxf86vm.so.1.0.0
7fbea863e000-7fbea8643000 r-xp 00000000 fd:00 1712078                    /usr/lib/x86_64-linux-gnu/libXdmcp.so.6.0.0
7fbea8643000-7fbea8842000 ---p 00005000 fd:00 1712078                    /usr/lib/x86_64-linux-gnu/libXdmcp.so.6.0.0
7fbea8842000-7fbea8843000 r--p 00004000 fd:00 1712078                    /usr/lib/x86_64-linux-gnu/libXdmcp.so.6.0.0
7fbea8843000-7fbea8844000 rw-p 00005000 fd:00 1712078                    /usr/lib/x86_64-linux-gnu/libXdmcp.so.6.0.0
7fbea8844000-7fbea8846000 r-xp 00000000 fd:00 1712067                    /usr/lib/x86_64-linux-gnu/libXau.so.6.0.0
7fbea8846000-7fbea8a46000 ---p 00002000 fd:00 1712067                    /usr/lib/x86_64-linux-gnu/libXau.so.6.0.0
7fbea8a46000-7fbea8a47000 r--p 00002000 fd:00 1712067                    /usr/lib/x86_64-linux-gnu/libXau.so.6.0.0
7fbea8a47000-7fbea8a48000 rw-p 00003000 fd:00 1712067                    /usr/lib/x86_64-linux-gnu/libXau.so.6.0.0
7fbea8a48000-7fbea8a4d000 r-xp 00000000 fd:00 1712082                    /usr/lib/x86_64-linux-gnu/libXfixes.so.3.1.0
7fbea8a4d000-7fbea8c4c000 ---p 00005000 fd:00 1712082                    /usr/lib/x86_64-linux-gnu/libXfixes.so.3.1.0
7fbea8c4c000-7fbea8c4d000 r--p 00004000 fd:00 1712082                    /usr/lib/x86_64-linux-gnu/libXfixes.so.3.1.0
7fbea8c4d000-7fbea8c4e000 rw-p 00005000 fd:00 1712082                    /usr/lib/x86_64-linux-gnu/libXfixes.so.3.1.0
7fbea8c4e000-7fbea8c57000 r-xp 00000000 fd:00 1712100                    /usr/lib/x86_64-linux-gnu/libXrender.so.1.3.0
7fbea8c57000-7fbea8e56000 ---p 00009000 fd:00 1712100                    /usr/lib/x86_64-linux-gnu/libXrender.so.1.3.0
7fbea8e56000-7fbea8e57000 r--p 00008000 fd:00 1712100                    /usr/lib/x86_64-linux-gnu/libXrender.so.1.3.0
7fbea8e57000-7fbea8e58000 rw-p 00009000 fd:00 1712100                    /usr/lib/x86_64-linux-gnu/libXrender.so.1.3.0
7fbea8e58000-7fbea8e69000 r-xp 00000000 fd:00 1712080                    /usr/lib/x86_64-linux-gnu/libXext.so.6.4.0
7fbea8e69000-7fbea9068000 ---p 00011000 fd:00 1712080                    /usr/lib/x86_64-linux-gnu/libXext.so.6.4.0
7fbea9068000-7fbea9069000 r--p 00010000 fd:00 1712080                    /usr/lib/x86_64-linux-gnu/libXext.so.6.4.0
7fbea9069000-7fbea906a000 rw-p 00011000 fd:00 1712080                    /usr/lib/x86_64-linux-gnu/libXext.so.6.4.0
7fbea906a000-7fbea908b000 r-xp 00000000 fd:00 1713476                    /usr/lib/x86_64-linux-gnu/libxcb.so.1.1.0
7fbea908b000-7fbea928a000 ---p 00021000 fd:00 1713476                    /usr/lib/x86_64-linux-gnu/libxcb.so.1.1.0
7fbea928a000-7fbea928b000 r--p 00020000 fd:00 1713476                    /usr/lib/x86_64-linux-gnu/libxcb.so.1.1.0
7fbea928b000-7fbea928c000 rw-p 00021000 fd:00 1713476                    /usr/lib/x86_64-linux-gnu/libxcb.so.1.1.0
7fbea928c000-7fbea9295000 r-xp 00000000 fd:00 1712074                    /usr/lib/x86_64-linux-gnu/libXcursor.so.1.0.2
7fbea9295000-7fbea9494000 ---p 00009000 fd:00 1712074                    /usr/lib/x86_64-linux-gnu/libXcursor.so.1.0.2
7fbea9494000-7fbea9495000 r--p 00008000 fd:00 1712074                    /usr/lib/x86_64-linux-gnu/libXcursor.so.1.0.2
7fbea9495000-7fbea9496000 rw-p 00009000 fd:00 1712074                    /usr/lib/x86_64-linux-gnu/libXcursor.so.1.0.2
7fbea9496000-7fbea9498000 r-xp 00000000 fd:00 1712090                    /usr/lib/x86_64-linux-gnu/libXinerama.so.1.0.0
7fbea9498000-7fbea9697000 ---p 00002000 fd:00 1712090                    /usr/lib/x86_64-linux-gnu/libXinerama.so.1.0.0
7fbea9697000-7fbea9698000 r--p 00001000 fd:00 1712090                    /usr/lib/x86_64-linux-gnu/libXinerama.so.1.0.0
7fbea9698000-7fbea9699000 rw-p 00002000 fd:00 1712090                    /usr/lib/x86_64-linux-gnu/libXinerama.so.1.0.0
7fbea9699000-7fbea96a3000 r-xp 00000000 fd:00 1712098                    /usr/lib/x86_64-linux-gnu/libXrandr.so.2.2.0
7fbea96a3000-7fbea98a2000 ---p 0000a000 fd:00 1712098                    /usr/lib/x86_64-linux-gnu/libXrandr.so.2.2.0
7fbea98a2000-7fbea98a3000 r--p 00009000 fd:00 1712098                    /usr/lib/x86_64-linux-gnu/libXrandr.so.2.2.0
7fbea98a3000-7fbea98a4000 rw-p 0000a000 fd:00 1712098                    /usr/lib/x86_64-linux-gnu/libXrandr.so.2.2.0
7fbea98a4000-7fbea99d9000 r-xp 00000000 fd:00 1712063                    /usr/lib/x86_64-linux-gnu/libX11.so.6.3.0
7fbea99d9000-7fbea9bd9000 ---p 00135000 fd:00 1712063                    /usr/lib/x86_64-linux-gnu/libX11.so.6.3.0
7fbea9bd9000-7fbea9bda000 r--p 00135000 fd:00 1712063                    /usr/lib/x86_64-linux-gnu/libX11.so.6.3.0
7fbea9bda000-7fbea9bde000 rw-p 00136000 fd:00 1712063                    /usr/lib/x86_64-linux-gnu/libX11.so.6.3.0
7fbea9bde000-7fbea9bfe000 r-xp 00000000 fd:00 10486109                   /tmp/lwjglmacmv/3.1.2-build-29/libglfw.so
7fbea9bfe000-7fbea9dfd000 ---p 00020000 fd:00 10486109                   /tmp/lwjglmacmv/3.1.2-build-29/libglfw.so
7fbea9dfd000-7fbea9dfe000 r--p 0001f000 fd:00 10486109                   /tmp/lwjglmacmv/3.1.2-build-29/libglfw.so
7fbea9dfe000-7fbea9dff000 rw-p 00020000 fd:00 10486109                   /tmp/lwjglmacmv/3.1.2-build-29/libglfw.so
7fbea9dff000-7fbea9e00000 rw-p 00000000 00:00 0 
7fbea9e00000-7fbeaa000000 rw-p 00000000 00:00 0 
7fbeaa121000-7fbeaa181000 rw-s 105d5d000 00:06 12940                     /dev/dri/card0
7fbeaa181000-7fbeaa19f000 r-xp 00000000 fd:00 790928                     /lib/x86_64-linux-gnu/libudev.so.1.6.4
7fbeaa19f000-7fbeaa1a0000 r--p 0001d000 fd:00 790928                     /lib/x86_64-linux-gnu/libudev.so.1.6.4
7fbeaa1a0000-7fbeaa1a1000 rw-p 0001e000 fd:00 790928                     /lib/x86_64-linux-gnu/libudev.so.1.6.4
7fbeaa1c8000-7fbeaa203000 r-xp 00000000 fd:00 10486106                   /tmp/lwjglmacmv/3.1.2-build-29/libjemalloc.so
7fbeaa203000-7fbeaa402000 ---p 0003b000 fd:00 10486106                   /tmp/lwjglmacmv/3.1.2-build-29/libjemalloc.so
7fbeaa402000-7fbeaa405000 r--p 0003a000 fd:00 10486106                   /tmp/lwjglmacmv/3.1.2-build-29/libjemalloc.so
7fbeaa405000-7fbeaa406000 rw-p 0003d000 fd:00 10486106                   /tmp/lwjglmacmv/3.1.2-build-29/libjemalloc.so
7fbeaa406000-7fbeaa407000 rw-p 00000000 00:00 0 
7fbeaa407000-7fbeaa41d000 r-xp 00000000 fd:00 791028                     /lib/x86_64-linux-gnu/libgcc_s.so.1
7fbeaa41d000-7fbeaa61c000 ---p 00016000 fd:00 791028                     /lib/x86_64-linux-gnu/libgcc_s.so.1
7fbeaa61c000-7fbeaa61d000 rw-p 00015000 fd:00 791028                     /lib/x86_64-linux-gnu/libgcc_s.so.1
7fbeaa625000-7fbeaa626000 rwxp 00000000 00:00 0 
7fbeaa626000-7fbeaa627000 r-xp 00000000 00:00 0 
7fbeaa627000-7fbeaa62f000 rw-s 00000000 00:05 95058                      /drm mm object (deleted)
7fbeaa62f000-7fbeaa630000 rw-s 00000000 00:05 95050                      /memfd:xshmfence (deleted)
7fbeaa630000-7fbeaa631000 rw-s 105cfb000 00:06 12940                     /dev/dri/card0
7fbeaa631000-7fbeaa639000 rw-s 00000000 00:05 95046                      /drm mm object (deleted)
7fbeaa639000-7fbeaa640000 r--s 00000000 fd:00 1976491                    /usr/lib/x86_64-linux-gnu/gconv/gconv-modules.cache
7fbeaa640000-7fbeaa641000 r-xp 00000000 00:00 0 
7fbeaa641000-7fbeaa644000 r--s 00015000 fd:00 3070046                    /home/macmv/Desktop/Bit Platformer/EternalCaves/lib/jars/slick-util.jar
7fbeaa644000-7fbeaa694000 r-xp 00000000 fd:00 10486105                   /tmp/lwjglmacmv/3.1.2-build-29/liblwjgl.so
7fbeaa694000-7fbeaa893000 ---p 00050000 fd:00 10486105                   /tmp/lwjglmacmv/3.1.2-build-29/liblwjgl.so
7fbeaa893000-7fbeaa894000 r--p 0004f000 fd:00 10486105                   /tmp/lwjglmacmv/3.1.2-build-29/liblwjgl.so
7fbeaa894000-7fbeaa895000 rw-p 00050000 fd:00 10486105                   /tmp/lwjglmacmv/3.1.2-build-29/liblwjgl.so
7fbeaa895000-7fbeaab96000 rw-p 00000000 00:00 0 
7fbeaab96000-7fbeaabac000 r-xp 00000000 fd:00 3413368                    /home/macmv/bin/jdk1.8.0_121/jre/lib/amd64/libnet.so
7fbeaabac000-7fbeaadac000 ---p 00016000 fd:00 3413368                    /home/macmv/bin/jdk1.8.0_121/jre/lib/amd64/libnet.so
7fbeaadac000-7fbeaadad000 rw-p 00016000 fd:00 3413368                    /home/macmv/bin/jdk1.8.0_121/jre/lib/amd64/libnet.so
7fbeaadad000-7fbeaadbe000 r-xp 00000000 fd:00 3416836                    /home/macmv/bin/jdk1.8.0_121/jre/lib/amd64/libnio.so
7fbeaadbe000-7fbeaafbd000 ---p 00011000 fd:00 3416836                    /home/macmv/bin/jdk1.8.0_121/jre/lib/amd64/libnio.so
7fbeaafbd000-7fbeaafbe000 rw-p 00010000 fd:00 3416836                    /home/macmv/bin/jdk1.8.0_121/jre/lib/amd64/libnio.so
7fbeaafbe000-7fbeaafd1000 r--s 00345000 fd:00 3287366                    /home/macmv/bin/jdk1.8.0_121/jre/lib/resources.jar
7fbeaafd1000-7fbeaafd6000 r--s 0003e000 fd:00 3070496                    /home/macmv/Desktop/Bit Platformer/EternalCaves/lib/jars/lwjgl.jar
7fbeaafd6000-7fbeaafd8000 r--s 0000a000 fd:00 3070495                    /home/macmv/Desktop/Bit Platformer/EternalCaves/lib/jars/lwjgl-yoga.jar
7fbeaafd8000-7fbeaafda000 r--s 00007000 fd:00 3070494                    /home/macmv/Desktop/Bit Platformer/EternalCaves/lib/jars/lwjgl-yoga-sources.jar
7fbeaafda000-7fbeaafdb000 r--s 0000a000 fd:00 3070493                    /home/macmv/Desktop/Bit Platformer/EternalCaves/lib/jars/lwjgl-yoga-natives-linux.jar
7fbeaafdb000-7fbeaafde000 r--s 00074000 fd:00 3070492                    /home/macmv/Desktop/Bit Platformer/EternalCaves/lib/jars/lwjgl-yoga-javadoc.jar
7fbeaafde000-7fbeaafdf000 r--s 00004000 fd:00 3070491                    /home/macmv/Desktop/Bit Platformer/EternalCaves/lib/jars/lwjgl-xxhash.jar
7fbeaafdf000-7fbeaafe0000 r--s 00003000 fd:00 3070490                    /home/macmv/Desktop/Bit Platformer/EternalCaves/lib/jars/lwjgl-xxhash-sources.jar
7fbeaafe0000-7fbeaafe1000 r--s 00001000 fd:00 3070489                    /home/macmv/Desktop/Bit Platformer/EternalCaves/lib/jars/lwjgl-xxhash-natives-linux.jar
7fbeaafe1000-7fbeaafe3000 r--s 00062000 fd:00 3070488                    /home/macmv/Desktop/Bit Platformer/EternalCaves/lib/jars/lwjgl-xxhash-javadoc.jar
7fbeaafe3000-7fbeaaff1000 r--s 000f3000 fd:00 3070487                    /home/macmv/Desktop/Bit Platformer/EternalCaves/lib/jars/lwjgl-vulkan.jar
7fbeaaff1000-7fbeaaff9000 r--s 00102000 fd:00 3070486                    /home/macmv/Desktop/Bit Platformer/EternalCaves/lib/jars/lwjgl-vulkan-sources.jar
7fbeaaff9000-7fbeab008000 r--s 00356000 fd:00 3070485                    /home/macmv/Desktop/Bit Platformer/EternalCaves/lib/jars/lwjgl-vulkan-javadoc.jar
7fbeab008000-7fbeab009000 r--s 00001000 fd:00 3070484                    /home/macmv/Desktop/Bit Platformer/EternalCaves/lib/jars/lwjgl-tinyfd.jar
7fbeab009000-7fbeab00a000 r--s 00000000 fd:00 3070483                    /home/macmv/Desktop/Bit Platformer/EternalCaves/lib/jars/lwjgl-tinyfd-sources.jar
7fbeab00a000-7fbeab00b000 r--s 00008000 fd:00 3070482                    /home/macmv/Desktop/Bit Platformer/EternalCaves/lib/jars/lwjgl-tinyfd-natives-linux.jar
7fbeab00b000-7fbeab00d000 r--s 00057000 fd:00 3070481                    /home/macmv/Desktop/Bit Platformer/EternalCaves/lib/jars/lwjgl-tinyfd-javadoc.jar
7fbeab00d000-7fbeab00e000 r--s 00009000 fd:00 3070480                    /home/macmv/Desktop/Bit Platformer/EternalCaves/lib/jars/lwjgl-tinyexr.jar
7fbeab00e000-7fbeab00f000 r--s 00006000 fd:00 3070479                    /home/macmv/Desktop/Bit Platformer/EternalCaves/lib/jars/lwjgl-tinyexr-sources.jar
7fbeab00f000-7fbeab010000 r--s 0000d000 fd:00 3070478                    /home/macmv/Desktop/Bit Platformer/EternalCaves/lib/jars/lwjgl-tinyexr-natives-linux.jar
7fbeab010000-7fbeab012000 r--s 0006c000 fd:00 3070477                    /home/macmv/Desktop/Bit Platformer/EternalCaves/lib/jars/lwjgl-tinyexr-javadoc.jar
7fbeab012000-7fbeab014000 r--s 00013000 fd:00 3070476                    /home/macmv/Desktop/Bit Platformer/EternalCaves/lib/jars/lwjgl-stb.jar
7fbeab014000-7fbeab016000 r--s 00012000 fd:00 3070475                    /home/macmv/Desktop/Bit Platformer/EternalCaves/lib/jars/lwjgl-stb-sources.jar
7fbeab016000-7fbeab017000 r--s 0002d000 fd:00 3070474                    /home/macmv/Desktop/Bit Platformer/EternalCaves/lib/jars/lwjgl-stb-natives-linux.jar
7fbeab017000-7fbeab01a000 r--s 0008f000 fd:00 3070473                    /home/macmv/Desktop/Bit Platformer/EternalCaves/lib/jars/lwjgl-stb-javadoc.jar
7fbeab01a000-7fbeab01b000 r--s 00000000 fd:00 3070472                    /home/macmv/Desktop/Bit Platformer/EternalCaves/lib/jars/lwjgl-sse.jar
7fbeab01b000-7fbeab01c000 ---p 00000000 00:00 0 
7fbeab01c000-7fbeab11c000 rw-p 00000000 00:00 0 
7fbeab11c000-7fbeab11f000 ---p 00000000 00:00 0 
7fbeab11f000-7fbeab21d000 rw-p 00000000 00:00 0 
7fbeab21d000-7fbeab220000 ---p 00000000 00:00 0 
7fbeab220000-7fbeab31e000 rw-p 00000000 00:00 0 
7fbeab31e000-7fbeab321000 ---p 00000000 00:00 0 
7fbeab321000-7fbeab41f000 rw-p 00000000 00:00 0 
7fbeab41f000-7fbeab422000 ---p 00000000 00:00 0 
7fbeab422000-7fbeab520000 rw-p 00000000 00:00 0 
7fbeab520000-7fbeab523000 ---p 00000000 00:00 0 
7fbeab523000-7fbeab621000 rw-p 00000000 00:00 0 
7fbeab621000-7fbeab8f9000 r--p 00000000 fd:00 1722881                    /usr/lib/locale/locale-archive
7fbeab8f9000-7fbeab8fc000 ---p 00000000 00:00 0 
7fbeab8fc000-7fbeab9fa000 rw-p 00000000 00:00 0 
7fbeab9fa000-7fbeab9fd000 ---p 00000000 00:00 0 
7fbeab9fd000-7fbeabafb000 rw-p 00000000 00:00 0 
7fbeabafb000-7fbeabafc000 ---p 00000000 00:00 0 
7fbeabafc000-7fbeac000000 rw-p 00000000 00:00 0 
7fbeac000000-7fbeac021000 rw-p 00000000 00:00 0 
7fbeac021000-7fbeb0000000 ---p 00000000 00:00 0 
7fbeb0000000-7fbeb0001000 r--s 00000000 fd:00 3070471                    /home/macmv/Desktop/Bit Platformer/EternalCaves/lib/jars/lwjgl-sse-sources.jar
7fbeb0001000-7fbeb0002000 r--s 00000000 fd:00 3070470                    /home/macmv/Desktop/Bit Platformer/EternalCaves/lib/jars/lwjgl-sse-natives-linux.jar
7fbeb0002000-7fbeb0004000 r--s 00058000 fd:00 3070469                    /home/macmv/Desktop/Bit Platformer/EternalCaves/lib/jars/lwjgl-sse-javadoc.jar
7fbeb0004000-7fbeb0007000 r--s 00035000 fd:00 3070468                    /home/macmv/Desktop/Bit Platformer/EternalCaves/lib/jars/lwjgl-sources.jar
7fbeb0007000-7fbeb0009000 r--s 00001000 fd:00 3070467                    /home/macmv/Desktop/Bit Platformer/EternalCaves/lib/jars/lwjgl-par.jar
7fbeb0009000-7fbeb000a000 r--s 00001000 fd:00 3070466                    /home/macmv/Desktop/Bit Platformer/EternalCaves/lib/jars/lwjgl-par-sources.jar
7fbeb000a000-7fbeb000b000 r--s 00005000 fd:00 3070465                    /home/macmv/Desktop/Bit Platformer/EternalCaves/lib/jars/lwjgl-par-natives-linux.jar
7fbeb000b000-7fbeb000d000 r--s 0005a000 fd:00 3070464                    /home/macmv/Desktop/Bit Platformer/EternalCaves/lib/jars/lwjgl-par-javadoc.jar
7fbeb000d000-7fbeb0011000 r--s 00046000 fd:00 3070463                    /home/macmv/Desktop/Bit Platformer/EternalCaves/lib/jars/lwjgl-openvr.jar
7fbeb0011000-7fbeb0013000 r--s 00036000 fd:00 3070462                    /home/macmv/Desktop/Bit Platformer/EternalCaves/lib/jars/lwjgl-openvr-sources.jar
7fbeb0013000-7fbeb0015000 r--s 0001b000 fd:00 3070461                    /home/macmv/Desktop/Bit Platformer/EternalCaves/lib/jars/lwjgl-openvr-natives-linux.jar
7fbeb0015000-7fbeb001a000 r--s 0011c000 fd:00 3070460                    /home/macmv/Desktop/Bit Platformer/EternalCaves/lib/jars/lwjgl-openvr-javadoc.jar
7fbeb001a000-7fbeb0020000 r--s 00044000 fd:00 3070459                    /home/macmv/Desktop/Bit Platformer/EternalCaves/lib/jars/lwjgl-opengles.jar
7fbeb0020000-7fbeb0026000 r--s 00051000 fd:00 3070458                    /home/macmv/Desktop/Bit Platformer/EternalCaves/lib/jars/lwjgl-opengles-sources.jar
7fbeb0026000-7fbeb0027000 r--s 00007000 fd:00 3070457                    /home/macmv/Desktop/Bit Platformer/EternalCaves/lib/jars/lwjgl-opengles-natives-linux.jar
7fbeb0027000-7fbeb002d000 r--s 0014c000 fd:00 3070456                    /home/macmv/Desktop/Bit Platformer/EternalCaves/lib/jars/lwjgl-opengles-javadoc.jar
7fbeb002d000-7fbeb0037000 r--s 000ac000 fd:00 3070455                    /home/macmv/Desktop/Bit Platformer/EternalCaves/lib/jars/lwjgl-opengl.jar
7fbeb0037000-7fbeb0040000 r--s 000eb000 fd:00 3070454                    /home/macmv/Desktop/Bit Platformer/EternalCaves/lib/jars/lwjgl-opengl-sources.jar
7fbeb0040000-7fbeb0041000 r--s 00015000 fd:00 3070453                    /home/macmv/Desktop/Bit Platformer/EternalCaves/lib/jars/lwjgl-opengl-natives-linux.jar
7fbeb0041000-7fbeb004c000 r--s 002ad000 fd:00 3070452                    /home/macmv/Desktop/Bit Platformer/EternalCaves/lib/jars/lwjgl-opengl-javadoc.jar
7fbeb004c000-7fbeb004f000 r--s 00023000 fd:00 3070451                    /home/macmv/Desktop/Bit Platformer/EternalCaves/lib/jars/lwjgl-opencl.jar
7fbeb004f000-7fbeb0052000 r--s 00031000 fd:00 3070450                    /home/macmv/Desktop/Bit Platformer/EternalCaves/lib/jars/lwjgl-opencl-sources.jar
7fbeb0052000-7fbeb0056000 r--s 000ce000 fd:00 3070449                    /home/macmv/Desktop/Bit Platformer/EternalCaves/lib/jars/lwjgl-opencl-javadoc.jar
7fbeb0056000-7fbeb0059000 r--s 00010000 fd:00 3070448                    /home/macmv/Desktop/Bit Platformer/EternalCaves/lib/jars/lwjgl-openal.jar
7fbeb0059000-7fbeb005b000 r--s 00010000 fd:00 3070447                    /home/macmv/Desktop/Bit Platformer/EternalCaves/lib/jars/lwjgl-openal-sources.jar
7fbeb005b000-7fbeb005c000 r--s 00077000 fd:00 3070446                    /home/macmv/Desktop/Bit Platformer/EternalCaves/lib/jars/lwjgl-openal-natives-linux.jar
7fbeb005c000-7fbeb005f000 r--s 0008d000 fd:00 3070445                    /home/macmv/Desktop/Bit Platformer/EternalCaves/lib/jars/lwjgl-openal-javadoc.jar
7fbeb005f000-7fbeb0065000 r--s 00054000 fd:00 3070444                    /home/macmv/Desktop/Bit Platformer/EternalCaves/lib/jars/lwjgl-nuklear.jar
7fbeb0065000-7fbeb0068000 r--s 0003a000 fd:00 3070443                    /home/macmv/Desktop/Bit Platformer/EternalCaves/lib/jars/lwjgl-nuklear-sources.jar
7fbeb0068000-7fbeb0069000 r--s 00021000 fd:00 3070442                    /home/macmv/Desktop/Bit Platformer/EternalCaves/lib/jars/lwjgl-nuklear-natives-linux.jar
7fbeb0069000-7fbeb006e000 r--s 00112000 fd:00 3070441                    /home/macmv/Desktop/Bit Platformer/EternalCaves/lib/jars/lwjgl-nuklear-javadoc.jar
7fbeb006e000-7fbeb006f000 r--s 00001000 fd:00 3070440                    /home/macmv/Desktop/Bit Platformer/EternalCaves/lib/jars/lwjgl-nfd.jar
7fbeb006f000-7fbeb0070000 r--s 00001000 fd:00 3070439                    /home/macmv/Desktop/Bit Platformer/EternalCaves/lib/jars/lwjgl-nfd-sources.jar
7fbeb0070000-7fbeb0071000 r--s 00001000 fd:00 3070438                    /home/macmv/Desktop/Bit Platformer/EternalCaves/lib/jars/lwjgl-nfd-natives-linux.jar
7fbeb0071000-7fbeb0074000 r--s 00059000 fd:00 3070437                    /home/macmv/Desktop/Bit Platformer/EternalCaves/lib/jars/lwjgl-nfd-javadoc.jar
7fbeb0074000-7fbeb0075000 r--s 00012000 fd:00 3070436                    /home/macmv/Desktop/Bit Platformer/EternalCaves/lib/jars/lwjgl-natives-linux.jar
7fbeb0075000-7fbeb0077000 r--s 00008000 fd:00 3070435                    /home/macmv/Desktop/Bit Platformer/EternalCaves/lib/jars/lwjgl-nanovg.jar
7fbeb0077000-7fbeb0078000 r--s 00008000 fd:00 3070434                    /home/macmv/Desktop/Bit Platformer/EternalCaves/lib/jars/lwjgl-nanovg-sources.jar
7fbeb0078000-7fbeb0079000 r--s 00020000 fd:00 3070433                    /home/macmv/Desktop/Bit Platformer/EternalCaves/lib/jars/lwjgl-nanovg-natives-linux.jar
7fbeb0079000-7fbeb007b000 r--s 0006d000 fd:00 3070432                    /home/macmv/Desktop/Bit Platformer/EternalCaves/lib/jars/lwjgl-nanovg-javadoc.jar
7fbeb007b000-7fbeb007d000 r--s 00005000 fd:00 3070431                    /home/macmv/Desktop/Bit Platformer/EternalCaves/lib/jars/lwjgl-lmdb.jar
7fbeb007d000-7fbeb007e000 r--s 00008000 fd:00 3070430                    /home/macmv/Desktop/Bit Platformer/EternalCaves/lib/jars/lwjgl-lmdb-sources.jar
7fbeb007e000-7fbeb007f000 r--s 0000c000 fd:00 3070429                    /home/macmv/Desktop/Bit Platformer/EternalCaves/lib/jars/lwjgl-lmdb-natives-linux.jar
7fbeb007f000-7fbeb0081000 r--s 0006b000 fd:00 3070428                    /home/macmv/Desktop/Bit Platformer/EternalCaves/lib/jars/lwjgl-lmdb-javadoc.jar
7fbeb0081000-7fbeb0083000 r--s 00007000 fd:00 3070427                    /home/macmv/Desktop/Bit Platformer/EternalCaves/lib/jars/lwjgl-jemalloc.jar
7fbeb0083000-7fbeb0085000 r--s 00005000 fd:00 3070426                    /home/macmv/Desktop/Bit Platformer/EternalCaves/lib/jars/lwjgl-jemalloc-sources.jar
7fbeb0085000-7fbeb0086000 r--s 0001a000 fd:00 3070425                    /home/macmv/Desktop/Bit Platformer/EternalCaves/lib/jars/lwjgl-jemalloc-natives-linux.jar
7fbeb0086000-7fbeb0089000 r--s 0006b000 fd:00 3070424                    /home/macmv/Desktop/Bit Platformer/EternalCaves/lib/jars/lwjgl-jemalloc-javadoc.jar
7fbeb0089000-7fbeb008a000 r--s 00005000 fd:00 3070423                    /home/macmv/Desktop/Bit Platformer/EternalCaves/lib/jars/lwjgl-jawt.jar
7fbeb008a000-7fbeb008b000 r--s 00004000 fd:00 3070422                    /home/macmv/Desktop/Bit Platformer/EternalCaves/lib/jars/lwjgl-jawt-sources.jar
7fbeb008b000-7fbeb0090000 r--s 0010d000 fd:00 3070420                    /home/macmv/Desktop/Bit Platformer/EternalCaves/lib/jars/lwjgl-javadoc.jar
7fbeb0090000-7fbeb0093000 r--s 00015000 fd:00 3070419                    /home/macmv/Desktop/Bit Platformer/EternalCaves/lib/jars/lwjgl-glfw.jar
7fbeb0093000-7fbeb0096000 r--s 00012000 fd:00 3070418                    /home/macmv/Desktop/Bit Platformer/EternalCaves/lib/jars/lwjgl-glfw-sources.jar
7fbeb0096000-7fbeb0ec0000 rw-p 00000000 00:00 0 
7fbeb0ec0000-7fbeb1000000 ---p 00000000 00:00 0 
7fbeb1000000-7fbeb12c0000 rwxp 00000000 00:00 0 
7fbeb12c0000-7fbec0000000 ---p 00000000 00:00 0 
7fbec0000000-7fbec09cf000 rw-p 00000000 00:00 0 
7fbec09cf000-7fbec4000000 ---p 00000000 00:00 0 
7fbec4000000-7fbec4002000 r--s 00066000 fd:00 3070421                    /home/macmv/Desktop/Bit Platformer/EternalCaves/lib/jars/lwjgl-jawt-javadoc.jar
7fbec4002000-7fbec4003000 r--s 0000e000 fd:00 3070417                    /home/macmv/Desktop/Bit Platformer/EternalCaves/lib/jars/lwjgl-glfw-natives-linux.jar
7fbec4003000-7fbec4007000 r--s 00097000 fd:00 3070416                    /home/macmv/Desktop/Bit Platformer/EternalCaves/lib/jars/lwjgl-glfw-javadoc.jar
7fbec4007000-7fbec400b000 r--s 0001b000 fd:00 3070415                    /home/macmv/Desktop/Bit Platformer/EternalCaves/lib/jars/lwjgl-egl.jar
7fbec400b000-7fbec44a0000 rw-p 00000000 00:00 0 
7fbec44a0000-7fbec4679000 r--s 03d3e000 fd:00 3287342                    /home/macmv/bin/jdk1.8.0_121/jre/lib/rt.jar
7fbec4679000-7fbec4ebb000 rw-p 00000000 00:00 0 
7fbec4ebb000-7fbec4ebc000 ---p 00000000 00:00 0 
7fbec4ebc000-7fbec4fbc000 rw-p 00000000 00:00 0 
7fbec4fbc000-7fbec4fbd000 ---p 00000000 00:00 0 
7fbec4fbd000-7fbec50bd000 rw-p 00000000 00:00 0 
7fbec50bd000-7fbec50be000 ---p 00000000 00:00 0 
7fbec50be000-7fbec51be000 rw-p 00000000 00:00 0 
7fbec51be000-7fbec51bf000 ---p 00000000 00:00 0 
7fbec51bf000-7fbec5313000 rw-p 00000000 00:00 0 
7fbec5313000-7fbec57f2000 ---p 00000000 00:00 0 
7fbec57f2000-7fbec5846000 rw-p 00000000 00:00 0 
7fbec5846000-7fbec5d24000 ---p 00000000 00:00 0 
7fbec5d24000-7fbec5d4f000 rw-p 00000000 00:00 0 
7fbec5d4f000-7fbec5fbe000 ---p 00000000 00:00 0 
7fbec5fbe000-7fbec5fca000 rw-p 00000000 00:00 0 
7fbec5fca000-7fbec637f000 ---p 00000000 00:00 0 
7fbec637f000-7fbec6399000 r-xp 00000000 fd:00 3416700                    /home/macmv/bin/jdk1.8.0_121/jre/lib/amd64/libzip.so
7fbec6399000-7fbec6599000 ---p 0001a000 fd:00 3416700                    /home/macmv/bin/jdk1.8.0_121/jre/lib/amd64/libzip.so
7fbec6599000-7fbec659a000 rw-p 0001a000 fd:00 3416700                    /home/macmv/bin/jdk1.8.0_121/jre/lib/amd64/libzip.so
7fbec659a000-7fbec65a5000 r-xp 00000000 fd:00 790970                     /lib/x86_64-linux-gnu/libnss_files-2.23.so
7fbec65a5000-7fbec67a4000 ---p 0000b000 fd:00 790970                     /lib/x86_64-linux-gnu/libnss_files-2.23.so
7fbec67a4000-7fbec67a5000 r--p 0000a000 fd:00 790970                     /lib/x86_64-linux-gnu/libnss_files-2.23.so
7fbec67a5000-7fbec67a6000 rw-p 0000b000 fd:00 790970                     /lib/x86_64-linux-gnu/libnss_files-2.23.so
7fbec67a6000-7fbec67ac000 rw-p 00000000 00:00 0 
7fbec67ac000-7fbec67b7000 r-xp 00000000 fd:00 790997                     /lib/x86_64-linux-gnu/libnss_nis-2.23.so
7fbec67b7000-7fbec69b6000 ---p 0000b000 fd:00 790997                     /lib/x86_64-linux-gnu/libnss_nis-2.23.so
7fbec69b6000-7fbec69b7000 r--p 0000a000 fd:00 790997                     /lib/x86_64-linux-gnu/libnss_nis-2.23.so
7fbec69b7000-7fbec69b8000 rw-p 0000b000 fd:00 790997                     /lib/x86_64-linux-gnu/libnss_nis-2.23.so
7fbec69b8000-7fbec69ce000 r-xp 00000000 fd:00 790964                     /lib/x86_64-linux-gnu/libnsl-2.23.so
7fbec69ce000-7fbec6bcd000 ---p 00016000 fd:00 790964                     /lib/x86_64-linux-gnu/libnsl-2.23.so
7fbec6bcd000-7fbec6bce000 r--p 00015000 fd:00 790964                     /lib/x86_64-linux-gnu/libnsl-2.23.so
7fbec6bce000-7fbec6bcf000 rw-p 00016000 fd:00 790964                     /lib/x86_64-linux-gnu/libnsl-2.23.so
7fbec6bcf000-7fbec6bd1000 rw-p 00000000 00:00 0 
7fbec6bd1000-7fbec6bd9000 r-xp 00000000 fd:00 791068                     /lib/x86_64-linux-gnu/libnss_compat-2.23.so
7fbec6bd9000-7fbec6dd8000 ---p 00008000 fd:00 791068                     /lib/x86_64-linux-gnu/libnss_compat-2.23.so
7fbec6dd8000-7fbec6dd9000 r--p 00007000 fd:00 791068                     /lib/x86_64-linux-gnu/libnss_compat-2.23.so
7fbec6dd9000-7fbec6dda000 rw-p 00008000 fd:00 791068                     /lib/x86_64-linux-gnu/libnss_compat-2.23.so
7fbec6dda000-7fbec6e05000 r-xp 00000000 fd:00 3417756                    /home/macmv/bin/jdk1.8.0_121/jre/lib/amd64/libjava.so
7fbec6e05000-7fbec7004000 ---p 0002b000 fd:00 3417756                    /home/macmv/bin/jdk1.8.0_121/jre/lib/amd64/libjava.so
7fbec7004000-7fbec7006000 rw-p 0002a000 fd:00 3417756                    /home/macmv/bin/jdk1.8.0_121/jre/lib/amd64/libjava.so
7fbec7006000-7fbec7013000 r-xp 00000000 fd:00 3416037                    /home/macmv/bin/jdk1.8.0_121/jre/lib/amd64/libverify.so
7fbec7013000-7fbec7212000 ---p 0000d000 fd:00 3416037                    /home/macmv/bin/jdk1.8.0_121/jre/lib/amd64/libverify.so
7fbec7212000-7fbec7214000 rw-p 0000c000 fd:00 3416037                    /home/macmv/bin/jdk1.8.0_121/jre/lib/amd64/libverify.so
7fbec7214000-7fbec721b000 r-xp 00000000 fd:00 791015                     /lib/x86_64-linux-gnu/librt-2.23.so
7fbec721b000-7fbec741a000 ---p 00007000 fd:00 791015                     /lib/x86_64-linux-gnu/librt-2.23.so
7fbec741a000-7fbec741b000 r--p 00006000 fd:00 791015                     /lib/x86_64-linux-gnu/librt-2.23.so
7fbec741b000-7fbec741c000 rw-p 00007000 fd:00 791015                     /lib/x86_64-linux-gnu/librt-2.23.so
7fbec741c000-7fbec7524000 r-xp 00000000 fd:00 791091                     /lib/x86_64-linux-gnu/libm-2.23.so
7fbec7524000-7fbec7723000 ---p 00108000 fd:00 791091                     /lib/x86_64-linux-gnu/libm-2.23.so
7fbec7723000-7fbec7724000 r--p 00107000 fd:00 791091                     /lib/x86_64-linux-gnu/libm-2.23.so
7fbec7724000-7fbec7725000 rw-p 00108000 fd:00 791091                     /lib/x86_64-linux-gnu/libm-2.23.so
7fbec7725000-7fbec83f3000 r-xp 00000000 fd:00 3417760                    /home/macmv/bin/jdk1.8.0_121/jre/lib/amd64/server/libjvm.so
7fbec83f3000-7fbec85f3000 ---p 00cce000 fd:00 3417760                    /home/macmv/bin/jdk1.8.0_121/jre/lib/amd64/server/libjvm.so
7fbec85f3000-7fbec86cc000 rw-p 00cce000 fd:00 3417760                    /home/macmv/bin/jdk1.8.0_121/jre/lib/amd64/server/libjvm.so
7fbec86cc000-7fbec8717000 rw-p 00000000 00:00 0 
7fbec8717000-7fbec88d7000 r-xp 00000000 fd:00 791117                     /lib/x86_64-linux-gnu/libc-2.23.so
7fbec88d7000-7fbec8ad7000 ---p 001c0000 fd:00 791117                     /lib/x86_64-linux-gnu/libc-2.23.so
7fbec8ad7000-7fbec8adb000 r--p 001c0000 fd:00 791117                     /lib/x86_64-linux-gnu/libc-2.23.so
7fbec8adb000-7fbec8add000 rw-p 001c4000 fd:00 791117                     /lib/x86_64-linux-gnu/libc-2.23.so
7fbec8add000-7fbec8ae1000 rw-p 00000000 00:00 0 
7fbec8ae1000-7fbec8ae4000 r-xp 00000000 fd:00 791067                     /lib/x86_64-linux-gnu/libdl-2.23.so
7fbec8ae4000-7fbec8ce3000 ---p 00003000 fd:00 791067                     /lib/x86_64-linux-gnu/libdl-2.23.so
7fbec8ce3000-7fbec8ce4000 r--p 00002000 fd:00 791067                     /lib/x86_64-linux-gnu/libdl-2.23.so
7fbec8ce4000-7fbec8ce5000 rw-p 00003000 fd:00 791067                     /lib/x86_64-linux-gnu/libdl-2.23.so
7fbec8ce5000-7fbec8cfa000 r-xp 00000000 fd:00 3165945                    /home/macmv/bin/jdk1.8.0_121/lib/amd64/jli/libjli.so
7fbec8cfa000-7fbec8efa000 ---p 00015000 fd:00 3165945                    /home/macmv/bin/jdk1.8.0_121/lib/amd64/jli/libjli.so
7fbec8efa000-7fbec8efb000 rw-p 00015000 fd:00 3165945                    /home/macmv/bin/jdk1.8.0_121/lib/amd64/jli/libjli.so
7fbec8efb000-7fbec8f13000 r-xp 00000000 fd:00 790996                     /lib/x86_64-linux-gnu/libpthread-2.23.so
7fbec8f13000-7fbec9112000 ---p 00018000 fd:00 790996                     /lib/x86_64-linux-gnu/libpthread-2.23.so
7fbec9112000-7fbec9113000 r--p 00017000 fd:00 790996                     /lib/x86_64-linux-gnu/libpthread-2.23.so
7fbec9113000-7fbec9114000 rw-p 00018000 fd:00 790996                     /lib/x86_64-linux-gnu/libpthread-2.23.so
7fbec9114000-7fbec9118000 rw-p 00000000 00:00 0 
7fbec9118000-7fbec913e000 r-xp 00000000 fd:00 790965                     /lib/x86_64-linux-gnu/ld-2.23.so
7fbec913e000-7fbec920f000 rw-p 00000000 00:00 0 
7fbec920f000-7fbec9212000 ---p 00000000 00:00 0 
7fbec9212000-7fbec9314000 rw-p 00000000 00:00 0 
7fbec9314000-7fbec9317000 r--s 0001f000 fd:00 3070414                    /home/macmv/Desktop/Bit Platformer/EternalCaves/lib/jars/lwjgl-egl-sources.jar
7fbec9317000-7fbec931c000 r--s 000c1000 fd:00 3070413                    /home/macmv/Desktop/Bit Platformer/EternalCaves/lib/jars/lwjgl-egl-javadoc.jar
7fbec931c000-7fbec931f000 r--s 0001f000 fd:00 3070412                    /home/macmv/Desktop/Bit Platformer/EternalCaves/lib/jars/lwjgl-bgfx.jar
7fbec931f000-7fbec9321000 r--s 00018000 fd:00 3070411                    /home/macmv/Desktop/Bit Platformer/EternalCaves/lib/jars/lwjgl-bgfx-sources.jar
7fbec9321000-7fbec9323000 r--s 00046000 fd:00 3070410                    /home/macmv/Desktop/Bit Platformer/EternalCaves/lib/jars/lwjgl-bgfx-natives-linux.jar
7fbec9323000-7fbec9327000 r--s 000ac000 fd:00 3070409                    /home/macmv/Desktop/Bit Platformer/EternalCaves/lib/jars/lwjgl-bgfx-javadoc.jar
7fbec9327000-7fbec932a000 r--s 0002a000 fd:00 3070408                    /home/macmv/Desktop/Bit Platformer/EternalCaves/lib/jars/lwjgl-assimp.jar
7fbec932a000-7fbec932c000 r--s 00026000 fd:00 3070407                    /home/macmv/Desktop/Bit Platformer/EternalCaves/lib/jars/lwjgl-assimp-sources.jar
7fbec932c000-7fbec932d000 r--s 002ad000 fd:00 3070406                    /home/macmv/Desktop/Bit Platformer/EternalCaves/lib/jars/lwjgl-assimp-natives-linux.jar
7fbec932d000-7fbec9331000 r--s 000d4000 fd:00 3070405                    /home/macmv/Desktop/Bit Platformer/EternalCaves/lib/jars/lwjgl-assimp-javadoc.jar
7fbec9331000-7fbec9339000 rw-s 00000000 fd:00 10486156                   /tmp/hsperfdata_macmv/27666
7fbec9339000-7fbec933a000 rw-p 00000000 00:00 0 
7fbec933a000-7fbec933b000 r--p 00000000 00:00 0 
7fbec933b000-7fbec933d000 rw-p 00000000 00:00 0 
7fbec933d000-7fbec933e000 r--p 00025000 fd:00 790965                     /lib/x86_64-linux-gnu/ld-2.23.so
7fbec933e000-7fbec933f000 rw-p 00026000 fd:00 790965                     /lib/x86_64-linux-gnu/ld-2.23.so
7fbec933f000-7fbec9340000 rw-p 00000000 00:00 0 
7ffc3b7d3000-7ffc3b7f6000 rw-p 00000000 00:00 0                          [stack]
7ffc3b7fc000-7ffc3b7fe000 r--p 00000000 00:00 0                          [vvar]
7ffc3b7fe000-7ffc3b800000 r-xp 00000000 00:00 0                          [vdso]
ffffffffff600000-ffffffffff601000 r-xp 00000000 00:00 0                  [vsyscall]

VM Arguments:
jvm_args: -Dfile.encoding=UTF-8 
java_command: net.cubiness.Main
java_class_path (initial): /home/macmv/Desktop/Bit Platformer/EternalCaves/bin:/home/macmv/Desktop/Bit Platformer/EternalCaves/lib/jars/lwjgl-assimp-javadoc.jar:/home/macmv/Desktop/Bit Platformer/EternalCaves/lib/jars/lwjgl-assimp-natives-linux.jar:/home/macmv/Desktop/Bit Platformer/EternalCaves/lib/jars/lwjgl-assimp-sources.jar:/home/macmv/Desktop/Bit Platformer/EternalCaves/lib/jars/lwjgl-assimp.jar:/home/macmv/Desktop/Bit Platformer/EternalCaves/lib/jars/lwjgl-bgfx-javadoc.jar:/home/macmv/Desktop/Bit Platformer/EternalCaves/lib/jars/lwjgl-bgfx-natives-linux.jar:/home/macmv/Desktop/Bit Platformer/EternalCaves/lib/jars/lwjgl-bgfx-sources.jar:/home/macmv/Desktop/Bit Platformer/EternalCaves/lib/jars/lwjgl-bgfx.jar:/home/macmv/Desktop/Bit Platformer/EternalCaves/lib/jars/lwjgl-egl-javadoc.jar:/home/macmv/Desktop/Bit Platformer/EternalCaves/lib/jars/lwjgl-egl-sources.jar:/home/macmv/Desktop/Bit Platformer/EternalCaves/lib/jars/lwjgl-egl.jar:/home/macmv/Desktop/Bit Platformer/EternalCaves/lib/jars/lwjgl-glfw-javadoc.jar:/home/macmv/Desktop/Bit Platformer/EternalCaves/lib/jars/lwjgl-glfw-natives-linux.jar:/home/macmv/Desktop/Bit Platformer/EternalCaves/lib/jars/lwjgl-glfw-sources.jar:/home/macmv/Desktop/Bit Platformer/EternalCaves/lib/jars/lwjgl-glfw.jar:/home/macmv/Desktop/Bit Platformer/EternalCaves/lib/jars/lwjgl-javadoc.jar:/home/macmv/Desktop/Bit Platformer/EternalCaves/lib/jars/lwjgl-jawt-javadoc.jar:/home/macmv/Desktop/Bit Platformer/EternalCaves/lib/jars/lwjgl-jawt-sources.jar:/home/macmv/Desktop/Bit Platformer/EternalCaves/lib/jars/lwjgl-jawt.jar:/home/macmv/Desktop/Bit Platformer/EternalCaves/lib/jars/lwjgl-jemalloc-javadoc.jar:/home/macmv/Desktop/Bit Platformer/EternalCaves/lib/jars/lwjgl-jemalloc-natives-linux.jar:/home/macmv/Desktop/Bit Platformer/EternalCaves/lib/jars/lwjgl-jemalloc-sources.jar:/home/macmv/Desktop/Bit Platformer/EternalCaves/lib/jars/lwjgl-jemalloc.jar:/home/macmv/Desktop/Bit Platformer/EternalCaves/lib/jars/lwjgl-lmdb-javadoc.jar:/home/m
Launcher Type: SUN_STANDARD

Environment Variables:
PATH=/home/macmv/bin:/home/macmv/bin/jdk1.8.0_121/bin:/home/macmv/bin:/home/macmv/.local/bin:/usr/local/sbin:/usr/local/bin:/usr/sbin:/usr/bin:/sbin:/bin:/usr/games:/usr/local/games:/snap/bin
SHELL=/bin/bash
DISPLAY=:0

Signal Handlers:
SIGSEGV: [libjvm.so+0xac78c0], sa_mask[0]=11111111011111111101111111111110, sa_flags=SA_RESTART|SA_SIGINFO
SIGBUS: [libjvm.so+0xac78c0], sa_mask[0]=11111111011111111101111111111110, sa_flags=SA_RESTART|SA_SIGINFO
SIGFPE: [libjvm.so+0x920ac0], sa_mask[0]=11111111011111111101111111111110, sa_flags=SA_RESTART|SA_SIGINFO
SIGPIPE: [libjvm.so+0x920ac0], sa_mask[0]=11111111011111111101111111111110, sa_flags=SA_RESTART|SA_SIGINFO
SIGXFSZ: [libjvm.so+0x920ac0], sa_mask[0]=11111111011111111101111111111110, sa_flags=SA_RESTART|SA_SIGINFO
SIGILL: [libjvm.so+0x920ac0], sa_mask[0]=11111111011111111101111111111110, sa_flags=SA_RESTART|SA_SIGINFO
SIGUSR1: SIG_DFL, sa_mask[0]=00000000000000000000000000000000, sa_flags=none
SIGUSR2: [libjvm.so+0x922300], sa_mask[0]=00100000000000000000000000000000, sa_flags=SA_RESTART|SA_SIGINFO
SIGHUP: [libjvm.so+0x923700], sa_mask[0]=11111111011111111101111111111110, sa_flags=SA_RESTART|SA_SIGINFO
SIGINT: [libjvm.so+0x923700], sa_mask[0]=11111111011111111101111111111110, sa_flags=SA_RESTART|SA_SIGINFO
SIGTERM: [libjvm.so+0x923700], sa_mask[0]=11111111011111111101111111111110, sa_flags=SA_RESTART|SA_SIGINFO
SIGQUIT: [libjvm.so+0x923700], sa_mask[0]=11111111011111111101111111111110, sa_flags=SA_RESTART|SA_SIGINFO


---------------  S Y S T E M  ---------------

OS:DISTRIB_ID=Ubuntu
DISTRIB_RELEASE=16.04
DISTRIB_CODENAME=xenial
DISTRIB_DESCRIPTION="Ubuntu 16.04.2 LTS"

uname:Linux 4.10.0-32-generic #36~16.04.1-Ubuntu SMP Wed Aug 9 09:19:02 UTC 2017 x86_64
libc:glibc 2.23 NPTL 2.23 
rlimit: STACK 8192k, CORE 0k, NPROC 63674, NOFILE 65536, AS infinity
load average:0.28 0.29 0.36

/proc/meminfo:
MemTotal:       16346476 kB
MemFree:         8375480 kB
MemAvailable:   12008124 kB
Buffers:          596896 kB
Cached:          3570592 kB
SwapCached:            0 kB
Active:          4520640 kB
Inactive:        2714476 kB
Active(anon):    3069312 kB
Inactive(anon):   709288 kB
Active(file):    1451328 kB
Inactive(file):  2005188 kB
Unevictable:         144 kB
Mlocked:             144 kB
SwapTotal:      16691196 kB
SwapFree:       16691196 kB
Dirty:                72 kB
Writeback:             0 kB
AnonPages:       2966524 kB
Mapped:           616252 kB
Shmem:            710976 kB
Slab:             572268 kB
SReclaimable:     513284 kB
SUnreclaim:        58984 kB
KernelStack:       14704 kB
PageTables:        65956 kB
NFS_Unstable:          0 kB
Bounce:                0 kB
WritebackTmp:          0 kB
CommitLimit:    24864432 kB
Committed_AS:   11376592 kB
VmallocTotal:   34359738367 kB
VmallocUsed:           0 kB
VmallocChunk:          0 kB
HardwareCorrupted:     0 kB
AnonHugePages:   1134592 kB
ShmemHugePages:        0 kB
ShmemPmdMapped:        0 kB
CmaTotal:              0 kB
CmaFree:               0 kB
HugePages_Total:       0
HugePages_Free:        0
HugePages_Rsvd:        0
HugePages_Surp:        0
Hugepagesize:       2048 kB
DirectMap4k:      196228 kB
DirectMap2M:     8108032 kB
DirectMap1G:     8388608 kB


CPU:total 4 (4 cores per cpu, 1 threads per core) family 6 model 158 stepping 9, cmov, cx8, fxsr, mmx, sse, sse2, sse3, ssse3, sse4.1, sse4.2, popcnt, avx, avx2, aes, clmul, erms, rtm, 3dnowpref, lzcnt, tsc, tscinvbit, bmi1, bmi2, adx

/proc/cpuinfo:
processor	: 0
vendor_id	: GenuineIntel
cpu family	: 6
model		: 158
model name	: Intel(R) Core(TM) i5-7500 CPU @ 3.40GHz
stepping	: 9
microcode	: 0x42
cpu MHz		: 3682.849
cache size	: 6144 KB
physical id	: 0
siblings	: 4
core id		: 0
cpu cores	: 4
apicid		: 0
initial apicid	: 0
fpu		: yes
fpu_exception	: yes
cpuid level	: 22
wp		: yes
flags		: fpu vme de pse tsc msr pae mce cx8 apic sep mtrr pge mca cmov pat pse36 clflush dts acpi mmx fxsr sse sse2 ss ht tm pbe syscall nx pdpe1gb rdtscp lm constant_tsc art arch_perfmon pebs bts rep_good nopl xtopology nonstop_tsc aperfmperf tsc_known_freq pni pclmulqdq dtes64 monitor ds_cpl vmx smx est tm2 ssse3 sdbg fma cx16 xtpr pdcm pcid sse4_1 sse4_2 x2apic movbe popcnt tsc_deadline_timer aes xsave avx f16c rdrand lahf_lm abm 3dnowprefetch intel_pt tpr_shadow vnmi flexpriority ept vpid fsgsbase tsc_adjust bmi1 hle avx2 smep bmi2 erms invpcid rtm mpx rdseed adx smap clflushopt xsaveopt xsavec xgetbv1 xsaves dtherm ida arat pln pts hwp hwp_notify hwp_act_window hwp_epp
bugs		:
bogomips	: 6816.00
clflush size	: 64
cache_alignment	: 64
address sizes	: 39 bits physical, 48 bits virtual
power management:

processor	: 1
vendor_id	: GenuineIntel
cpu family	: 6
model		: 158
model name	: Intel(R) Core(TM) i5-7500 CPU @ 3.40GHz
stepping	: 9
microcode	: 0x42
cpu MHz		: 3661.889
cache size	: 6144 KB
physical id	: 0
siblings	: 4
core id		: 1
cpu cores	: 4
apicid		: 2
initial apicid	: 2
fpu		: yes
fpu_exception	: yes
cpuid level	: 22
wp		: yes
flags		: fpu vme de pse tsc msr pae mce cx8 apic sep mtrr pge mca cmov pat pse36 clflush dts acpi mmx fxsr sse sse2 ss ht tm pbe syscall nx pdpe1gb rdtscp lm constant_tsc art arch_perfmon pebs bts rep_good nopl xtopology nonstop_tsc aperfmperf tsc_known_freq pni pclmulqdq dtes64 monitor ds_cpl vmx smx est tm2 ssse3 sdbg fma cx16 xtpr pdcm pcid sse4_1 sse4_2 x2apic movbe popcnt tsc_deadline_timer aes xsave avx f16c rdrand lahf_lm abm 3dnowprefetch intel_pt tpr_shadow vnmi flexpriority ept vpid fsgsbase tsc_adjust bmi1 hle avx2 smep bmi2 erms invpcid rtm mpx rdseed adx smap clflushopt xsaveopt xsavec xgetbv1 xsaves dtherm ida arat pln pts hwp hwp_notify hwp_act_window hwp_epp
bugs		:
bogomips	: 6816.00
clflush size	: 64
cache_alignment	: 64
address sizes	: 39 bits physical, 48 bits virtual
power management:

processor	: 2
vendor_id	: GenuineIntel
cpu family	: 6
model		: 158
model name	: Intel(R) Core(TM) i5-7500 CPU @ 3.40GHz
stepping	: 9
microcode	: 0x42
cpu MHz		: 3689.074
cache size	: 6144 KB
physical id	: 0
siblings	: 4
core id		: 2
cpu cores	: 4
apicid		: 4
initial apicid	: 4
fpu		: yes
fpu_exception	: yes
cpuid level	: 22
wp		: yes
flags		: fpu vme de pse tsc msr pae mce cx8 apic sep mtrr pge mca cmov pat pse36 clflush dts acpi mmx fxsr sse sse2 ss ht tm pbe syscall nx pdpe1gb rdtscp lm constant_tsc art arch_perfmon pebs bts rep_good nopl xtopology nonstop_tsc aperfmperf tsc_known_freq pni pclmulqdq dtes64 monitor ds_cpl vmx smx est tm2 ssse3 sdbg fma cx16 xtpr pdcm pcid sse4_1 sse4_2 x2apic movbe popcnt tsc_deadline_timer aes xsave avx f16c rdrand lahf_lm abm 3dnowprefetch intel_pt tpr_shadow vnmi flexpriority ept vpid fsgsbase tsc_adjust bmi1 hle avx2 smep bmi2 erms invpcid rtm mpx rdseed adx smap clflushopt xsaveopt xsavec xgetbv1 xsaves dtherm ida arat pln pts hwp hwp_notify hwp_act_window hwp_epp
bugs		:
bogomips	: 6816.00
clflush size	: 64
cache_alignment	: 64
address sizes	: 39 bits physical, 48 bits virtual
power management:

processor	: 3
vendor_id	: GenuineIntel
cpu family	: 6
model		: 158
model name	: Intel(R) Core(TM) i5-7500 CPU @ 3.40GHz
stepping	: 9
microcode	: 0x42
cpu MHz		: 3724.145
cache size	: 6144 KB
physical id	: 0
siblings	: 4
core id		: 3
cpu cores	: 4
apicid		: 6
initial apicid	: 6
fpu		: yes
fpu_exception	: yes
cpuid level	: 22
wp		: yes
flags		: fpu vme de pse tsc msr pae mce cx8 apic sep mtrr pge mca cmov pat pse36 clflush dts acpi mmx fxsr sse sse2 ss ht tm pbe syscall nx pdpe1gb rdtscp lm constant_tsc art arch_perfmon pebs bts rep_good nopl xtopology nonstop_tsc aperfmperf tsc_known_freq pni pclmulqdq dtes64 monitor ds_cpl vmx smx est tm2 ssse3 sdbg fma cx16 xtpr pdcm pcid sse4_1 sse4_2 x2apic movbe popcnt tsc_deadline_timer aes xsave avx f16c rdrand lahf_lm abm 3dnowprefetch intel_pt tpr_shadow vnmi flexpriority ept vpid fsgsbase tsc_adjust bmi1 hle avx2 smep bmi2 erms invpcid rtm mpx rdseed adx smap clflushopt xsaveopt xsavec xgetbv1 xsaves dtherm ida arat pln pts hwp hwp_notify hwp_act_window hwp_epp
bugs		:
bogomips	: 6816.00
clflush size	: 64
cache_alignment	: 64
address sizes	: 39 bits physical, 48 bits virtual
power management:



Memory: 4k page, physical 16346476k(8375480k free), swap 16691196k(16691196k free)

vm_info: Java HotSpot(TM) 64-Bit Server VM (25.121-b13) for linux-amd64 JRE (1.8.0_121-b13), built on Dec 12 2016 16:36:53 by "java_re" with gcc 4.3.0 20080428 (Red Hat 4.3.0-8)

time: Sat Sep 23 15:06:16 2017
elapsed time: 0 seconds (0d 0h 0m 0s)

