#
# A fatal error has been detected by the Java Runtime Environment:
#
#  SIGSEGV (0xb) at pc=0x00007f2aadfe0244, pid=29411, tid=0x00007f2adc934700
#
# JRE version: Java(TM) SE Runtime Environment (8.0_121-b13) (build 1.8.0_121-b13)
# Java VM: Java HotSpot(TM) 64-Bit Server VM (25.121-b13 mixed mode linux-amd64 compressed oops)
# Problematic frame:
# C  [liblwjgl.so+0x37244]
#
# Failed to write core dump. Core dumps have been disabled. To enable core dumping, try "ulimit -c unlimited" before starting Java again
#
# If you would like to submit a bug report, please visit:
#   http://bugreport.java.com/bugreport/crash.jsp
# The crash happened outside the Java Virtual Machine in native code.
# See problematic frame for where to report the bug.
#

---------------  T H R E A D  ---------------

Current thread (0x00007f2ad400d800):  JavaThread "main" [_thread_in_native, id=29417, stack(0x00007f2adc834000,0x00007f2adc935000)]

siginfo: si_signo: 11 (SIGSEGV), si_code: 1 (SEGV_MAPERR), si_addr: 0x0000000000000000

Registers:
RAX=0x00000000000000a5, RBX=0x00007f2abc89fdd0, RCX=0x00007f2adbe332ad, RDX=0x00007f2adc102770
RSP=0x00007f2adc9337b0, RBP=0x00007f2adc933808, RSI=0x00007f2aadfe4f00, RDI=0x0000000000000000
R8 =0x00000000000000a5, R9 =0x00007f2adc101540, R10=0x0000000000000001, R11=0x0000000000000000
R12=0x0000000000000000, R13=0x00007f2abc89fdd0, R14=0x00007f2adc933828, R15=0x00007f2ad400d800
RIP=0x00007f2aadfe0244, EFLAGS=0x0000000000010246, CSGSFS=0x002b000000000033, ERR=0x0000000000000004
  TRAPNO=0x000000000000000e

Top of Stack: (sp=0x00007f2adc9337b0)
0x00007f2adc9337b0:   00007f2adc933808 00007f2ac5017a34
0x00007f2adc9337c0:   00007f2ac5017782 00007f2adc9337c8
0x00007f2adc9337d0:   00007f2abc89fdd0 00007f2adc933828
0x00007f2adc9337e0:   00007f2abc8c7428 0000000000000000
0x00007f2adc9337f0:   00007f2abc89fdd0 0000000000000000
0x00007f2adc933800:   00007f2adc933828 00007f2adc933870
0x00007f2adc933810:   00007f2ac50082bd 000000076d86bf28
0x00007f2adc933820:   00007f2ac5011538 0000000000000007
0x00007f2adc933830:   00007f2adc933830 00007f2abc7832c6
0x00007f2adc933840:   00007f2adc933888 00007f2abc783550
0x00007f2adc933850:   0000000000000000 00007f2abc783320
0x00007f2adc933860:   00007f2adc933828 00007f2adc933880
0x00007f2adc933870:   00007f2adc9338d0 00007f2ac50082bd
0x00007f2adc933880:   0000000000000064 000000076d31c198
0x00007f2adc933890:   00007f2adc933890 00007f2abc7833ab
0x00007f2adc9338a0:   00007f2adc9338e0 00007f2abc783550
0x00007f2adc9338b0:   0000000000000000 00007f2abc7833d0
0x00007f2adc9338c0:   00007f2adc933880 00007f2adc9338e0
0x00007f2adc9338d0:   00007f2adc933928 00007f2ac50082bd
0x00007f2adc9338e0:   000000076d31c198 00007f2adc9338e8
0x00007f2adc9338f0:   00007f2abc774724 00007f2adc933930
0x00007f2adc933900:   00007f2abc7748a8 0000000000000000
0x00007f2adc933910:   00007f2abc774750 00007f2adc9338e0
0x00007f2adc933920:   00007f2adc933938 00007f2adc933978
0x00007f2adc933930:   00007f2ac50082bd 00007f2adc933938
0x00007f2adc933940:   00007f2abc774810 00007f2adc933988
0x00007f2adc933950:   00007f2abc7748a8 0000000000000000
0x00007f2adc933960:   00007f2abc774850 00007f2adc933938
0x00007f2adc933970:   00007f2adc933988 00007f2adc9339f0
0x00007f2adc933980:   00007f2ac50007a7 000000076ce1d8e8
0x00007f2adc933990:   0000000000001fa0 0000000000000000
0x00007f2adc9339a0:   00007f2ad400d800 00007f2adc933a70 

Instructions: (pc=0x00007f2aadfe0244)
0x00007f2aadfe0224:   48 8b 05 b5 8d 21 00 48 8d 3d 56 4d 00 00 ba a5
0x00007f2aadfe0234:   00 00 00 be 01 00 00 00 48 8b 08 e8 3c 74 fe ff
0x00007f2aadfe0244:   8b 04 25 00 00 00 00 0f 0b 0f 1f 00 48 83 ec 18
0x00007f2aadfe0254:   48 89 f8 48 89 f2 48 8d 7c 24 08 48 89 c6 e8 69 

Register to memory mapping:

RAX=0x00000000000000a5 is an unknown value
RBX={method} {0x00007f2abc89fdd0} 'glBegin' '(I)V' in 'org/lwjgl/opengl/GL11'
RCX=0x00007f2adbe332ad: __write+0x2d in /lib/x86_64-linux-gnu/libc.so.6 at 0x00007f2adbd3c000
RDX=0x00007f2adc102770: <offset 0x3c6770> in /lib/x86_64-linux-gnu/libc.so.6 at 0x00007f2adbd3c000
RSP=0x00007f2adc9337b0 is pointing into the stack for thread: 0x00007f2ad400d800
RBP=0x00007f2adc933808 is pointing into the stack for thread: 0x00007f2ad400d800
RSI=0x00007f2aadfe4f00: <offset 0x3bf00> in /tmp/lwjglmacmv/3.1.2-build-29/liblwjgl.so at 0x00007f2aadfa9000
RDI=0x0000000000000000 is an unknown value
R8 =0x00000000000000a5 is an unknown value
R9 =0x00007f2adc101540: _IO_2_1_stderr_+0 in /lib/x86_64-linux-gnu/libc.so.6 at 0x00007f2adbd3c000
R10=0x0000000000000001 is an unknown value
R11=0x0000000000000000 is an unknown value
R12=0x0000000000000000 is an unknown value
R13={method} {0x00007f2abc89fdd0} 'glBegin' '(I)V' in 'org/lwjgl/opengl/GL11'
R14=0x00007f2adc933828 is pointing into the stack for thread: 0x00007f2ad400d800
R15=0x00007f2ad400d800 is a thread


Stack: [0x00007f2adc834000,0x00007f2adc935000],  sp=0x00007f2adc9337b0,  free space=1021k
Native frames: (J=compiled Java code, j=interpreted, Vv=VM code, C=native code)
C  [liblwjgl.so+0x37244]
j  net.cubiness.Render.renderStrip(I)V+38
j  net.cubiness.Render.render()V+3
j  net.cubiness.Main.loop()V+12
j  net.cubiness.Main.main([Ljava/lang/String;)V+32
v  ~StubRoutines::call_stub
V  [libjvm.so+0x690dd6]  JavaCalls::call_helper(JavaValue*, methodHandle*, JavaCallArguments*, Thread*)+0x1056
V  [libjvm.so+0x6d21e2]  jni_invoke_static(JNIEnv_*, JavaValue*, _jobject*, JNICallType, _jmethodID*, JNI_ArgumentPusher*, Thread*)+0x362
V  [libjvm.so+0x6eea4a]  jni_CallStaticVoidMethod+0x17a
C  [libjli.so+0x7bdf]  JavaMain+0x81f
C  [libpthread.so.0+0x76ba]  start_thread+0xca

Java frames: (J=compiled Java code, j=interpreted, Vv=VM code)
j  org.lwjgl.opengl.GL11.glBegin(I)V+0
j  net.cubiness.Render.renderStrip(I)V+38
j  net.cubiness.Render.render()V+3
j  net.cubiness.Main.loop()V+12
j  net.cubiness.Main.main([Ljava/lang/String;)V+32
v  ~StubRoutines::call_stub

---------------  P R O C E S S  ---------------

Java Threads: ( => current thread )
  0x00007f2ad40e6000 JavaThread "Service Thread" daemon [_thread_blocked, id=29429, stack(0x00007f2aaeaf5000,0x00007f2aaebf6000)]
  0x00007f2ad40c1000 JavaThread "C1 CompilerThread2" daemon [_thread_blocked, id=29428, stack(0x00007f2aaebf6000,0x00007f2aaecf7000)]
  0x00007f2ad40bf000 JavaThread "C2 CompilerThread1" daemon [_thread_blocked, id=29427, stack(0x00007f2aaecf7000,0x00007f2aaedf8000)]
  0x00007f2ad40bc000 JavaThread "C2 CompilerThread0" daemon [_thread_blocked, id=29426, stack(0x00007f2aaedf8000,0x00007f2aaeef9000)]
  0x00007f2ad40ba800 JavaThread "Signal Dispatcher" daemon [_thread_blocked, id=29425, stack(0x00007f2aaeef9000,0x00007f2aaeffa000)]
  0x00007f2ad4087800 JavaThread "Finalizer" daemon [_thread_blocked, id=29424, stack(0x00007f2aaf2d2000,0x00007f2aaf3d3000)]
  0x00007f2ad4083000 JavaThread "Reference Handler" daemon [_thread_blocked, id=29423, stack(0x00007f2aaf3d3000,0x00007f2aaf4d4000)]
=>0x00007f2ad400d800 JavaThread "main" [_thread_in_native, id=29417, stack(0x00007f2adc834000,0x00007f2adc935000)]

Other Threads:
  0x00007f2ad407b000 VMThread [stack: 0x00007f2aaf4d4000,0x00007f2aaf5d5000] [id=29422]
  0x00007f2ad40f9000 WatcherThread [stack: 0x00007f2aae9f4000,0x00007f2aaeaf5000] [id=29430]

VM state:not at safepoint (normal execution)

VM Mutex/Monitor currently owned by a thread: None

Heap:
 PSYoungGen      total 74752K, used 16789K [0x000000076cd80000, 0x0000000772080000, 0x00000007c0000000)
  eden space 64512K, 26% used [0x000000076cd80000,0x000000076dde55f8,0x0000000770c80000)
  from space 10240K, 0% used [0x0000000771680000,0x0000000771680000,0x0000000772080000)
  to   space 10240K, 0% used [0x0000000770c80000,0x0000000770c80000,0x0000000771680000)
 ParOldGen       total 171008K, used 0K [0x00000006c6800000, 0x00000006d0f00000, 0x000000076cd80000)
  object space 171008K, 0% used [0x00000006c6800000,0x00000006c6800000,0x00000006d0f00000)
 Metaspace       used 7336K, capacity 7497K, committed 7680K, reserved 1056768K
  class space    used 677K, capacity 748K, committed 768K, reserved 1048576K

Card table byte_map: [0x00007f2ad8e17000,0x00007f2ad95e4000] byte_map_base: 0x00007f2ad57e3000

Marking Bits: (ParMarkBitMap*) 0x00007f2adbd0ec80
 Begin Bits: [0x00007f2abd340000, 0x00007f2ac11a0000)
 End Bits:   [0x00007f2ac11a0000, 0x00007f2ac5000000)

Polling page: 0x00007f2adc95f000

CodeCache: size=245760Kb used=2792Kb max_used=2792Kb free=242967Kb
 bounds [0x00007f2ac5000000, 0x00007f2ac52c0000, 0x00007f2ad4000000]
 total_blobs=1412 nmethods=648 adapters=678
 compilation: enabled

Compilation events (10 events):
Event: 0.348 Thread 0x00007f2ad40c1000 nmethod 643 0x00007f2ac52afed0 code [0x00007f2ac52b00a0, 0x00007f2ac52b09f8]
Event: 0.348 Thread 0x00007f2ad40c1000  644       3       org.lwjgl.PointerBuffer::put (21 bytes)
Event: 0.348 Thread 0x00007f2ad40c1000 nmethod 644 0x00007f2ac52af590 code [0x00007f2ac52af740, 0x00007f2ac52afc58]
Event: 0.348 Thread 0x00007f2ad40c1000  634       3       sun.reflect.UnsafeFieldAccessorImpl::<init> (56 bytes)
Event: 0.348 Thread 0x00007f2ad40c1000 nmethod 634 0x00007f2ac52b6b90 code [0x00007f2ac52b6d40, 0x00007f2ac52b7478]
Event: 0.348 Thread 0x00007f2ad40c1000  635       3       sun.reflect.FieldAccessorImpl::<init> (5 bytes)
Event: 0.348 Thread 0x00007f2ad40c1000 nmethod 635 0x00007f2ac52af090 code [0x00007f2ac52af200, 0x00007f2ac52af410]
Event: 0.348 Thread 0x00007f2ad40c1000  629       3       java.lang.reflect.Field::getFieldAccessor (35 bytes)
Event: 0.348 Thread 0x00007f2ad40c1000 nmethod 629 0x00007f2ac52b7650 code [0x00007f2ac52b77c0, 0x00007f2ac52b7a08]
Event: 0.348 Thread 0x00007f2ad40c1000  630       3       java.lang.reflect.Field::acquireFieldAccessor (59 bytes)

GC Heap History (0 events):
No events

Deoptimization events (1 events):
Event: 0.120 Thread 0x00007f2ad400d800 Uncommon trap: reason=unstable_if action=reinterpret pc=0x00007f2ac51a6940 method=java.lang.String.indexOf([CII[CIII)I @ 134

Internal exceptions (10 events):
Event: 0.018 Thread 0x00007f2ad400d800 Exception <a 'java/lang/NoSuchMethodError': Method sun.misc.Unsafe.defineClass(Ljava/lang/String;[BII)Ljava/lang/Class; name or signature does not match> (0x000000076cd87ca8) thrown at [/HUDSON3/workspace/8-2-build-linux-amd64/jdk8u121/8372/hotspot/src/sh
Event: 0.019 Thread 0x00007f2ad400d800 Exception <a 'java/lang/NoSuchMethodError': Method sun.misc.Unsafe.prefetchRead(Ljava/lang/Object;J)V name or signature does not match> (0x000000076cd87f90) thrown at [/HUDSON3/workspace/8-2-build-linux-amd64/jdk8u121/8372/hotspot/src/share/vm/prims/jni.c
Event: 0.097 Thread 0x00007f2ad400d800 Exception <a 'java/lang/NoSuchMethodError': java.lang.Object.lambda$static$0(Ljava/lang/String;)Ljava/lang/Boolean;> (0x000000076d1e8cf8) thrown at [/HUDSON3/workspace/8-2-build-linux-amd64/jdk8u121/8372/hotspot/src/share/vm/interpreter/linkResolver.cpp, 
Event: 0.106 Thread 0x00007f2ad400d800 Exception <a 'java/lang/NoSuchFieldError': method resolution failed> (0x000000076d260dc8) thrown at [/HUDSON3/workspace/8-2-build-linux-amd64/jdk8u121/8372/hotspot/src/share/vm/prims/methodHandles.cpp, line 1146]
Event: 0.107 Thread 0x00007f2ad400d800 Exception <a 'java/lang/NoSuchFieldError': method resolution failed> (0x000000076d26e118) thrown at [/HUDSON3/workspace/8-2-build-linux-amd64/jdk8u121/8372/hotspot/src/share/vm/prims/methodHandles.cpp, line 1146]
Event: 0.119 Thread 0x00007f2ad400d800 Exception <a 'java/security/PrivilegedActionException'> (0x000000076d2ff328) thrown at [/HUDSON3/workspace/8-2-build-linux-amd64/jdk8u121/8372/hotspot/src/share/vm/prims/jvm.cpp, line 1390]
Event: 0.119 Thread 0x00007f2ad400d800 Exception <a 'java/security/PrivilegedActionException'> (0x000000076d2ff538) thrown at [/HUDSON3/workspace/8-2-build-linux-amd64/jdk8u121/8372/hotspot/src/share/vm/prims/jvm.cpp, line 1390]
Event: 0.119 Thread 0x00007f2ad400d800 Exception <a 'java/security/PrivilegedActionException'> (0x000000076d301a60) thrown at [/HUDSON3/workspace/8-2-build-linux-amd64/jdk8u121/8372/hotspot/src/share/vm/prims/jvm.cpp, line 1390]
Event: 0.119 Thread 0x00007f2ad400d800 Exception <a 'java/security/PrivilegedActionException'> (0x000000076d301c70) thrown at [/HUDSON3/workspace/8-2-build-linux-amd64/jdk8u121/8372/hotspot/src/share/vm/prims/jvm.cpp, line 1390]
Event: 0.221 Thread 0x00007f2ad400d800 Exception <a 'sun/nio/fs/UnixException'> (0x000000076d7436a8) thrown at [/HUDSON3/workspace/8-2-build-linux-amd64/jdk8u121/8372/hotspot/src/share/vm/prims/jni.cpp, line 709]

Events (10 events):
Event: 0.344 loading class java/util/stream/ReferencePipeline$2$1
Event: 0.344 loading class java/util/stream/Sink$ChainedReference
Event: 0.344 loading class java/util/stream/Sink$ChainedReference done
Event: 0.344 loading class java/util/stream/ReferencePipeline$2$1 done
Event: 0.345 loading class sun/reflect/UnsafeQualifiedLongFieldAccessorImpl
Event: 0.345 loading class sun/reflect/UnsafeQualifiedFieldAccessorImpl
Event: 0.345 loading class sun/reflect/UnsafeQualifiedFieldAccessorImpl done
Event: 0.345 loading class sun/reflect/UnsafeQualifiedLongFieldAccessorImpl done
Event: 0.348 loading class org/lwjgl/opengl/GL$ICDStatic$WriteOnce
Event: 0.348 loading class org/lwjgl/opengl/GL$ICDStatic$WriteOnce done


Dynamic libraries:
00400000-00401000 r-xp 00000000 fd:00 3287279                            /home/macmv/bin/jdk1.8.0_121/bin/java
00600000-00601000 rw-p 00000000 fd:00 3287279                            /home/macmv/bin/jdk1.8.0_121/bin/java
01cae000-01ccf000 rw-p 00000000 00:00 0                                  [heap]
6c6800000-6d0f00000 rw-p 00000000 00:00 0 
6d0f00000-76cd80000 ---p 00000000 00:00 0 
76cd80000-772080000 rw-p 00000000 00:00 0 
772080000-7c0000000 ---p 00000000 00:00 0 
7c0000000-7c00c0000 rw-p 00000000 00:00 0 
7c00c0000-800000000 ---p 00000000 00:00 0 
7f2a80000000-7f2a80021000 rw-p 00000000 00:00 0 
7f2a80021000-7f2a84000000 ---p 00000000 00:00 0 
7f2a842bb000-7f2a84324000 r-xp 00000000 fd:00 10486112                   /tmp/lwjglmacmv/3.1.2-build-29/liblwjgl_opengl.so
7f2a84324000-7f2a84523000 ---p 00069000 fd:00 10486112                   /tmp/lwjglmacmv/3.1.2-build-29/liblwjgl_opengl.so
7f2a84523000-7f2a84524000 r--p 00068000 fd:00 10486112                   /tmp/lwjglmacmv/3.1.2-build-29/liblwjgl_opengl.so
7f2a84524000-7f2a84525000 rw-p 00069000 fd:00 10486112                   /tmp/lwjglmacmv/3.1.2-build-29/liblwjgl_opengl.so
7f2a84525000-7f2a8455c000 r-xp 00000000 fd:00 1713277                    /usr/lib/x86_64-linux-gnu/libtxc_dxtn_s2tc.so.0.0.0
7f2a8455c000-7f2a8475b000 ---p 00037000 fd:00 1713277                    /usr/lib/x86_64-linux-gnu/libtxc_dxtn_s2tc.so.0.0.0
7f2a8475b000-7f2a8475c000 r--p 00036000 fd:00 1713277                    /usr/lib/x86_64-linux-gnu/libtxc_dxtn_s2tc.so.0.0.0
7f2a8475c000-7f2a8475d000 rw-p 00037000 fd:00 1713277                    /usr/lib/x86_64-linux-gnu/libtxc_dxtn_s2tc.so.0.0.0
7f2a8475d000-7f2a84776000 r-xp 00000000 fd:00 791014                     /lib/x86_64-linux-gnu/libz.so.1.2.8
7f2a84776000-7f2a84975000 ---p 00019000 fd:00 791014                     /lib/x86_64-linux-gnu/libz.so.1.2.8
7f2a84975000-7f2a84976000 r--p 00018000 fd:00 791014                     /lib/x86_64-linux-gnu/libz.so.1.2.8
7f2a84976000-7f2a84977000 rw-p 00019000 fd:00 791014                     /lib/x86_64-linux-gnu/libz.so.1.2.8
7f2a84977000-7f2a8497f000 r-xp 00000000 fd:00 1713033                    /usr/lib/x86_64-linux-gnu/libpciaccess.so.0.11.1
7f2a8497f000-7f2a84b7f000 ---p 00008000 fd:00 1713033                    /usr/lib/x86_64-linux-gnu/libpciaccess.so.0.11.1
7f2a84b7f000-7f2a84b80000 r--p 00008000 fd:00 1713033                    /usr/lib/x86_64-linux-gnu/libpciaccess.so.0.11.1
7f2a84b80000-7f2a84b81000 rw-p 00009000 fd:00 1713033                    /usr/lib/x86_64-linux-gnu/libpciaccess.so.0.11.1
7f2a84b81000-7f2a84b93000 r-xp 00000000 fd:00 791034                     /lib/x86_64-linux-gnu/libgpg-error.so.0.17.0
7f2a84b93000-7f2a84d93000 ---p 00012000 fd:00 791034                     /lib/x86_64-linux-gnu/libgpg-error.so.0.17.0
7f2a84d93000-7f2a84d94000 r--p 00012000 fd:00 791034                     /lib/x86_64-linux-gnu/libgpg-error.so.0.17.0
7f2a84d94000-7f2a84d95000 rw-p 00013000 fd:00 791034                     /lib/x86_64-linux-gnu/libgpg-error.so.0.17.0
7f2a84d95000-7f2a84f07000 r-xp 00000000 fd:00 1713227                    /usr/lib/x86_64-linux-gnu/libstdc++.so.6.0.21
7f2a84f07000-7f2a85107000 ---p 00172000 fd:00 1713227                    /usr/lib/x86_64-linux-gnu/libstdc++.so.6.0.21
7f2a85107000-7f2a85111000 r--p 00172000 fd:00 1713227                    /usr/lib/x86_64-linux-gnu/libstdc++.so.6.0.21
7f2a85111000-7f2a85113000 rw-p 0017c000 fd:00 1713227                    /usr/lib/x86_64-linux-gnu/libstdc++.so.6.0.21
7f2a85113000-7f2a85117000 rw-p 00000000 00:00 0 
7f2a85117000-7f2a85122000 r-xp 00000000 fd:00 1712382                    /usr/lib/x86_64-linux-gnu/libdrm_radeon.so.1.0.1
7f2a85122000-7f2a85321000 ---p 0000b000 fd:00 1712382                    /usr/lib/x86_64-linux-gnu/libdrm_radeon.so.1.0.1
7f2a85321000-7f2a85322000 r--p 0000a000 fd:00 1712382                    /usr/lib/x86_64-linux-gnu/libdrm_radeon.so.1.0.1
7f2a85322000-7f2a85323000 rw-p 0000b000 fd:00 1712382                    /usr/lib/x86_64-linux-gnu/libdrm_radeon.so.1.0.1
7f2a85323000-7f2a8532a000 r-xp 00000000 fd:00 1712380                    /usr/lib/x86_64-linux-gnu/libdrm_nouveau.so.2.0.0
7f2a8532a000-7f2a85529000 ---p 00007000 fd:00 1712380                    /usr/lib/x86_64-linux-gnu/libdrm_nouveau.so.2.0.0
7f2a85529000-7f2a8552a000 r--p 00006000 fd:00 1712380                    /usr/lib/x86_64-linux-gnu/libdrm_nouveau.so.2.0.0
7f2a8552a000-7f2a8552b000 rw-p 00007000 fd:00 1712380                    /usr/lib/x86_64-linux-gnu/libdrm_nouveau.so.2.0.0
7f2a8552b000-7f2a8554b000 r-xp 00000000 fd:00 1712378                    /usr/lib/x86_64-linux-gnu/libdrm_intel.so.1.0.0
7f2a8554b000-7f2a8574a000 ---p 00020000 fd:00 1712378                    /usr/lib/x86_64-linux-gnu/libdrm_intel.so.1.0.0
7f2a8574a000-7f2a8574b000 r--p 0001f000 fd:00 1712378                    /usr/lib/x86_64-linux-gnu/libdrm_intel.so.1.0.0
7f2a8574b000-7f2a8574c000 rw-p 00020000 fd:00 1712378                    /usr/lib/x86_64-linux-gnu/libdrm_intel.so.1.0.0
7f2a8574c000-7f2a85824000 r-xp 00000000 fd:00 786446                     /lib/x86_64-linux-gnu/libgcrypt.so.20.0.5
7f2a85824000-7f2a85a23000 ---p 000d8000 fd:00 786446                     /lib/x86_64-linux-gnu/libgcrypt.so.20.0.5
7f2a85a23000-7f2a85a24000 r--p 000d7000 fd:00 786446                     /lib/x86_64-linux-gnu/libgcrypt.so.20.0.5
7f2a85a24000-7f2a85a2c000 rw-p 000d8000 fd:00 786446                     /lib/x86_64-linux-gnu/libgcrypt.so.20.0.5
7f2a85a2c000-7f2a85a2d000 rw-p 00000000 00:00 0 
7f2a85a2d000-7f2a8608d000 r-xp 00000000 fd:00 1968700                    /usr/lib/x86_64-linux-gnu/dri/i965_dri.so
7f2a8608d000-7f2a8628d000 ---p 00660000 fd:00 1968700                    /usr/lib/x86_64-linux-gnu/dri/i965_dri.so
7f2a8628d000-7f2a862cc000 r--p 00660000 fd:00 1968700                    /usr/lib/x86_64-linux-gnu/dri/i965_dri.so
7f2a862cc000-7f2a862d4000 rw-p 0069f000 fd:00 1968700                    /usr/lib/x86_64-linux-gnu/dri/i965_dri.so
7f2a862d4000-7f2a862dc000 rw-p 00000000 00:00 0 
7f2a862dc000-7f2a862ea000 r-xp 00000000 fd:00 1712374                    /usr/lib/x86_64-linux-gnu/libdrm.so.2.4.0
7f2a862ea000-7f2a864e9000 ---p 0000e000 fd:00 1712374                    /usr/lib/x86_64-linux-gnu/libdrm.so.2.4.0
7f2a864e9000-7f2a864ea000 r--p 0000d000 fd:00 1712374                    /usr/lib/x86_64-linux-gnu/libdrm.so.2.4.0
7f2a864ea000-7f2a864eb000 rw-p 0000e000 fd:00 1712374                    /usr/lib/x86_64-linux-gnu/libdrm.so.2.4.0
7f2a864eb000-7f2a864ef000 r-xp 00000000 fd:00 1713444                    /usr/lib/x86_64-linux-gnu/libxcb-dri2.so.0.0.0
7f2a864ef000-7f2a866ee000 ---p 00004000 fd:00 1713444                    /usr/lib/x86_64-linux-gnu/libxcb-dri2.so.0.0.0
7f2a866ee000-7f2a866ef000 r--p 00003000 fd:00 1713444                    /usr/lib/x86_64-linux-gnu/libxcb-dri2.so.0.0.0
7f2a866ef000-7f2a866f0000 rw-p 00004000 fd:00 1713444                    /usr/lib/x86_64-linux-gnu/libxcb-dri2.so.0.0.0
7f2a866f0000-7f2a86707000 r-xp 00000000 fd:00 1713448                    /usr/lib/x86_64-linux-gnu/libxcb-glx.so.0.0.0
7f2a86707000-7f2a86906000 ---p 00017000 fd:00 1713448                    /usr/lib/x86_64-linux-gnu/libxcb-glx.so.0.0.0
7f2a86906000-7f2a86908000 r--p 00016000 fd:00 1713448                    /usr/lib/x86_64-linux-gnu/libxcb-glx.so.0.0.0
7f2a86908000-7f2a86909000 rw-p 00018000 fd:00 1713448                    /usr/lib/x86_64-linux-gnu/libxcb-glx.so.0.0.0
7f2a86909000-7f2a8690b000 r-xp 00000000 fd:00 1712076                    /usr/lib/x86_64-linux-gnu/libXdamage.so.1.1.0
7f2a8690b000-7f2a86b0a000 ---p 00002000 fd:00 1712076                    /usr/lib/x86_64-linux-gnu/libXdamage.so.1.1.0
7f2a86b0a000-7f2a86b0b000 r--p 00001000 fd:00 1712076                    /usr/lib/x86_64-linux-gnu/libXdamage.so.1.1.0
7f2a86b0b000-7f2a86b0c000 rw-p 00002000 fd:00 1712076                    /usr/lib/x86_64-linux-gnu/libXdamage.so.1.1.0
7f2a86b0c000-7f2a86b35000 r-xp 00000000 fd:00 1712575                    /usr/lib/x86_64-linux-gnu/libglapi.so.0.0.0
7f2a86b35000-7f2a86d35000 ---p 00029000 fd:00 1712575                    /usr/lib/x86_64-linux-gnu/libglapi.so.0.0.0
7f2a86d35000-7f2a86d39000 r--p 00029000 fd:00 1712575                    /usr/lib/x86_64-linux-gnu/libglapi.so.0.0.0
7f2a86d39000-7f2a86d3a000 rw-p 0002d000 fd:00 1712575                    /usr/lib/x86_64-linux-gnu/libglapi.so.0.0.0
7f2a86d3a000-7f2a86d3b000 rw-p 00000000 00:00 0 
7f2a86d3b000-7f2a86d3c000 r-xp 00000000 fd:00 1713488                    /usr/lib/x86_64-linux-gnu/libxshmfence.so.1.0.0
7f2a86d3c000-7f2a86f3c000 ---p 00001000 fd:00 1713488                    /usr/lib/x86_64-linux-gnu/libxshmfence.so.1.0.0
7f2a86f3c000-7f2a86f3d000 r--p 00001000 fd:00 1713488                    /usr/lib/x86_64-linux-gnu/libxshmfence.so.1.0.0
7f2a86f3d000-7f2a86f3e000 rw-p 00002000 fd:00 1713488                    /usr/lib/x86_64-linux-gnu/libxshmfence.so.1.0.0
7f2a86f3e000-7f2a86f43000 r-xp 00000000 fd:00 1713468                    /usr/lib/x86_64-linux-gnu/libxcb-sync.so.1.0.0
7f2a86f43000-7f2a87143000 ---p 00005000 fd:00 1713468                    /usr/lib/x86_64-linux-gnu/libxcb-sync.so.1.0.0
7f2a87143000-7f2a87144000 r--p 00005000 fd:00 1713468                    /usr/lib/x86_64-linux-gnu/libxcb-sync.so.1.0.0
7f2a87144000-7f2a87145000 rw-p 00006000 fd:00 1713468                    /usr/lib/x86_64-linux-gnu/libxcb-sync.so.1.0.0
7f2a87145000-7f2a87147000 r-xp 00000000 fd:00 1713456                    /usr/lib/x86_64-linux-gnu/libxcb-present.so.0.0.0
7f2a87147000-7f2a87346000 ---p 00002000 fd:00 1713456                    /usr/lib/x86_64-linux-gnu/libxcb-present.so.0.0.0
7f2a87346000-7f2a87347000 r--p 00001000 fd:00 1713456                    /usr/lib/x86_64-linux-gnu/libxcb-present.so.0.0.0
7f2a87347000-7f2a87348000 rw-p 00002000 fd:00 1713456                    /usr/lib/x86_64-linux-gnu/libxcb-present.so.0.0.0
7f2a87348000-7f2a8734a000 r-xp 00000000 fd:00 1713446                    /usr/lib/x86_64-linux-gnu/libxcb-dri3.so.0.0.0
7f2a8734a000-7f2a87549000 ---p 00002000 fd:00 1713446                    /usr/lib/x86_64-linux-gnu/libxcb-dri3.so.0.0.0
7f2a87549000-7f2a8754a000 r--p 00001000 fd:00 1713446                    /usr/lib/x86_64-linux-gnu/libxcb-dri3.so.0.0.0
7f2a8754a000-7f2a8754b000 rw-p 00002000 fd:00 1713446                    /usr/lib/x86_64-linux-gnu/libxcb-dri3.so.0.0.0
7f2a8754b000-7f2a87571000 r-xp 00000000 fd:00 786603                     /lib/x86_64-linux-gnu/libexpat.so.1.6.0
7f2a87571000-7f2a87771000 ---p 00026000 fd:00 786603                     /lib/x86_64-linux-gnu/libexpat.so.1.6.0
7f2a87771000-7f2a87773000 r--p 00026000 fd:00 786603                     /lib/x86_64-linux-gnu/libexpat.so.1.6.0
7f2a87773000-7f2a87774000 rw-p 00028000 fd:00 786603                     /lib/x86_64-linux-gnu/libexpat.so.1.6.0
7f2a87774000-7f2a877e4000 r-xp 00000000 fd:00 1969676                    /usr/lib/x86_64-linux-gnu/mesa/libGL.so.1.2.0
7f2a877e4000-7f2a879e3000 ---p 00070000 fd:00 1969676                    /usr/lib/x86_64-linux-gnu/mesa/libGL.so.1.2.0
7f2a879e3000-7f2a879e6000 r--p 0006f000 fd:00 1969676                    /usr/lib/x86_64-linux-gnu/mesa/libGL.so.1.2.0
7f2a879e6000-7f2a879e7000 rw-p 00072000 fd:00 1969676                    /usr/lib/x86_64-linux-gnu/mesa/libGL.so.1.2.0
7f2a879e7000-7f2a879e8000 rw-p 00000000 00:00 0 
7f2a879e8000-7f2a879e9000 r-xp 00000000 fd:00 1712061                    /usr/lib/x86_64-linux-gnu/libX11-xcb.so.1.0.0
7f2a879e9000-7f2a87be8000 ---p 00001000 fd:00 1712061                    /usr/lib/x86_64-linux-gnu/libX11-xcb.so.1.0.0
7f2a87be8000-7f2a87be9000 r--p 00000000 fd:00 1712061                    /usr/lib/x86_64-linux-gnu/libX11-xcb.so.1.0.0
7f2a87be9000-7f2a87bea000 rw-p 00001000 fd:00 1712061                    /usr/lib/x86_64-linux-gnu/libX11-xcb.so.1.0.0
7f2a87bea000-7f2a87bf9000 r-xp 00000000 fd:00 1712088                    /usr/lib/x86_64-linux-gnu/libXi.so.6.1.0
7f2a87bf9000-7f2a87df8000 ---p 0000f000 fd:00 1712088                    /usr/lib/x86_64-linux-gnu/libXi.so.6.1.0
7f2a87df8000-7f2a87df9000 r--p 0000e000 fd:00 1712088                    /usr/lib/x86_64-linux-gnu/libXi.so.6.1.0
7f2a87df9000-7f2a87dfa000 rw-p 0000f000 fd:00 1712088                    /usr/lib/x86_64-linux-gnu/libXi.so.6.1.0
7f2a87dfa000-7f2a87dff000 r-xp 00000000 fd:00 1712116                    /usr/lib/x86_64-linux-gnu/libXxf86vm.so.1.0.0
7f2a87dff000-7f2a87ffe000 ---p 00005000 fd:00 1712116                    /usr/lib/x86_64-linux-gnu/libXxf86vm.so.1.0.0
7f2a87ffe000-7f2a87fff000 r--p 00004000 fd:00 1712116                    /usr/lib/x86_64-linux-gnu/libXxf86vm.so.1.0.0
7f2a87fff000-7f2a88000000 rw-p 00005000 fd:00 1712116                    /usr/lib/x86_64-linux-gnu/libXxf86vm.so.1.0.0
7f2a88000000-7f2a8816c000 rw-p 00000000 00:00 0 
7f2a8816c000-7f2a8c000000 ---p 00000000 00:00 0 
7f2a8c000000-7f2a8c021000 rw-p 00000000 00:00 0 
7f2a8c021000-7f2a90000000 ---p 00000000 00:00 0 
7f2a90000000-7f2a90284000 rw-p 00000000 00:00 0 
7f2a90284000-7f2a94000000 ---p 00000000 00:00 0 
7f2a94000000-7f2a94123000 rw-p 00000000 00:00 0 
7f2a94123000-7f2a98000000 ---p 00000000 00:00 0 
7f2a98000000-7f2a98021000 rw-p 00000000 00:00 0 
7f2a98021000-7f2a9c000000 ---p 00000000 00:00 0 
7f2a9c000000-7f2a9c021000 rw-p 00000000 00:00 0 
7f2a9c021000-7f2aa0000000 ---p 00000000 00:00 0 
7f2aa0000000-7f2aa0021000 rw-p 00000000 00:00 0 
7f2aa0021000-7f2aa4000000 ---p 00000000 00:00 0 
7f2aa4000000-7f2aa4021000 rw-p 00000000 00:00 0 
7f2aa4021000-7f2aa8000000 ---p 00000000 00:00 0 
7f2aa8000000-7f2aa8021000 rw-p 00000000 00:00 0 
7f2aa8021000-7f2aac000000 ---p 00000000 00:00 0 
7f2aac03e000-7f2aac043000 r-xp 00000000 fd:00 1712078                    /usr/lib/x86_64-linux-gnu/libXdmcp.so.6.0.0
7f2aac043000-7f2aac242000 ---p 00005000 fd:00 1712078                    /usr/lib/x86_64-linux-gnu/libXdmcp.so.6.0.0
7f2aac242000-7f2aac243000 r--p 00004000 fd:00 1712078                    /usr/lib/x86_64-linux-gnu/libXdmcp.so.6.0.0
7f2aac243000-7f2aac244000 rw-p 00005000 fd:00 1712078                    /usr/lib/x86_64-linux-gnu/libXdmcp.so.6.0.0
7f2aac244000-7f2aac246000 r-xp 00000000 fd:00 1712067                    /usr/lib/x86_64-linux-gnu/libXau.so.6.0.0
7f2aac246000-7f2aac446000 ---p 00002000 fd:00 1712067                    /usr/lib/x86_64-linux-gnu/libXau.so.6.0.0
7f2aac446000-7f2aac447000 r--p 00002000 fd:00 1712067                    /usr/lib/x86_64-linux-gnu/libXau.so.6.0.0
7f2aac447000-7f2aac448000 rw-p 00003000 fd:00 1712067                    /usr/lib/x86_64-linux-gnu/libXau.so.6.0.0
7f2aac448000-7f2aac44d000 r-xp 00000000 fd:00 1712082                    /usr/lib/x86_64-linux-gnu/libXfixes.so.3.1.0
7f2aac44d000-7f2aac64c000 ---p 00005000 fd:00 1712082                    /usr/lib/x86_64-linux-gnu/libXfixes.so.3.1.0
7f2aac64c000-7f2aac64d000 r--p 00004000 fd:00 1712082                    /usr/lib/x86_64-linux-gnu/libXfixes.so.3.1.0
7f2aac64d000-7f2aac64e000 rw-p 00005000 fd:00 1712082                    /usr/lib/x86_64-linux-gnu/libXfixes.so.3.1.0
7f2aac64e000-7f2aac657000 r-xp 00000000 fd:00 1712100                    /usr/lib/x86_64-linux-gnu/libXrender.so.1.3.0
7f2aac657000-7f2aac856000 ---p 00009000 fd:00 1712100                    /usr/lib/x86_64-linux-gnu/libXrender.so.1.3.0
7f2aac856000-7f2aac857000 r--p 00008000 fd:00 1712100                    /usr/lib/x86_64-linux-gnu/libXrender.so.1.3.0
7f2aac857000-7f2aac858000 rw-p 00009000 fd:00 1712100                    /usr/lib/x86_64-linux-gnu/libXrender.so.1.3.0
7f2aac858000-7f2aac869000 r-xp 00000000 fd:00 1712080                    /usr/lib/x86_64-linux-gnu/libXext.so.6.4.0
7f2aac869000-7f2aaca68000 ---p 00011000 fd:00 1712080                    /usr/lib/x86_64-linux-gnu/libXext.so.6.4.0
7f2aaca68000-7f2aaca69000 r--p 00010000 fd:00 1712080                    /usr/lib/x86_64-linux-gnu/libXext.so.6.4.0
7f2aaca69000-7f2aaca6a000 rw-p 00011000 fd:00 1712080                    /usr/lib/x86_64-linux-gnu/libXext.so.6.4.0
7f2aaca6a000-7f2aaca8b000 r-xp 00000000 fd:00 1713476                    /usr/lib/x86_64-linux-gnu/libxcb.so.1.1.0
7f2aaca8b000-7f2aacc8a000 ---p 00021000 fd:00 1713476                    /usr/lib/x86_64-linux-gnu/libxcb.so.1.1.0
7f2aacc8a000-7f2aacc8b000 r--p 00020000 fd:00 1713476                    /usr/lib/x86_64-linux-gnu/libxcb.so.1.1.0
7f2aacc8b000-7f2aacc8c000 rw-p 00021000 fd:00 1713476                    /usr/lib/x86_64-linux-gnu/libxcb.so.1.1.0
7f2aacc8c000-7f2aacc95000 r-xp 00000000 fd:00 1712074                    /usr/lib/x86_64-linux-gnu/libXcursor.so.1.0.2
7f2aacc95000-7f2aace94000 ---p 00009000 fd:00 1712074                    /usr/lib/x86_64-linux-gnu/libXcursor.so.1.0.2
7f2aace94000-7f2aace95000 r--p 00008000 fd:00 1712074                    /usr/lib/x86_64-linux-gnu/libXcursor.so.1.0.2
7f2aace95000-7f2aace96000 rw-p 00009000 fd:00 1712074                    /usr/lib/x86_64-linux-gnu/libXcursor.so.1.0.2
7f2aace96000-7f2aace98000 r-xp 00000000 fd:00 1712090                    /usr/lib/x86_64-linux-gnu/libXinerama.so.1.0.0
7f2aace98000-7f2aad097000 ---p 00002000 fd:00 1712090                    /usr/lib/x86_64-linux-gnu/libXinerama.so.1.0.0
7f2aad097000-7f2aad098000 r--p 00001000 fd:00 1712090                    /usr/lib/x86_64-linux-gnu/libXinerama.so.1.0.0
7f2aad098000-7f2aad099000 rw-p 00002000 fd:00 1712090                    /usr/lib/x86_64-linux-gnu/libXinerama.so.1.0.0
7f2aad099000-7f2aad0a3000 r-xp 00000000 fd:00 1712098                    /usr/lib/x86_64-linux-gnu/libXrandr.so.2.2.0
7f2aad0a3000-7f2aad2a2000 ---p 0000a000 fd:00 1712098                    /usr/lib/x86_64-linux-gnu/libXrandr.so.2.2.0
7f2aad2a2000-7f2aad2a3000 r--p 00009000 fd:00 1712098                    /usr/lib/x86_64-linux-gnu/libXrandr.so.2.2.0
7f2aad2a3000-7f2aad2a4000 rw-p 0000a000 fd:00 1712098                    /usr/lib/x86_64-linux-gnu/libXrandr.so.2.2.0
7f2aad2a4000-7f2aad3d9000 r-xp 00000000 fd:00 1712063                    /usr/lib/x86_64-linux-gnu/libX11.so.6.3.0
7f2aad3d9000-7f2aad5d9000 ---p 00135000 fd:00 1712063                    /usr/lib/x86_64-linux-gnu/libX11.so.6.3.0
7f2aad5d9000-7f2aad5da000 r--p 00135000 fd:00 1712063                    /usr/lib/x86_64-linux-gnu/libX11.so.6.3.0
7f2aad5da000-7f2aad5de000 rw-p 00136000 fd:00 1712063                    /usr/lib/x86_64-linux-gnu/libX11.so.6.3.0
7f2aad5de000-7f2aad5fe000 r-xp 00000000 fd:00 10486109                   /tmp/lwjglmacmv/3.1.2-build-29/libglfw.so
7f2aad5fe000-7f2aad7fd000 ---p 00020000 fd:00 10486109                   /tmp/lwjglmacmv/3.1.2-build-29/libglfw.so
7f2aad7fd000-7f2aad7fe000 r--p 0001f000 fd:00 10486109                   /tmp/lwjglmacmv/3.1.2-build-29/libglfw.so
7f2aad7fe000-7f2aad7ff000 rw-p 00020000 fd:00 10486109                   /tmp/lwjglmacmv/3.1.2-build-29/libglfw.so
7f2aad7ff000-7f2aad800000 rw-p 00000000 00:00 0 
7f2aad800000-7f2aada00000 rw-p 00000000 00:00 0 
7f2aada86000-7f2aadae6000 rw-s 10168b000 00:06 12940                     /dev/dri/card0
7f2aadae6000-7f2aadb04000 r-xp 00000000 fd:00 790928                     /lib/x86_64-linux-gnu/libudev.so.1.6.4
7f2aadb04000-7f2aadb05000 r--p 0001d000 fd:00 790928                     /lib/x86_64-linux-gnu/libudev.so.1.6.4
7f2aadb05000-7f2aadb06000 rw-p 0001e000 fd:00 790928                     /lib/x86_64-linux-gnu/libudev.so.1.6.4
7f2aadb2d000-7f2aadb68000 r-xp 00000000 fd:00 10486106                   /tmp/lwjglmacmv/3.1.2-build-29/libjemalloc.so
7f2aadb68000-7f2aadd67000 ---p 0003b000 fd:00 10486106                   /tmp/lwjglmacmv/3.1.2-build-29/libjemalloc.so
7f2aadd67000-7f2aadd6a000 r--p 0003a000 fd:00 10486106                   /tmp/lwjglmacmv/3.1.2-build-29/libjemalloc.so
7f2aadd6a000-7f2aadd6b000 rw-p 0003d000 fd:00 10486106                   /tmp/lwjglmacmv/3.1.2-build-29/libjemalloc.so
7f2aadd6b000-7f2aadd6c000 rw-p 00000000 00:00 0 
7f2aadd6c000-7f2aadd82000 r-xp 00000000 fd:00 791028                     /lib/x86_64-linux-gnu/libgcc_s.so.1
7f2aadd82000-7f2aadf81000 ---p 00016000 fd:00 791028                     /lib/x86_64-linux-gnu/libgcc_s.so.1
7f2aadf81000-7f2aadf82000 rw-p 00015000 fd:00 791028                     /lib/x86_64-linux-gnu/libgcc_s.so.1
7f2aadf89000-7f2aadf8a000 rw-s 00000000 00:05 126487                     /memfd:xshmfence (deleted)
7f2aadf8a000-7f2aadf8b000 rwxp 00000000 00:00 0 
7f2aadf8b000-7f2aadf8c000 r-xp 00000000 00:00 0 
7f2aadf8c000-7f2aadf94000 rw-s 00000000 00:05 124584                     /drm mm object (deleted)
7f2aadf94000-7f2aadf95000 rw-s 00000000 00:05 124576                     /memfd:xshmfence (deleted)
7f2aadf95000-7f2aadf96000 rw-s 10168a000 00:06 12940                     /dev/dri/card0
7f2aadf96000-7f2aadf9e000 rw-s 00000000 00:05 124572                     /drm mm object (deleted)
7f2aadf9e000-7f2aadfa5000 r--s 00000000 fd:00 1976491                    /usr/lib/x86_64-linux-gnu/gconv/gconv-modules.cache
7f2aadfa5000-7f2aadfa6000 r-xp 00000000 00:00 0 
7f2aadfa6000-7f2aadfa9000 r--s 00015000 fd:00 3070046                    /home/macmv/Desktop/Bit Platformer/EternalCaves/lib/jars/slick-util.jar
7f2aadfa9000-7f2aadff9000 r-xp 00000000 fd:00 10486105                   /tmp/lwjglmacmv/3.1.2-build-29/liblwjgl.so
7f2aadff9000-7f2aae1f8000 ---p 00050000 fd:00 10486105                   /tmp/lwjglmacmv/3.1.2-build-29/liblwjgl.so
7f2aae1f8000-7f2aae1f9000 r--p 0004f000 fd:00 10486105                   /tmp/lwjglmacmv/3.1.2-build-29/liblwjgl.so
7f2aae1f9000-7f2aae1fa000 rw-p 00050000 fd:00 10486105                   /tmp/lwjglmacmv/3.1.2-build-29/liblwjgl.so
7f2aae1fa000-7f2aae4fb000 rw-p 00000000 00:00 0 
7f2aae4fb000-7f2aae511000 r-xp 00000000 fd:00 3413368                    /home/macmv/bin/jdk1.8.0_121/jre/lib/amd64/libnet.so
7f2aae511000-7f2aae711000 ---p 00016000 fd:00 3413368                    /home/macmv/bin/jdk1.8.0_121/jre/lib/amd64/libnet.so
7f2aae711000-7f2aae712000 rw-p 00016000 fd:00 3413368                    /home/macmv/bin/jdk1.8.0_121/jre/lib/amd64/libnet.so
7f2aae712000-7f2aae723000 r-xp 00000000 fd:00 3416836                    /home/macmv/bin/jdk1.8.0_121/jre/lib/amd64/libnio.so
7f2aae723000-7f2aae922000 ---p 00011000 fd:00 3416836                    /home/macmv/bin/jdk1.8.0_121/jre/lib/amd64/libnio.so
7f2aae922000-7f2aae923000 rw-p 00010000 fd:00 3416836                    /home/macmv/bin/jdk1.8.0_121/jre/lib/amd64/libnio.so
7f2aae923000-7f2aae936000 r--s 00345000 fd:00 3287366                    /home/macmv/bin/jdk1.8.0_121/jre/lib/resources.jar
7f2aae936000-7f2aae93b000 r--s 0003e000 fd:00 3070496                    /home/macmv/Desktop/Bit Platformer/EternalCaves/lib/jars/lwjgl.jar
7f2aae93b000-7f2aae93d000 r--s 0000a000 fd:00 3070495                    /home/macmv/Desktop/Bit Platformer/EternalCaves/lib/jars/lwjgl-yoga.jar
7f2aae93d000-7f2aae93f000 r--s 00007000 fd:00 3070494                    /home/macmv/Desktop/Bit Platformer/EternalCaves/lib/jars/lwjgl-yoga-sources.jar
7f2aae93f000-7f2aae940000 r--s 0000a000 fd:00 3070493                    /home/macmv/Desktop/Bit Platformer/EternalCaves/lib/jars/lwjgl-yoga-natives-linux.jar
7f2aae940000-7f2aae943000 r--s 00074000 fd:00 3070492                    /home/macmv/Desktop/Bit Platformer/EternalCaves/lib/jars/lwjgl-yoga-javadoc.jar
7f2aae943000-7f2aae944000 r--s 00004000 fd:00 3070491                    /home/macmv/Desktop/Bit Platformer/EternalCaves/lib/jars/lwjgl-xxhash.jar
7f2aae944000-7f2aae945000 r--s 00003000 fd:00 3070490                    /home/macmv/Desktop/Bit Platformer/EternalCaves/lib/jars/lwjgl-xxhash-sources.jar
7f2aae945000-7f2aae946000 r--s 00001000 fd:00 3070489                    /home/macmv/Desktop/Bit Platformer/EternalCaves/lib/jars/lwjgl-xxhash-natives-linux.jar
7f2aae946000-7f2aae948000 r--s 00062000 fd:00 3070488                    /home/macmv/Desktop/Bit Platformer/EternalCaves/lib/jars/lwjgl-xxhash-javadoc.jar
7f2aae948000-7f2aae956000 r--s 000f3000 fd:00 3070487                    /home/macmv/Desktop/Bit Platformer/EternalCaves/lib/jars/lwjgl-vulkan.jar
7f2aae956000-7f2aae95e000 r--s 00102000 fd:00 3070486                    /home/macmv/Desktop/Bit Platformer/EternalCaves/lib/jars/lwjgl-vulkan-sources.jar
7f2aae95e000-7f2aae96d000 r--s 00356000 fd:00 3070485                    /home/macmv/Desktop/Bit Platformer/EternalCaves/lib/jars/lwjgl-vulkan-javadoc.jar
7f2aae96d000-7f2aae96e000 r--s 00001000 fd:00 3070484                    /home/macmv/Desktop/Bit Platformer/EternalCaves/lib/jars/lwjgl-tinyfd.jar
7f2aae96e000-7f2aae96f000 r--s 00000000 fd:00 3070483                    /home/macmv/Desktop/Bit Platformer/EternalCaves/lib/jars/lwjgl-tinyfd-sources.jar
7f2aae96f000-7f2aae970000 r--s 00008000 fd:00 3070482                    /home/macmv/Desktop/Bit Platformer/EternalCaves/lib/jars/lwjgl-tinyfd-natives-linux.jar
7f2aae970000-7f2aae972000 r--s 00057000 fd:00 3070481                    /home/macmv/Desktop/Bit Platformer/EternalCaves/lib/jars/lwjgl-tinyfd-javadoc.jar
7f2aae972000-7f2aae973000 r--s 00009000 fd:00 3070480                    /home/macmv/Desktop/Bit Platformer/EternalCaves/lib/jars/lwjgl-tinyexr.jar
7f2aae973000-7f2aae974000 r--s 00006000 fd:00 3070479                    /home/macmv/Desktop/Bit Platformer/EternalCaves/lib/jars/lwjgl-tinyexr-sources.jar
7f2aae974000-7f2aae975000 r--s 0000d000 fd:00 3070478                    /home/macmv/Desktop/Bit Platformer/EternalCaves/lib/jars/lwjgl-tinyexr-natives-linux.jar
7f2aae975000-7f2aae977000 r--s 0006c000 fd:00 3070477                    /home/macmv/Desktop/Bit Platformer/EternalCaves/lib/jars/lwjgl-tinyexr-javadoc.jar
7f2aae977000-7f2aae979000 r--s 00013000 fd:00 3070476                    /home/macmv/Desktop/Bit Platformer/EternalCaves/lib/jars/lwjgl-stb.jar
7f2aae979000-7f2aae97b000 r--s 00012000 fd:00 3070475                    /home/macmv/Desktop/Bit Platformer/EternalCaves/lib/jars/lwjgl-stb-sources.jar
7f2aae97b000-7f2aae97c000 r--s 0002d000 fd:00 3070474                    /home/macmv/Desktop/Bit Platformer/EternalCaves/lib/jars/lwjgl-stb-natives-linux.jar
7f2aae97c000-7f2aae97f000 r--s 0008f000 fd:00 3070473                    /home/macmv/Desktop/Bit Platformer/EternalCaves/lib/jars/lwjgl-stb-javadoc.jar
7f2aae97f000-7f2aae980000 r--s 00000000 fd:00 3070472                    /home/macmv/Desktop/Bit Platformer/EternalCaves/lib/jars/lwjgl-sse.jar
7f2aae980000-7f2aae981000 r--s 00000000 fd:00 3070471                    /home/macmv/Desktop/Bit Platformer/EternalCaves/lib/jars/lwjgl-sse-sources.jar
7f2aae981000-7f2aae982000 r--s 00000000 fd:00 3070470                    /home/macmv/Desktop/Bit Platformer/EternalCaves/lib/jars/lwjgl-sse-natives-linux.jar
7f2aae982000-7f2aae984000 r--s 00058000 fd:00 3070469                    /home/macmv/Desktop/Bit Platformer/EternalCaves/lib/jars/lwjgl-sse-javadoc.jar
7f2aae984000-7f2aae987000 r--s 00035000 fd:00 3070468                    /home/macmv/Desktop/Bit Platformer/EternalCaves/lib/jars/lwjgl-sources.jar
7f2aae987000-7f2aae989000 r--s 00001000 fd:00 3070467                    /home/macmv/Desktop/Bit Platformer/EternalCaves/lib/jars/lwjgl-par.jar
7f2aae989000-7f2aae98a000 r--s 00001000 fd:00 3070466                    /home/macmv/Desktop/Bit Platformer/EternalCaves/lib/jars/lwjgl-par-sources.jar
7f2aae98a000-7f2aae98b000 r--s 00005000 fd:00 3070465                    /home/macmv/Desktop/Bit Platformer/EternalCaves/lib/jars/lwjgl-par-natives-linux.jar
7f2aae98b000-7f2aae98d000 r--s 0005a000 fd:00 3070464                    /home/macmv/Desktop/Bit Platformer/EternalCaves/lib/jars/lwjgl-par-javadoc.jar
7f2aae98d000-7f2aae991000 r--s 00046000 fd:00 3070463                    /home/macmv/Desktop/Bit Platformer/EternalCaves/lib/jars/lwjgl-openvr.jar
7f2aae991000-7f2aae993000 r--s 00036000 fd:00 3070462                    /home/macmv/Desktop/Bit Platformer/EternalCaves/lib/jars/lwjgl-openvr-sources.jar
7f2aae993000-7f2aae995000 r--s 0001b000 fd:00 3070461                    /home/macmv/Desktop/Bit Platformer/EternalCaves/lib/jars/lwjgl-openvr-natives-linux.jar
7f2aae995000-7f2aae99a000 r--s 0011c000 fd:00 3070460                    /home/macmv/Desktop/Bit Platformer/EternalCaves/lib/jars/lwjgl-openvr-javadoc.jar
7f2aae99a000-7f2aae9a0000 r--s 00044000 fd:00 3070459                    /home/macmv/Desktop/Bit Platformer/EternalCaves/lib/jars/lwjgl-opengles.jar
7f2aae9a0000-7f2aae9a6000 r--s 00051000 fd:00 3070458                    /home/macmv/Desktop/Bit Platformer/EternalCaves/lib/jars/lwjgl-opengles-sources.jar
7f2aae9a6000-7f2aae9a7000 r--s 00007000 fd:00 3070457                    /home/macmv/Desktop/Bit Platformer/EternalCaves/lib/jars/lwjgl-opengles-natives-linux.jar
7f2aae9a7000-7f2aae9ad000 r--s 0014c000 fd:00 3070456                    /home/macmv/Desktop/Bit Platformer/EternalCaves/lib/jars/lwjgl-opengles-javadoc.jar
7f2aae9ad000-7f2aae9b7000 r--s 000ac000 fd:00 3070455                    /home/macmv/Desktop/Bit Platformer/EternalCaves/lib/jars/lwjgl-opengl.jar
7f2aae9b7000-7f2aae9c0000 r--s 000eb000 fd:00 3070454                    /home/macmv/Desktop/Bit Platformer/EternalCaves/lib/jars/lwjgl-opengl-sources.jar
7f2aae9c0000-7f2aae9c1000 r--s 00015000 fd:00 3070453                    /home/macmv/Desktop/Bit Platformer/EternalCaves/lib/jars/lwjgl-opengl-natives-linux.jar
7f2aae9c1000-7f2aae9cc000 r--s 002ad000 fd:00 3070452                    /home/macmv/Desktop/Bit Platformer/EternalCaves/lib/jars/lwjgl-opengl-javadoc.jar
7f2aae9cc000-7f2aae9cf000 r--s 00023000 fd:00 3070451                    /home/macmv/Desktop/Bit Platformer/EternalCaves/lib/jars/lwjgl-opencl.jar
7f2aae9cf000-7f2aae9d2000 r--s 00031000 fd:00 3070450                    /home/macmv/Desktop/Bit Platformer/EternalCaves/lib/jars/lwjgl-opencl-sources.jar
7f2aae9d2000-7f2aae9d6000 r--s 000ce000 fd:00 3070449                    /home/macmv/Desktop/Bit Platformer/EternalCaves/lib/jars/lwjgl-opencl-javadoc.jar
7f2aae9d6000-7f2aae9d9000 r--s 00010000 fd:00 3070448                    /home/macmv/Desktop/Bit Platformer/EternalCaves/lib/jars/lwjgl-openal.jar
7f2aae9d9000-7f2aae9db000 r--s 00010000 fd:00 3070447                    /home/macmv/Desktop/Bit Platformer/EternalCaves/lib/jars/lwjgl-openal-sources.jar
7f2aae9db000-7f2aae9dc000 r--s 00077000 fd:00 3070446                    /home/macmv/Desktop/Bit Platformer/EternalCaves/lib/jars/lwjgl-openal-natives-linux.jar
7f2aae9dc000-7f2aae9df000 r--s 0008d000 fd:00 3070445                    /home/macmv/Desktop/Bit Platformer/EternalCaves/lib/jars/lwjgl-openal-javadoc.jar
7f2aae9df000-7f2aae9e5000 r--s 00054000 fd:00 3070444                    /home/macmv/Desktop/Bit Platformer/EternalCaves/lib/jars/lwjgl-nuklear.jar
7f2aae9e5000-7f2aae9e8000 r--s 0003a000 fd:00 3070443                    /home/macmv/Desktop/Bit Platformer/EternalCaves/lib/jars/lwjgl-nuklear-sources.jar
7f2aae9e8000-7f2aae9e9000 r--s 00021000 fd:00 3070442                    /home/macmv/Desktop/Bit Platformer/EternalCaves/lib/jars/lwjgl-nuklear-natives-linux.jar
7f2aae9e9000-7f2aae9ee000 r--s 00112000 fd:00 3070441                    /home/macmv/Desktop/Bit Platformer/EternalCaves/lib/jars/lwjgl-nuklear-javadoc.jar
7f2aae9ee000-7f2aae9ef000 r--s 00001000 fd:00 3070440                    /home/macmv/Desktop/Bit Platformer/EternalCaves/lib/jars/lwjgl-nfd.jar
7f2aae9ef000-7f2aae9f0000 r--s 00001000 fd:00 3070439                    /home/macmv/Desktop/Bit Platformer/EternalCaves/lib/jars/lwjgl-nfd-sources.jar
7f2aae9f0000-7f2aae9f1000 r--s 00001000 fd:00 3070438                    /home/macmv/Desktop/Bit Platformer/EternalCaves/lib/jars/lwjgl-nfd-natives-linux.jar
7f2aae9f1000-7f2aae9f4000 r--s 00059000 fd:00 3070437                    /home/macmv/Desktop/Bit Platformer/EternalCaves/lib/jars/lwjgl-nfd-javadoc.jar
7f2aae9f4000-7f2aae9f5000 ---p 00000000 00:00 0 
7f2aae9f5000-7f2aaeaf5000 rw-p 00000000 00:00 0 
7f2aaeaf5000-7f2aaeaf8000 ---p 00000000 00:00 0 
7f2aaeaf8000-7f2aaebf6000 rw-p 00000000 00:00 0 
7f2aaebf6000-7f2aaebf9000 ---p 00000000 00:00 0 
7f2aaebf9000-7f2aaecf7000 rw-p 00000000 00:00 0 
7f2aaecf7000-7f2aaecfa000 ---p 00000000 00:00 0 
7f2aaecfa000-7f2aaedf8000 rw-p 00000000 00:00 0 
7f2aaedf8000-7f2aaedfb000 ---p 00000000 00:00 0 
7f2aaedfb000-7f2aaeef9000 rw-p 00000000 00:00 0 
7f2aaeef9000-7f2aaeefc000 ---p 00000000 00:00 0 
7f2aaeefc000-7f2aaeffa000 rw-p 00000000 00:00 0 
7f2aaeffa000-7f2aaf2d2000 r--p 00000000 fd:00 1722881                    /usr/lib/locale/locale-archive
7f2aaf2d2000-7f2aaf2d5000 ---p 00000000 00:00 0 
7f2aaf2d5000-7f2aaf3d3000 rw-p 00000000 00:00 0 
7f2aaf3d3000-7f2aaf3d6000 ---p 00000000 00:00 0 
7f2aaf3d6000-7f2aaf4d4000 rw-p 00000000 00:00 0 
7f2aaf4d4000-7f2aaf4d5000 ---p 00000000 00:00 0 
7f2aaf4d5000-7f2ab0000000 rw-p 00000000 00:00 0 
7f2ab0000000-7f2ab0021000 rw-p 00000000 00:00 0 
7f2ab0021000-7f2ab4000000 ---p 00000000 00:00 0 
7f2ab4000000-7f2ab4021000 rw-p 00000000 00:00 0 
7f2ab4021000-7f2ab8000000 ---p 00000000 00:00 0 
7f2ab8000000-7f2ab8021000 rw-p 00000000 00:00 0 
7f2ab8021000-7f2abc000000 ---p 00000000 00:00 0 
7f2abc000000-7f2abc001000 r--s 00012000 fd:00 3070436                    /home/macmv/Desktop/Bit Platformer/EternalCaves/lib/jars/lwjgl-natives-linux.jar
7f2abc001000-7f2abc003000 r--s 00008000 fd:00 3070435                    /home/macmv/Desktop/Bit Platformer/EternalCaves/lib/jars/lwjgl-nanovg.jar
7f2abc003000-7f2abc004000 r--s 00008000 fd:00 3070434                    /home/macmv/Desktop/Bit Platformer/EternalCaves/lib/jars/lwjgl-nanovg-sources.jar
7f2abc004000-7f2abc005000 r--s 00020000 fd:00 3070433                    /home/macmv/Desktop/Bit Platformer/EternalCaves/lib/jars/lwjgl-nanovg-natives-linux.jar
7f2abc005000-7f2abc007000 r--s 0006d000 fd:00 3070432                    /home/macmv/Desktop/Bit Platformer/EternalCaves/lib/jars/lwjgl-nanovg-javadoc.jar
7f2abc007000-7f2abc009000 r--s 00005000 fd:00 3070431                    /home/macmv/Desktop/Bit Platformer/EternalCaves/lib/jars/lwjgl-lmdb.jar
7f2abc009000-7f2abc00a000 r--s 00008000 fd:00 3070430                    /home/macmv/Desktop/Bit Platformer/EternalCaves/lib/jars/lwjgl-lmdb-sources.jar
7f2abc00a000-7f2abc00c000 r--s 0006b000 fd:00 3070428                    /home/macmv/Desktop/Bit Platformer/EternalCaves/lib/jars/lwjgl-lmdb-javadoc.jar
7f2abc00c000-7f2abc00e000 r--s 00007000 fd:00 3070427                    /home/macmv/Desktop/Bit Platformer/EternalCaves/lib/jars/lwjgl-jemalloc.jar
7f2abc00e000-7f2abca34000 rw-p 00000000 00:00 0 
7f2abca34000-7f2abcb74000 ---p 00000000 00:00 0 
7f2abcb74000-7f2ac5000000 rw-p 00000000 00:00 0 
7f2ac5000000-7f2ac52c0000 rwxp 00000000 00:00 0 
7f2ac52c0000-7f2ad4000000 ---p 00000000 00:00 0 
7f2ad4000000-7f2ad4a00000 rw-p 00000000 00:00 0 
7f2ad4a00000-7f2ad8000000 ---p 00000000 00:00 0 
7f2ad8000000-7f2ad8001000 r--s 0000c000 fd:00 3070429                    /home/macmv/Desktop/Bit Platformer/EternalCaves/lib/jars/lwjgl-lmdb-natives-linux.jar
7f2ad8001000-7f2ad8003000 r--s 00005000 fd:00 3070426                    /home/macmv/Desktop/Bit Platformer/EternalCaves/lib/jars/lwjgl-jemalloc-sources.jar
7f2ad8003000-7f2ad8004000 r--s 0001a000 fd:00 3070425                    /home/macmv/Desktop/Bit Platformer/EternalCaves/lib/jars/lwjgl-jemalloc-natives-linux.jar
7f2ad8004000-7f2ad8007000 r--s 0006b000 fd:00 3070424                    /home/macmv/Desktop/Bit Platformer/EternalCaves/lib/jars/lwjgl-jemalloc-javadoc.jar
7f2ad8007000-7f2ad8008000 r--s 00005000 fd:00 3070423                    /home/macmv/Desktop/Bit Platformer/EternalCaves/lib/jars/lwjgl-jawt.jar
7f2ad8008000-7f2ad8009000 r--s 00004000 fd:00 3070422                    /home/macmv/Desktop/Bit Platformer/EternalCaves/lib/jars/lwjgl-jawt-sources.jar
7f2ad8009000-7f2ad800b000 r--s 00066000 fd:00 3070421                    /home/macmv/Desktop/Bit Platformer/EternalCaves/lib/jars/lwjgl-jawt-javadoc.jar
7f2ad800b000-7f2ad8010000 r--s 0010d000 fd:00 3070420                    /home/macmv/Desktop/Bit Platformer/EternalCaves/lib/jars/lwjgl-javadoc.jar
7f2ad8010000-7f2ad8013000 r--s 00015000 fd:00 3070419                    /home/macmv/Desktop/Bit Platformer/EternalCaves/lib/jars/lwjgl-glfw.jar
7f2ad8013000-7f2ad8016000 r--s 00012000 fd:00 3070418                    /home/macmv/Desktop/Bit Platformer/EternalCaves/lib/jars/lwjgl-glfw-sources.jar
7f2ad8016000-7f2ad8017000 r--s 0000e000 fd:00 3070417                    /home/macmv/Desktop/Bit Platformer/EternalCaves/lib/jars/lwjgl-glfw-natives-linux.jar
7f2ad8017000-7f2ad801b000 r--s 00097000 fd:00 3070416                    /home/macmv/Desktop/Bit Platformer/EternalCaves/lib/jars/lwjgl-glfw-javadoc.jar
7f2ad801b000-7f2ad801f000 r--s 0001b000 fd:00 3070415                    /home/macmv/Desktop/Bit Platformer/EternalCaves/lib/jars/lwjgl-egl.jar
7f2ad801f000-7f2ad8291000 rw-p 00000000 00:00 0 
7f2ad8291000-7f2ad846a000 r--s 03d3e000 fd:00 3287342                    /home/macmv/bin/jdk1.8.0_121/jre/lib/rt.jar
7f2ad846a000-7f2ad84e0000 rw-p 00000000 00:00 0 
7f2ad84e0000-7f2ad84e1000 ---p 00000000 00:00 0 
7f2ad84e1000-7f2ad85e1000 rw-p 00000000 00:00 0 
7f2ad85e1000-7f2ad85e2000 ---p 00000000 00:00 0 
7f2ad85e2000-7f2ad86e2000 rw-p 00000000 00:00 0 
7f2ad86e2000-7f2ad86e3000 ---p 00000000 00:00 0 
7f2ad86e3000-7f2ad87e3000 rw-p 00000000 00:00 0 
7f2ad87e3000-7f2ad87e4000 ---p 00000000 00:00 0 
7f2ad87e4000-7f2ad8938000 rw-p 00000000 00:00 0 
7f2ad8938000-7f2ad8e17000 ---p 00000000 00:00 0 
7f2ad8e17000-7f2ad8e6b000 rw-p 00000000 00:00 0 
7f2ad8e6b000-7f2ad9349000 ---p 00000000 00:00 0 
7f2ad9349000-7f2ad9374000 rw-p 00000000 00:00 0 
7f2ad9374000-7f2ad95e3000 ---p 00000000 00:00 0 
7f2ad95e3000-7f2ad95ef000 rw-p 00000000 00:00 0 
7f2ad95ef000-7f2ad99a4000 ---p 00000000 00:00 0 
7f2ad99a4000-7f2ad99be000 r-xp 00000000 fd:00 3416700                    /home/macmv/bin/jdk1.8.0_121/jre/lib/amd64/libzip.so
7f2ad99be000-7f2ad9bbe000 ---p 0001a000 fd:00 3416700                    /home/macmv/bin/jdk1.8.0_121/jre/lib/amd64/libzip.so
7f2ad9bbe000-7f2ad9bbf000 rw-p 0001a000 fd:00 3416700                    /home/macmv/bin/jdk1.8.0_121/jre/lib/amd64/libzip.so
7f2ad9bbf000-7f2ad9bca000 r-xp 00000000 fd:00 790970                     /lib/x86_64-linux-gnu/libnss_files-2.23.so
7f2ad9bca000-7f2ad9dc9000 ---p 0000b000 fd:00 790970                     /lib/x86_64-linux-gnu/libnss_files-2.23.so
7f2ad9dc9000-7f2ad9dca000 r--p 0000a000 fd:00 790970                     /lib/x86_64-linux-gnu/libnss_files-2.23.so
7f2ad9dca000-7f2ad9dcb000 rw-p 0000b000 fd:00 790970                     /lib/x86_64-linux-gnu/libnss_files-2.23.so
7f2ad9dcb000-7f2ad9dd1000 rw-p 00000000 00:00 0 
7f2ad9dd1000-7f2ad9ddc000 r-xp 00000000 fd:00 790997                     /lib/x86_64-linux-gnu/libnss_nis-2.23.so
7f2ad9ddc000-7f2ad9fdb000 ---p 0000b000 fd:00 790997                     /lib/x86_64-linux-gnu/libnss_nis-2.23.so
7f2ad9fdb000-7f2ad9fdc000 r--p 0000a000 fd:00 790997                     /lib/x86_64-linux-gnu/libnss_nis-2.23.so
7f2ad9fdc000-7f2ad9fdd000 rw-p 0000b000 fd:00 790997                     /lib/x86_64-linux-gnu/libnss_nis-2.23.so
7f2ad9fdd000-7f2ad9ff3000 r-xp 00000000 fd:00 790964                     /lib/x86_64-linux-gnu/libnsl-2.23.so
7f2ad9ff3000-7f2ada1f2000 ---p 00016000 fd:00 790964                     /lib/x86_64-linux-gnu/libnsl-2.23.so
7f2ada1f2000-7f2ada1f3000 r--p 00015000 fd:00 790964                     /lib/x86_64-linux-gnu/libnsl-2.23.so
7f2ada1f3000-7f2ada1f4000 rw-p 00016000 fd:00 790964                     /lib/x86_64-linux-gnu/libnsl-2.23.so
7f2ada1f4000-7f2ada1f6000 rw-p 00000000 00:00 0 
7f2ada1f6000-7f2ada1fe000 r-xp 00000000 fd:00 791068                     /lib/x86_64-linux-gnu/libnss_compat-2.23.so
7f2ada1fe000-7f2ada3fd000 ---p 00008000 fd:00 791068                     /lib/x86_64-linux-gnu/libnss_compat-2.23.so
7f2ada3fd000-7f2ada3fe000 r--p 00007000 fd:00 791068                     /lib/x86_64-linux-gnu/libnss_compat-2.23.so
7f2ada3fe000-7f2ada3ff000 rw-p 00008000 fd:00 791068                     /lib/x86_64-linux-gnu/libnss_compat-2.23.so
7f2ada3ff000-7f2ada42a000 r-xp 00000000 fd:00 3417756                    /home/macmv/bin/jdk1.8.0_121/jre/lib/amd64/libjava.so
7f2ada42a000-7f2ada629000 ---p 0002b000 fd:00 3417756                    /home/macmv/bin/jdk1.8.0_121/jre/lib/amd64/libjava.so
7f2ada629000-7f2ada62b000 rw-p 0002a000 fd:00 3417756                    /home/macmv/bin/jdk1.8.0_121/jre/lib/amd64/libjava.so
7f2ada62b000-7f2ada638000 r-xp 00000000 fd:00 3416037                    /home/macmv/bin/jdk1.8.0_121/jre/lib/amd64/libverify.so
7f2ada638000-7f2ada837000 ---p 0000d000 fd:00 3416037                    /home/macmv/bin/jdk1.8.0_121/jre/lib/amd64/libverify.so
7f2ada837000-7f2ada839000 rw-p 0000c000 fd:00 3416037                    /home/macmv/bin/jdk1.8.0_121/jre/lib/amd64/libverify.so
7f2ada839000-7f2ada840000 r-xp 00000000 fd:00 791015                     /lib/x86_64-linux-gnu/librt-2.23.so
7f2ada840000-7f2adaa3f000 ---p 00007000 fd:00 791015                     /lib/x86_64-linux-gnu/librt-2.23.so
7f2adaa3f000-7f2adaa40000 r--p 00006000 fd:00 791015                     /lib/x86_64-linux-gnu/librt-2.23.so
7f2adaa40000-7f2adaa41000 rw-p 00007000 fd:00 791015                     /lib/x86_64-linux-gnu/librt-2.23.so
7f2adaa41000-7f2adab49000 r-xp 00000000 fd:00 791091                     /lib/x86_64-linux-gnu/libm-2.23.so
7f2adab49000-7f2adad48000 ---p 00108000 fd:00 791091                     /lib/x86_64-linux-gnu/libm-2.23.so
7f2adad48000-7f2adad49000 r--p 00107000 fd:00 791091                     /lib/x86_64-linux-gnu/libm-2.23.so
7f2adad49000-7f2adad4a000 rw-p 00108000 fd:00 791091                     /lib/x86_64-linux-gnu/libm-2.23.so
7f2adad4a000-7f2adba18000 r-xp 00000000 fd:00 3417760                    /home/macmv/bin/jdk1.8.0_121/jre/lib/amd64/server/libjvm.so
7f2adba18000-7f2adbc18000 ---p 00cce000 fd:00 3417760                    /home/macmv/bin/jdk1.8.0_121/jre/lib/amd64/server/libjvm.so
7f2adbc18000-7f2adbcf1000 rw-p 00cce000 fd:00 3417760                    /home/macmv/bin/jdk1.8.0_121/jre/lib/amd64/server/libjvm.so
7f2adbcf1000-7f2adbd3c000 rw-p 00000000 00:00 0 
7f2adbd3c000-7f2adbefc000 r-xp 00000000 fd:00 791117                     /lib/x86_64-linux-gnu/libc-2.23.so
7f2adbefc000-7f2adc0fc000 ---p 001c0000 fd:00 791117                     /lib/x86_64-linux-gnu/libc-2.23.so
7f2adc0fc000-7f2adc100000 r--p 001c0000 fd:00 791117                     /lib/x86_64-linux-gnu/libc-2.23.so
7f2adc100000-7f2adc102000 rw-p 001c4000 fd:00 791117                     /lib/x86_64-linux-gnu/libc-2.23.so
7f2adc102000-7f2adc106000 rw-p 00000000 00:00 0 
7f2adc106000-7f2adc109000 r-xp 00000000 fd:00 791067                     /lib/x86_64-linux-gnu/libdl-2.23.so
7f2adc109000-7f2adc308000 ---p 00003000 fd:00 791067                     /lib/x86_64-linux-gnu/libdl-2.23.so
7f2adc308000-7f2adc309000 r--p 00002000 fd:00 791067                     /lib/x86_64-linux-gnu/libdl-2.23.so
7f2adc309000-7f2adc30a000 rw-p 00003000 fd:00 791067                     /lib/x86_64-linux-gnu/libdl-2.23.so
7f2adc30a000-7f2adc31f000 r-xp 00000000 fd:00 3165945                    /home/macmv/bin/jdk1.8.0_121/lib/amd64/jli/libjli.so
7f2adc31f000-7f2adc51f000 ---p 00015000 fd:00 3165945                    /home/macmv/bin/jdk1.8.0_121/lib/amd64/jli/libjli.so
7f2adc51f000-7f2adc520000 rw-p 00015000 fd:00 3165945                    /home/macmv/bin/jdk1.8.0_121/lib/amd64/jli/libjli.so
7f2adc520000-7f2adc538000 r-xp 00000000 fd:00 790996                     /lib/x86_64-linux-gnu/libpthread-2.23.so
7f2adc538000-7f2adc737000 ---p 00018000 fd:00 790996                     /lib/x86_64-linux-gnu/libpthread-2.23.so
7f2adc737000-7f2adc738000 r--p 00017000 fd:00 790996                     /lib/x86_64-linux-gnu/libpthread-2.23.so
7f2adc738000-7f2adc739000 rw-p 00018000 fd:00 790996                     /lib/x86_64-linux-gnu/libpthread-2.23.so
7f2adc739000-7f2adc73d000 rw-p 00000000 00:00 0 
7f2adc73d000-7f2adc763000 r-xp 00000000 fd:00 790965                     /lib/x86_64-linux-gnu/ld-2.23.so
7f2adc763000-7f2adc834000 rw-p 00000000 00:00 0 
7f2adc834000-7f2adc837000 ---p 00000000 00:00 0 
7f2adc837000-7f2adc939000 rw-p 00000000 00:00 0 
7f2adc939000-7f2adc93c000 r--s 0001f000 fd:00 3070414                    /home/macmv/Desktop/Bit Platformer/EternalCaves/lib/jars/lwjgl-egl-sources.jar
7f2adc93c000-7f2adc941000 r--s 000c1000 fd:00 3070413                    /home/macmv/Desktop/Bit Platformer/EternalCaves/lib/jars/lwjgl-egl-javadoc.jar
7f2adc941000-7f2adc944000 r--s 0001f000 fd:00 3070412                    /home/macmv/Desktop/Bit Platformer/EternalCaves/lib/jars/lwjgl-bgfx.jar
7f2adc944000-7f2adc946000 r--s 00018000 fd:00 3070411                    /home/macmv/Desktop/Bit Platformer/EternalCaves/lib/jars/lwjgl-bgfx-sources.jar
7f2adc946000-7f2adc948000 r--s 00046000 fd:00 3070410                    /home/macmv/Desktop/Bit Platformer/EternalCaves/lib/jars/lwjgl-bgfx-natives-linux.jar
7f2adc948000-7f2adc94c000 r--s 000ac000 fd:00 3070409                    /home/macmv/Desktop/Bit Platformer/EternalCaves/lib/jars/lwjgl-bgfx-javadoc.jar
7f2adc94c000-7f2adc94f000 r--s 0002a000 fd:00 3070408                    /home/macmv/Desktop/Bit Platformer/EternalCaves/lib/jars/lwjgl-assimp.jar
7f2adc94f000-7f2adc951000 r--s 00026000 fd:00 3070407                    /home/macmv/Desktop/Bit Platformer/EternalCaves/lib/jars/lwjgl-assimp-sources.jar
7f2adc951000-7f2adc952000 r--s 002ad000 fd:00 3070406                    /home/macmv/Desktop/Bit Platformer/EternalCaves/lib/jars/lwjgl-assimp-natives-linux.jar
7f2adc952000-7f2adc956000 r--s 000d4000 fd:00 3070405                    /home/macmv/Desktop/Bit Platformer/EternalCaves/lib/jars/lwjgl-assimp-javadoc.jar
7f2adc956000-7f2adc95e000 rw-s 00000000 fd:00 10486191                   /tmp/hsperfdata_macmv/29411
7f2adc95e000-7f2adc95f000 rw-p 00000000 00:00 0 
7f2adc95f000-7f2adc960000 r--p 00000000 00:00 0 
7f2adc960000-7f2adc962000 rw-p 00000000 00:00 0 
7f2adc962000-7f2adc963000 r--p 00025000 fd:00 790965                     /lib/x86_64-linux-gnu/ld-2.23.so
7f2adc963000-7f2adc964000 rw-p 00026000 fd:00 790965                     /lib/x86_64-linux-gnu/ld-2.23.so
7f2adc964000-7f2adc965000 rw-p 00000000 00:00 0 
7ffccc086000-7ffccc0a9000 rw-p 00000000 00:00 0                          [stack]
7ffccc1b9000-7ffccc1bb000 r--p 00000000 00:00 0                          [vvar]
7ffccc1bb000-7ffccc1bd000 r-xp 00000000 00:00 0                          [vdso]
ffffffffff600000-ffffffffff601000 r-xp 00000000 00:00 0                  [vsyscall]

VM Arguments:
jvm_args: -Dfile.encoding=UTF-8 
java_command: net.cubiness.Main
java_class_path (initial): /home/macmv/Desktop/Bit Platformer/EternalCaves/bin:/home/macmv/Desktop/Bit Platformer/EternalCaves/lib/jars/lwjgl-assimp-javadoc.jar:/home/macmv/Desktop/Bit Platformer/EternalCaves/lib/jars/lwjgl-assimp-natives-linux.jar:/home/macmv/Desktop/Bit Platformer/EternalCaves/lib/jars/lwjgl-assimp-sources.jar:/home/macmv/Desktop/Bit Platformer/EternalCaves/lib/jars/lwjgl-assimp.jar:/home/macmv/Desktop/Bit Platformer/EternalCaves/lib/jars/lwjgl-bgfx-javadoc.jar:/home/macmv/Desktop/Bit Platformer/EternalCaves/lib/jars/lwjgl-bgfx-natives-linux.jar:/home/macmv/Desktop/Bit Platformer/EternalCaves/lib/jars/lwjgl-bgfx-sources.jar:/home/macmv/Desktop/Bit Platformer/EternalCaves/lib/jars/lwjgl-bgfx.jar:/home/macmv/Desktop/Bit Platformer/EternalCaves/lib/jars/lwjgl-egl-javadoc.jar:/home/macmv/Desktop/Bit Platformer/EternalCaves/lib/jars/lwjgl-egl-sources.jar:/home/macmv/Desktop/Bit Platformer/EternalCaves/lib/jars/lwjgl-egl.jar:/home/macmv/Desktop/Bit Platformer/EternalCaves/lib/jars/lwjgl-glfw-javadoc.jar:/home/macmv/Desktop/Bit Platformer/EternalCaves/lib/jars/lwjgl-glfw-natives-linux.jar:/home/macmv/Desktop/Bit Platformer/EternalCaves/lib/jars/lwjgl-glfw-sources.jar:/home/macmv/Desktop/Bit Platformer/EternalCaves/lib/jars/lwjgl-glfw.jar:/home/macmv/Desktop/Bit Platformer/EternalCaves/lib/jars/lwjgl-javadoc.jar:/home/macmv/Desktop/Bit Platformer/EternalCaves/lib/jars/lwjgl-jawt-javadoc.jar:/home/macmv/Desktop/Bit Platformer/EternalCaves/lib/jars/lwjgl-jawt-sources.jar:/home/macmv/Desktop/Bit Platformer/EternalCaves/lib/jars/lwjgl-jawt.jar:/home/macmv/Desktop/Bit Platformer/EternalCaves/lib/jars/lwjgl-jemalloc-javadoc.jar:/home/macmv/Desktop/Bit Platformer/EternalCaves/lib/jars/lwjgl-jemalloc-natives-linux.jar:/home/macmv/Desktop/Bit Platformer/EternalCaves/lib/jars/lwjgl-jemalloc-sources.jar:/home/macmv/Desktop/Bit Platformer/EternalCaves/lib/jars/lwjgl-jemalloc.jar:/home/macmv/Desktop/Bit Platformer/EternalCaves/lib/jars/lwjgl-lmdb-javadoc.jar:/home/m
Launcher Type: SUN_STANDARD

Environment Variables:
PATH=/home/macmv/bin:/home/macmv/bin/jdk1.8.0_121/bin:/home/macmv/bin:/home/macmv/.local/bin:/usr/local/sbin:/usr/local/bin:/usr/sbin:/usr/bin:/sbin:/bin:/usr/games:/usr/local/games:/snap/bin
SHELL=/bin/bash
DISPLAY=:0

Signal Handlers:
SIGSEGV: [libjvm.so+0xac78c0], sa_mask[0]=11111111011111111101111111111110, sa_flags=SA_RESTART|SA_SIGINFO
SIGBUS: [libjvm.so+0xac78c0], sa_mask[0]=11111111011111111101111111111110, sa_flags=SA_RESTART|SA_SIGINFO
SIGFPE: [libjvm.so+0x920ac0], sa_mask[0]=11111111011111111101111111111110, sa_flags=SA_RESTART|SA_SIGINFO
SIGPIPE: [libjvm.so+0x920ac0], sa_mask[0]=11111111011111111101111111111110, sa_flags=SA_RESTART|SA_SIGINFO
SIGXFSZ: [libjvm.so+0x920ac0], sa_mask[0]=11111111011111111101111111111110, sa_flags=SA_RESTART|SA_SIGINFO
SIGILL: [libjvm.so+0x920ac0], sa_mask[0]=11111111011111111101111111111110, sa_flags=SA_RESTART|SA_SIGINFO
SIGUSR1: SIG_DFL, sa_mask[0]=00000000000000000000000000000000, sa_flags=none
SIGUSR2: [libjvm.so+0x922300], sa_mask[0]=00100000000000000000000000000000, sa_flags=SA_RESTART|SA_SIGINFO
SIGHUP: [libjvm.so+0x923700], sa_mask[0]=11111111011111111101111111111110, sa_flags=SA_RESTART|SA_SIGINFO
SIGINT: [libjvm.so+0x923700], sa_mask[0]=11111111011111111101111111111110, sa_flags=SA_RESTART|SA_SIGINFO
SIGTERM: [libjvm.so+0x923700], sa_mask[0]=11111111011111111101111111111110, sa_flags=SA_RESTART|SA_SIGINFO
SIGQUIT: [libjvm.so+0x923700], sa_mask[0]=11111111011111111101111111111110, sa_flags=SA_RESTART|SA_SIGINFO


---------------  S Y S T E M  ---------------

OS:DISTRIB_ID=Ubuntu
DISTRIB_RELEASE=16.04
DISTRIB_CODENAME=xenial
DISTRIB_DESCRIPTION="Ubuntu 16.04.2 LTS"

uname:Linux 4.10.0-32-generic #36~16.04.1-Ubuntu SMP Wed Aug 9 09:19:02 UTC 2017 x86_64
libc:glibc 2.23 NPTL 2.23 
rlimit: STACK 8192k, CORE 0k, NPROC 63674, NOFILE 65536, AS infinity
load average:0.45 0.38 0.31

/proc/meminfo:
MemTotal:       16346476 kB
MemFree:         8145600 kB
MemAvailable:   11796332 kB
Buffers:          602068 kB
Cached:          3567884 kB
SwapCached:            0 kB
Active:          4761996 kB
Inactive:        2703104 kB
Active(anon):    3297368 kB
Inactive(anon):   694540 kB
Active(file):    1464628 kB
Inactive(file):  2008564 kB
Unevictable:         144 kB
Mlocked:             144 kB
SwapTotal:      16691196 kB
SwapFree:       16691196 kB
Dirty:              1388 kB
Writeback:             0 kB
AnonPages:       3117208 kB
Mapped:           617080 kB
Shmem:            696472 kB
Slab:             573892 kB
SReclaimable:     514696 kB
SUnreclaim:        59196 kB
KernelStack:       14516 kB
PageTables:        64516 kB
NFS_Unstable:          0 kB
Bounce:                0 kB
WritebackTmp:          0 kB
CommitLimit:    24864432 kB
Committed_AS:   11269392 kB
VmallocTotal:   34359738367 kB
VmallocUsed:           0 kB
VmallocChunk:          0 kB
HardwareCorrupted:     0 kB
AnonHugePages:   1282048 kB
ShmemHugePages:        0 kB
ShmemPmdMapped:        0 kB
CmaTotal:              0 kB
CmaFree:               0 kB
HugePages_Total:       0
HugePages_Free:        0
HugePages_Rsvd:        0
HugePages_Surp:        0
Hugepagesize:       2048 kB
DirectMap4k:      196228 kB
DirectMap2M:     8108032 kB
DirectMap1G:     8388608 kB


CPU:total 4 (4 cores per cpu, 1 threads per core) family 6 model 158 stepping 9, cmov, cx8, fxsr, mmx, sse, sse2, sse3, ssse3, sse4.1, sse4.2, popcnt, avx, avx2, aes, clmul, erms, rtm, 3dnowpref, lzcnt, tsc, tscinvbit, bmi1, bmi2, adx

/proc/cpuinfo:
processor	: 0
vendor_id	: GenuineIntel
cpu family	: 6
model		: 158
model name	: Intel(R) Core(TM) i5-7500 CPU @ 3.40GHz
stepping	: 9
microcode	: 0x42
cpu MHz		: 3685.961
cache size	: 6144 KB
physical id	: 0
siblings	: 4
core id		: 0
cpu cores	: 4
apicid		: 0
initial apicid	: 0
fpu		: yes
fpu_exception	: yes
cpuid level	: 22
wp		: yes
flags		: fpu vme de pse tsc msr pae mce cx8 apic sep mtrr pge mca cmov pat pse36 clflush dts acpi mmx fxsr sse sse2 ss ht tm pbe syscall nx pdpe1gb rdtscp lm constant_tsc art arch_perfmon pebs bts rep_good nopl xtopology nonstop_tsc aperfmperf tsc_known_freq pni pclmulqdq dtes64 monitor ds_cpl vmx smx est tm2 ssse3 sdbg fma cx16 xtpr pdcm pcid sse4_1 sse4_2 x2apic movbe popcnt tsc_deadline_timer aes xsave avx f16c rdrand lahf_lm abm 3dnowprefetch intel_pt tpr_shadow vnmi flexpriority ept vpid fsgsbase tsc_adjust bmi1 hle avx2 smep bmi2 erms invpcid rtm mpx rdseed adx smap clflushopt xsaveopt xsavec xgetbv1 xsaves dtherm ida arat pln pts hwp hwp_notify hwp_act_window hwp_epp
bugs		:
bogomips	: 6816.00
clflush size	: 64
cache_alignment	: 64
address sizes	: 39 bits physical, 48 bits virtual
power management:

processor	: 1
vendor_id	: GenuineIntel
cpu family	: 6
model		: 158
model name	: Intel(R) Core(TM) i5-7500 CPU @ 3.40GHz
stepping	: 9
microcode	: 0x42
cpu MHz		: 3689.489
cache size	: 6144 KB
physical id	: 0
siblings	: 4
core id		: 1
cpu cores	: 4
apicid		: 2
initial apicid	: 2
fpu		: yes
fpu_exception	: yes
cpuid level	: 22
wp		: yes
flags		: fpu vme de pse tsc msr pae mce cx8 apic sep mtrr pge mca cmov pat pse36 clflush dts acpi mmx fxsr sse sse2 ss ht tm pbe syscall nx pdpe1gb rdtscp lm constant_tsc art arch_perfmon pebs bts rep_good nopl xtopology nonstop_tsc aperfmperf tsc_known_freq pni pclmulqdq dtes64 monitor ds_cpl vmx smx est tm2 ssse3 sdbg fma cx16 xtpr pdcm pcid sse4_1 sse4_2 x2apic movbe popcnt tsc_deadline_timer aes xsave avx f16c rdrand lahf_lm abm 3dnowprefetch intel_pt tpr_shadow vnmi flexpriority ept vpid fsgsbase tsc_adjust bmi1 hle avx2 smep bmi2 erms invpcid rtm mpx rdseed adx smap clflushopt xsaveopt xsavec xgetbv1 xsaves dtherm ida arat pln pts hwp hwp_notify hwp_act_window hwp_epp
bugs		:
bogomips	: 6816.00
clflush size	: 64
cache_alignment	: 64
address sizes	: 39 bits physical, 48 bits virtual
power management:

processor	: 2
vendor_id	: GenuineIntel
cpu family	: 6
model		: 158
model name	: Intel(R) Core(TM) i5-7500 CPU @ 3.40GHz
stepping	: 9
microcode	: 0x42
cpu MHz		: 3639.477
cache size	: 6144 KB
physical id	: 0
siblings	: 4
core id		: 2
cpu cores	: 4
apicid		: 4
initial apicid	: 4
fpu		: yes
fpu_exception	: yes
cpuid level	: 22
wp		: yes
flags		: fpu vme de pse tsc msr pae mce cx8 apic sep mtrr pge mca cmov pat pse36 clflush dts acpi mmx fxsr sse sse2 ss ht tm pbe syscall nx pdpe1gb rdtscp lm constant_tsc art arch_perfmon pebs bts rep_good nopl xtopology nonstop_tsc aperfmperf tsc_known_freq pni pclmulqdq dtes64 monitor ds_cpl vmx smx est tm2 ssse3 sdbg fma cx16 xtpr pdcm pcid sse4_1 sse4_2 x2apic movbe popcnt tsc_deadline_timer aes xsave avx f16c rdrand lahf_lm abm 3dnowprefetch intel_pt tpr_shadow vnmi flexpriority ept vpid fsgsbase tsc_adjust bmi1 hle avx2 smep bmi2 erms invpcid rtm mpx rdseed adx smap clflushopt xsaveopt xsavec xgetbv1 xsaves dtherm ida arat pln pts hwp hwp_notify hwp_act_window hwp_epp
bugs		:
bogomips	: 6816.00
clflush size	: 64
cache_alignment	: 64
address sizes	: 39 bits physical, 48 bits virtual
power management:

processor	: 3
vendor_id	: GenuineIntel
cpu family	: 6
model		: 158
model name	: Intel(R) Core(TM) i5-7500 CPU @ 3.40GHz
stepping	: 9
microcode	: 0x42
cpu MHz		: 3679.736
cache size	: 6144 KB
physical id	: 0
siblings	: 4
core id		: 3
cpu cores	: 4
apicid		: 6
initial apicid	: 6
fpu		: yes
fpu_exception	: yes
cpuid level	: 22
wp		: yes
flags		: fpu vme de pse tsc msr pae mce cx8 apic sep mtrr pge mca cmov pat pse36 clflush dts acpi mmx fxsr sse sse2 ss ht tm pbe syscall nx pdpe1gb rdtscp lm constant_tsc art arch_perfmon pebs bts rep_good nopl xtopology nonstop_tsc aperfmperf tsc_known_freq pni pclmulqdq dtes64 monitor ds_cpl vmx smx est tm2 ssse3 sdbg fma cx16 xtpr pdcm pcid sse4_1 sse4_2 x2apic movbe popcnt tsc_deadline_timer aes xsave avx f16c rdrand lahf_lm abm 3dnowprefetch intel_pt tpr_shadow vnmi flexpriority ept vpid fsgsbase tsc_adjust bmi1 hle avx2 smep bmi2 erms invpcid rtm mpx rdseed adx smap clflushopt xsaveopt xsavec xgetbv1 xsaves dtherm ida arat pln pts hwp hwp_notify hwp_act_window hwp_epp
bugs		:
bogomips	: 6816.00
clflush size	: 64
cache_alignment	: 64
address sizes	: 39 bits physical, 48 bits virtual
power management:



Memory: 4k page, physical 16346476k(8145600k free), swap 16691196k(16691196k free)

vm_info: Java HotSpot(TM) 64-Bit Server VM (25.121-b13) for linux-amd64 JRE (1.8.0_121-b13), built on Dec 12 2016 16:36:53 by "java_re" with gcc 4.3.0 20080428 (Red Hat 4.3.0-8)

time: Sat Sep 23 15:35:01 2017
elapsed time: 0 seconds (0d 0h 0m 0s)

