#
# A fatal error has been detected by the Java Runtime Environment:
#
#  SIGSEGV (0xb) at pc=0x00007fa9530b7244, pid=27586, tid=0x00007fa971d60700
#
# JRE version: Java(TM) SE Runtime Environment (8.0_121-b13) (build 1.8.0_121-b13)
# Java VM: Java HotSpot(TM) 64-Bit Server VM (25.121-b13 mixed mode linux-amd64 compressed oops)
# Problematic frame:
# C  [liblwjgl.so+0x37244]
#
# Failed to write core dump. Core dumps have been disabled. To enable core dumping, try "ulimit -c unlimited" before starting Java again
#
# If you would like to submit a bug report, please visit:
#   http://bugreport.java.com/bugreport/crash.jsp
# The crash happened outside the Java Virtual Machine in native code.
# See problematic frame for where to report the bug.
#

---------------  T H R E A D  ---------------

Current thread (0x00007fa96800d800):  JavaThread "main" [_thread_in_native, id=27590, stack(0x00007fa971c60000,0x00007fa971d61000)]

siginfo: si_signo: 11 (SIGSEGV), si_code: 1 (SEGV_MAPERR), si_addr: 0x0000000000000000

Registers:
RAX=0x00000000000000a5, RBX=0x00007fa96ce6be98, RCX=0x00007fa97125f2ad, RDX=0x00007fa97152e770
RSP=0x00007fa971d5f7b0, RBP=0x00007fa971d5f800, RSI=0x00007fa9530bbf00, RDI=0x0000000000000000
R8 =0x00000000000000a5, R9 =0x00007fa97152d540, R10=0x0000000000000001, R11=0x0000000000000000
R12=0x0000000000000000, R13=0x00007fa96ce6be98, R14=0x00007fa971d5f818, R15=0x00007fa96800d800
RIP=0x00007fa9530b7244, EFLAGS=0x0000000000010246, CSGSFS=0x002b000000000033, ERR=0x0000000000000004
  TRAPNO=0x000000000000000e

Top of Stack: (sp=0x00007fa971d5f7b0)
0x00007fa971d5f7b0:   00007fa96800d800 00007fa959017a34
0x00007fa971d5f7c0:   00007fa971d5f7c0 00007fa96ce6be98
0x00007fa971d5f7d0:   00007fa971d5f818 00007fa96ce83428
0x00007fa971d5f7e0:   0000000000000000 00007fa96ce6be98
0x00007fa971d5f7f0:   0000000000000000 00007fa971d5f820
0x00007fa971d5f800:   00007fa971d5f860 00007fa9590082bd
0x00007fa971d5f810:   000000076d863678 00007fa959011538
0x00007fa971d5f820:   00007fa971d5f820 00007fa96cd4f118
0x00007fa971d5f830:   00007fa971d5f888 00007fa96cd4f3a0
0x00007fa971d5f840:   0000000000000000 00007fa96cd4f170
0x00007fa971d5f850:   00007fa971d5f820 00007fa971d5f880
0x00007fa971d5f860:   00007fa971d5f8d0 00007fa9590082bd
0x00007fa971d5f870:   000000076dd36a10 000000076dd369e8
0x00007fa971d5f880:   0000000000000064 000000076d31bd38
0x00007fa971d5f890:   00007fa971d5f890 00007fa96cd4f1fb
0x00007fa971d5f8a0:   00007fa971d5f8e0 00007fa96cd4f3a0
0x00007fa971d5f8b0:   0000000000000000 00007fa96cd4f220
0x00007fa971d5f8c0:   00007fa971d5f880 00007fa971d5f8e0
0x00007fa971d5f8d0:   00007fa971d5f928 00007fa9590082bd
0x00007fa971d5f8e0:   000000076d31bd38 00007fa971d5f8e8
0x00007fa971d5f8f0:   00007fa96cd40724 00007fa971d5f930
0x00007fa971d5f900:   00007fa96cd408a8 0000000000000000
0x00007fa971d5f910:   00007fa96cd40750 00007fa971d5f8e0
0x00007fa971d5f920:   00007fa971d5f938 00007fa971d5f978
0x00007fa971d5f930:   00007fa9590082bd 00007fa971d5f938
0x00007fa971d5f940:   00007fa96cd40810 00007fa971d5f988
0x00007fa971d5f950:   00007fa96cd408a8 0000000000000000
0x00007fa971d5f960:   00007fa96cd40850 00007fa971d5f938
0x00007fa971d5f970:   00007fa971d5f988 00007fa971d5f9f0
0x00007fa971d5f980:   00007fa9590007a7 000000076ce1d8e8
0x00007fa971d5f990:   0000000000001fa0 0000000000000000
0x00007fa971d5f9a0:   00007fa96800d800 00007fa971d5fa70 

Instructions: (pc=0x00007fa9530b7244)
0x00007fa9530b7224:   48 8b 05 b5 8d 21 00 48 8d 3d 56 4d 00 00 ba a5
0x00007fa9530b7234:   00 00 00 be 01 00 00 00 48 8b 08 e8 3c 74 fe ff
0x00007fa9530b7244:   8b 04 25 00 00 00 00 0f 0b 0f 1f 00 48 83 ec 18
0x00007fa9530b7254:   48 89 f8 48 89 f2 48 8d 7c 24 08 48 89 c6 e8 69 

Register to memory mapping:

RAX=0x00000000000000a5 is an unknown value
RBX={method} {0x00007fa96ce6be98} 'glPushMatrix' '()V' in 'org/lwjgl/opengl/GL11'
RCX=0x00007fa97125f2ad: __write+0x2d in /lib/x86_64-linux-gnu/libc.so.6 at 0x00007fa971168000
RDX=0x00007fa97152e770: <offset 0x3c6770> in /lib/x86_64-linux-gnu/libc.so.6 at 0x00007fa971168000
RSP=0x00007fa971d5f7b0 is pointing into the stack for thread: 0x00007fa96800d800
RBP=0x00007fa971d5f800 is pointing into the stack for thread: 0x00007fa96800d800
RSI=0x00007fa9530bbf00: <offset 0x3bf00> in /tmp/lwjglmacmv/3.1.2-build-29/liblwjgl.so at 0x00007fa953080000
RDI=0x0000000000000000 is an unknown value
R8 =0x00000000000000a5 is an unknown value
R9 =0x00007fa97152d540: _IO_2_1_stderr_+0 in /lib/x86_64-linux-gnu/libc.so.6 at 0x00007fa971168000
R10=0x0000000000000001 is an unknown value
R11=0x0000000000000000 is an unknown value
R12=0x0000000000000000 is an unknown value
R13={method} {0x00007fa96ce6be98} 'glPushMatrix' '()V' in 'org/lwjgl/opengl/GL11'
R14=0x00007fa971d5f818 is pointing into the stack for thread: 0x00007fa96800d800
R15=0x00007fa96800d800 is a thread


Stack: [0x00007fa971c60000,0x00007fa971d61000],  sp=0x00007fa971d5f7b0,  free space=1021k
Native frames: (J=compiled Java code, j=interpreted, Vv=VM code, C=native code)
C  [liblwjgl.so+0x37244]
j  net.cubiness.Render.renderStrip(I)V+56
j  net.cubiness.Render.render()V+3
j  net.cubiness.Main.loop()V+12
j  net.cubiness.Main.main([Ljava/lang/String;)V+32
v  ~StubRoutines::call_stub
V  [libjvm.so+0x690dd6]  JavaCalls::call_helper(JavaValue*, methodHandle*, JavaCallArguments*, Thread*)+0x1056
V  [libjvm.so+0x6d21e2]  jni_invoke_static(JNIEnv_*, JavaValue*, _jobject*, JNICallType, _jmethodID*, JNI_ArgumentPusher*, Thread*)+0x362
V  [libjvm.so+0x6eea4a]  jni_CallStaticVoidMethod+0x17a
C  [libjli.so+0x7bdf]  JavaMain+0x81f
C  [libpthread.so.0+0x76ba]  start_thread+0xca

Java frames: (J=compiled Java code, j=interpreted, Vv=VM code)
j  org.lwjgl.opengl.GL11.glPushMatrix()V+0
j  net.cubiness.Render.renderStrip(I)V+56
j  net.cubiness.Render.render()V+3
j  net.cubiness.Main.loop()V+12
j  net.cubiness.Main.main([Ljava/lang/String;)V+32
v  ~StubRoutines::call_stub

---------------  P R O C E S S  ---------------

Java Threads: ( => current thread )
  0x00007fa9680c4000 JavaThread "Service Thread" daemon [_thread_blocked, id=27603, stack(0x00007fa953afb000,0x00007fa953bfc000)]
  0x00007fa9680c1000 JavaThread "C1 CompilerThread2" daemon [_thread_blocked, id=27602, stack(0x00007fa953bfc000,0x00007fa953cfd000)]
  0x00007fa9680bf000 JavaThread "C2 CompilerThread1" daemon [_thread_blocked, id=27601, stack(0x00007fa953cfd000,0x00007fa953dfe000)]
  0x00007fa9680bc000 JavaThread "C2 CompilerThread0" daemon [_thread_blocked, id=27600, stack(0x00007fa953dfe000,0x00007fa953eff000)]
  0x00007fa9680ba800 JavaThread "Signal Dispatcher" daemon [_thread_blocked, id=27599, stack(0x00007fa953eff000,0x00007fa954000000)]
  0x00007fa968087800 JavaThread "Finalizer" daemon [_thread_blocked, id=27598, stack(0x00007fa9583d3000,0x00007fa9584d4000)]
  0x00007fa968083000 JavaThread "Reference Handler" daemon [_thread_blocked, id=27597, stack(0x00007fa9584d4000,0x00007fa9585d5000)]
=>0x00007fa96800d800 JavaThread "main" [_thread_in_native, id=27590, stack(0x00007fa971c60000,0x00007fa971d61000)]

Other Threads:
  0x00007fa96807b000 VMThread [stack: 0x00007fa9585d5000,0x00007fa9586d6000] [id=27596]
  0x00007fa9680c7000 WatcherThread [stack: 0x00007fa9539fa000,0x00007fa953afb000] [id=27604]

VM state:not at safepoint (normal execution)

VM Mutex/Monitor currently owned by a thread: None

Heap:
 PSYoungGen      total 74752K, used 17178K [0x000000076cd80000, 0x0000000772080000, 0x00000007c0000000)
  eden space 64512K, 26% used [0x000000076cd80000,0x000000076de46ad8,0x0000000770c80000)
  from space 10240K, 0% used [0x0000000771680000,0x0000000771680000,0x0000000772080000)
  to   space 10240K, 0% used [0x0000000770c80000,0x0000000770c80000,0x0000000771680000)
 ParOldGen       total 171008K, used 0K [0x00000006c6800000, 0x00000006d0f00000, 0x000000076cd80000)
  object space 171008K, 0% used [0x00000006c6800000,0x00000006c6800000,0x00000006d0f00000)
 Metaspace       used 7325K, capacity 7497K, committed 7680K, reserved 1056768K
  class space    used 677K, capacity 748K, committed 768K, reserved 1048576K

Card table byte_map: [0x00007fa96e243000,0x00007fa96ea10000] byte_map_base: 0x00007fa96ac0f000

Marking Bits: (ParMarkBitMap*) 0x00007fa97113ac80
 Begin Bits: [0x00007fa949340000, 0x00007fa94d1a0000)
 End Bits:   [0x00007fa94d1a0000, 0x00007fa951000000)

Polling page: 0x00007fa971d8b000

CodeCache: size=245760Kb used=2792Kb max_used=2792Kb free=242967Kb
 bounds [0x00007fa959000000, 0x00007fa9592c0000, 0x00007fa968000000]
 total_blobs=1410 nmethods=646 adapters=678
 compilation: enabled

Compilation events (10 events):
Event: 0.331 Thread 0x00007fa9680bc000  646       4       java.lang.reflect.Modifier::isStatic (13 bytes)
Event: 0.331 Thread 0x00007fa9680bc000 nmethod 646 0x00007fa9592b8310 code [0x00007fa9592b8440, 0x00007fa9592b8498]
Event: 0.331 Thread 0x00007fa9680c1000 nmethod 631 0x00007fa9592afc50 code [0x00007fa9592afe00, 0x00007fa9592b0538]
Event: 0.331 Thread 0x00007fa9680c1000  632       3       sun.reflect.FieldAccessorImpl::<init> (5 bytes)
Event: 0.331 Thread 0x00007fa9680c1000 nmethod 632 0x00007fa9592af7d0 code [0x00007fa9592af940, 0x00007fa9592afb50]
Event: 0.331 Thread 0x00007fa9680c1000  643       3       org.lwjgl.system.MemoryUtil::memPutAddress (11 bytes)
Event: 0.331 Thread 0x00007fa9680c1000 nmethod 643 0x00007fa9592af310 code [0x00007fa9592af480, 0x00007fa9592af6e8]
Event: 0.331 Thread 0x00007fa9680c1000  644       3       org.lwjgl.system.MemoryAccess$MemoryAccessorUnsafe::memPutAddress (9 bytes)
Event: 0.331 Thread 0x00007fa9680c1000 nmethod 644 0x00007fa9592b7ed0 code [0x00007fa9592b8040, 0x00007fa9592b8248]
Event: 0.331 Thread 0x00007fa9680c1000  639       3       sun.reflect.UnsafeQualifiedLongFieldAccessorImpl::getLong (17 bytes)

GC Heap History (0 events):
No events

Deoptimization events (1 events):
Event: 0.112 Thread 0x00007fa96800d800 Uncommon trap: reason=unstable_if action=reinterpret pc=0x00007fa95919d8f8 method=java.lang.String.indexOf([CII[CIII)I @ 134

Internal exceptions (10 events):
Event: 0.016 Thread 0x00007fa96800d800 Exception <a 'java/lang/NoSuchMethodError': Method sun.misc.Unsafe.defineClass(Ljava/lang/String;[BII)Ljava/lang/Class; name or signature does not match> (0x000000076cd87ca8) thrown at [/HUDSON3/workspace/8-2-build-linux-amd64/jdk8u121/8372/hotspot/src/sh
Event: 0.016 Thread 0x00007fa96800d800 Exception <a 'java/lang/NoSuchMethodError': Method sun.misc.Unsafe.prefetchRead(Ljava/lang/Object;J)V name or signature does not match> (0x000000076cd87f90) thrown at [/HUDSON3/workspace/8-2-build-linux-amd64/jdk8u121/8372/hotspot/src/share/vm/prims/jni.c
Event: 0.089 Thread 0x00007fa96800d800 Exception <a 'java/lang/NoSuchMethodError': java.lang.Object.lambda$static$0(Ljava/lang/String;)Ljava/lang/Boolean;> (0x000000076d1e8cf8) thrown at [/HUDSON3/workspace/8-2-build-linux-amd64/jdk8u121/8372/hotspot/src/share/vm/interpreter/linkResolver.cpp, 
Event: 0.098 Thread 0x00007fa96800d800 Exception <a 'java/lang/NoSuchFieldError': method resolution failed> (0x000000076d260b80) thrown at [/HUDSON3/workspace/8-2-build-linux-amd64/jdk8u121/8372/hotspot/src/share/vm/prims/methodHandles.cpp, line 1146]
Event: 0.099 Thread 0x00007fa96800d800 Exception <a 'java/lang/NoSuchFieldError': method resolution failed> (0x000000076d26ded0) thrown at [/HUDSON3/workspace/8-2-build-linux-amd64/jdk8u121/8372/hotspot/src/share/vm/prims/methodHandles.cpp, line 1146]
Event: 0.111 Thread 0x00007fa96800d800 Exception <a 'java/security/PrivilegedActionException'> (0x000000076d2ff050) thrown at [/HUDSON3/workspace/8-2-build-linux-amd64/jdk8u121/8372/hotspot/src/share/vm/prims/jvm.cpp, line 1390]
Event: 0.111 Thread 0x00007fa96800d800 Exception <a 'java/security/PrivilegedActionException'> (0x000000076d2ff260) thrown at [/HUDSON3/workspace/8-2-build-linux-amd64/jdk8u121/8372/hotspot/src/share/vm/prims/jvm.cpp, line 1390]
Event: 0.111 Thread 0x00007fa96800d800 Exception <a 'java/security/PrivilegedActionException'> (0x000000076d301788) thrown at [/HUDSON3/workspace/8-2-build-linux-amd64/jdk8u121/8372/hotspot/src/share/vm/prims/jvm.cpp, line 1390]
Event: 0.111 Thread 0x00007fa96800d800 Exception <a 'java/security/PrivilegedActionException'> (0x000000076d301998) thrown at [/HUDSON3/workspace/8-2-build-linux-amd64/jdk8u121/8372/hotspot/src/share/vm/prims/jvm.cpp, line 1390]
Event: 0.205 Thread 0x00007fa96800d800 Exception <a 'sun/nio/fs/UnixException'> (0x000000076d73ccd0) thrown at [/HUDSON3/workspace/8-2-build-linux-amd64/jdk8u121/8372/hotspot/src/share/vm/prims/jni.cpp, line 709]

Events (10 events):
Event: 0.327 loading class java/util/stream/ReferencePipeline$2$1
Event: 0.327 loading class java/util/stream/Sink$ChainedReference
Event: 0.327 loading class java/util/stream/Sink$ChainedReference done
Event: 0.327 loading class java/util/stream/ReferencePipeline$2$1 done
Event: 0.328 loading class sun/reflect/UnsafeQualifiedLongFieldAccessorImpl
Event: 0.328 loading class sun/reflect/UnsafeQualifiedFieldAccessorImpl
Event: 0.328 loading class sun/reflect/UnsafeQualifiedFieldAccessorImpl done
Event: 0.328 loading class sun/reflect/UnsafeQualifiedLongFieldAccessorImpl done
Event: 0.331 loading class org/lwjgl/opengl/GL$ICDStatic$WriteOnce
Event: 0.331 loading class org/lwjgl/opengl/GL$ICDStatic$WriteOnce done


Dynamic libraries:
00400000-00401000 r-xp 00000000 fd:00 3287279                            /home/macmv/bin/jdk1.8.0_121/bin/java
00600000-00601000 rw-p 00000000 fd:00 3287279                            /home/macmv/bin/jdk1.8.0_121/bin/java
0186b000-0188c000 rw-p 00000000 00:00 0                                  [heap]
6c6800000-6d0f00000 rw-p 00000000 00:00 0 
6d0f00000-76cd80000 ---p 00000000 00:00 0 
76cd80000-772080000 rw-p 00000000 00:00 0 
772080000-7c0000000 ---p 00000000 00:00 0 
7c0000000-7c00c0000 rw-p 00000000 00:00 0 
7c00c0000-800000000 ---p 00000000 00:00 0 
7fa914000000-7fa914021000 rw-p 00000000 00:00 0 
7fa914021000-7fa918000000 ---p 00000000 00:00 0 
7fa91974f000-7fa9197b8000 r-xp 00000000 fd:00 10486112                   /tmp/lwjglmacmv/3.1.2-build-29/liblwjgl_opengl.so
7fa9197b8000-7fa9199b7000 ---p 00069000 fd:00 10486112                   /tmp/lwjglmacmv/3.1.2-build-29/liblwjgl_opengl.so
7fa9199b7000-7fa9199b8000 r--p 00068000 fd:00 10486112                   /tmp/lwjglmacmv/3.1.2-build-29/liblwjgl_opengl.so
7fa9199b8000-7fa9199b9000 rw-p 00069000 fd:00 10486112                   /tmp/lwjglmacmv/3.1.2-build-29/liblwjgl_opengl.so
7fa9199b9000-7fa919a19000 rw-s 105b96000 00:06 12940                     /dev/dri/card0
7fa919a19000-7fa919a50000 r-xp 00000000 fd:00 1713277                    /usr/lib/x86_64-linux-gnu/libtxc_dxtn_s2tc.so.0.0.0
7fa919a50000-7fa919c4f000 ---p 00037000 fd:00 1713277                    /usr/lib/x86_64-linux-gnu/libtxc_dxtn_s2tc.so.0.0.0
7fa919c4f000-7fa919c50000 r--p 00036000 fd:00 1713277                    /usr/lib/x86_64-linux-gnu/libtxc_dxtn_s2tc.so.0.0.0
7fa919c50000-7fa919c51000 rw-p 00037000 fd:00 1713277                    /usr/lib/x86_64-linux-gnu/libtxc_dxtn_s2tc.so.0.0.0
7fa919c51000-7fa919c6a000 r-xp 00000000 fd:00 791014                     /lib/x86_64-linux-gnu/libz.so.1.2.8
7fa919c6a000-7fa919e69000 ---p 00019000 fd:00 791014                     /lib/x86_64-linux-gnu/libz.so.1.2.8
7fa919e69000-7fa919e6a000 r--p 00018000 fd:00 791014                     /lib/x86_64-linux-gnu/libz.so.1.2.8
7fa919e6a000-7fa919e6b000 rw-p 00019000 fd:00 791014                     /lib/x86_64-linux-gnu/libz.so.1.2.8
7fa919e6b000-7fa919e73000 r-xp 00000000 fd:00 1713033                    /usr/lib/x86_64-linux-gnu/libpciaccess.so.0.11.1
7fa919e73000-7fa91a073000 ---p 00008000 fd:00 1713033                    /usr/lib/x86_64-linux-gnu/libpciaccess.so.0.11.1
7fa91a073000-7fa91a074000 r--p 00008000 fd:00 1713033                    /usr/lib/x86_64-linux-gnu/libpciaccess.so.0.11.1
7fa91a074000-7fa91a075000 rw-p 00009000 fd:00 1713033                    /usr/lib/x86_64-linux-gnu/libpciaccess.so.0.11.1
7fa91a075000-7fa91a087000 r-xp 00000000 fd:00 791034                     /lib/x86_64-linux-gnu/libgpg-error.so.0.17.0
7fa91a087000-7fa91a287000 ---p 00012000 fd:00 791034                     /lib/x86_64-linux-gnu/libgpg-error.so.0.17.0
7fa91a287000-7fa91a288000 r--p 00012000 fd:00 791034                     /lib/x86_64-linux-gnu/libgpg-error.so.0.17.0
7fa91a288000-7fa91a289000 rw-p 00013000 fd:00 791034                     /lib/x86_64-linux-gnu/libgpg-error.so.0.17.0
7fa91a289000-7fa91a3fb000 r-xp 00000000 fd:00 1713227                    /usr/lib/x86_64-linux-gnu/libstdc++.so.6.0.21
7fa91a3fb000-7fa91a5fb000 ---p 00172000 fd:00 1713227                    /usr/lib/x86_64-linux-gnu/libstdc++.so.6.0.21
7fa91a5fb000-7fa91a605000 r--p 00172000 fd:00 1713227                    /usr/lib/x86_64-linux-gnu/libstdc++.so.6.0.21
7fa91a605000-7fa91a607000 rw-p 0017c000 fd:00 1713227                    /usr/lib/x86_64-linux-gnu/libstdc++.so.6.0.21
7fa91a607000-7fa91a60b000 rw-p 00000000 00:00 0 
7fa91a60b000-7fa91a616000 r-xp 00000000 fd:00 1712382                    /usr/lib/x86_64-linux-gnu/libdrm_radeon.so.1.0.1
7fa91a616000-7fa91a815000 ---p 0000b000 fd:00 1712382                    /usr/lib/x86_64-linux-gnu/libdrm_radeon.so.1.0.1
7fa91a815000-7fa91a816000 r--p 0000a000 fd:00 1712382                    /usr/lib/x86_64-linux-gnu/libdrm_radeon.so.1.0.1
7fa91a816000-7fa91a817000 rw-p 0000b000 fd:00 1712382                    /usr/lib/x86_64-linux-gnu/libdrm_radeon.so.1.0.1
7fa91a817000-7fa91a81e000 r-xp 00000000 fd:00 1712380                    /usr/lib/x86_64-linux-gnu/libdrm_nouveau.so.2.0.0
7fa91a81e000-7fa91aa1d000 ---p 00007000 fd:00 1712380                    /usr/lib/x86_64-linux-gnu/libdrm_nouveau.so.2.0.0
7fa91aa1d000-7fa91aa1e000 r--p 00006000 fd:00 1712380                    /usr/lib/x86_64-linux-gnu/libdrm_nouveau.so.2.0.0
7fa91aa1e000-7fa91aa1f000 rw-p 00007000 fd:00 1712380                    /usr/lib/x86_64-linux-gnu/libdrm_nouveau.so.2.0.0
7fa91aa1f000-7fa91aa3f000 r-xp 00000000 fd:00 1712378                    /usr/lib/x86_64-linux-gnu/libdrm_intel.so.1.0.0
7fa91aa3f000-7fa91ac3e000 ---p 00020000 fd:00 1712378                    /usr/lib/x86_64-linux-gnu/libdrm_intel.so.1.0.0
7fa91ac3e000-7fa91ac3f000 r--p 0001f000 fd:00 1712378                    /usr/lib/x86_64-linux-gnu/libdrm_intel.so.1.0.0
7fa91ac3f000-7fa91ac40000 rw-p 00020000 fd:00 1712378                    /usr/lib/x86_64-linux-gnu/libdrm_intel.so.1.0.0
7fa91ac40000-7fa91ad18000 r-xp 00000000 fd:00 786446                     /lib/x86_64-linux-gnu/libgcrypt.so.20.0.5
7fa91ad18000-7fa91af17000 ---p 000d8000 fd:00 786446                     /lib/x86_64-linux-gnu/libgcrypt.so.20.0.5
7fa91af17000-7fa91af18000 r--p 000d7000 fd:00 786446                     /lib/x86_64-linux-gnu/libgcrypt.so.20.0.5
7fa91af18000-7fa91af20000 rw-p 000d8000 fd:00 786446                     /lib/x86_64-linux-gnu/libgcrypt.so.20.0.5
7fa91af20000-7fa91af21000 rw-p 00000000 00:00 0 
7fa91af21000-7fa91b581000 r-xp 00000000 fd:00 1968700                    /usr/lib/x86_64-linux-gnu/dri/i965_dri.so
7fa91b581000-7fa91b781000 ---p 00660000 fd:00 1968700                    /usr/lib/x86_64-linux-gnu/dri/i965_dri.so
7fa91b781000-7fa91b7c0000 r--p 00660000 fd:00 1968700                    /usr/lib/x86_64-linux-gnu/dri/i965_dri.so
7fa91b7c0000-7fa91b7c8000 rw-p 0069f000 fd:00 1968700                    /usr/lib/x86_64-linux-gnu/dri/i965_dri.so
7fa91b7c8000-7fa91b7d0000 rw-p 00000000 00:00 0 
7fa91b7d0000-7fa91b7de000 r-xp 00000000 fd:00 1712374                    /usr/lib/x86_64-linux-gnu/libdrm.so.2.4.0
7fa91b7de000-7fa91b9dd000 ---p 0000e000 fd:00 1712374                    /usr/lib/x86_64-linux-gnu/libdrm.so.2.4.0
7fa91b9dd000-7fa91b9de000 r--p 0000d000 fd:00 1712374                    /usr/lib/x86_64-linux-gnu/libdrm.so.2.4.0
7fa91b9de000-7fa91b9df000 rw-p 0000e000 fd:00 1712374                    /usr/lib/x86_64-linux-gnu/libdrm.so.2.4.0
7fa91b9df000-7fa91b9e3000 r-xp 00000000 fd:00 1713444                    /usr/lib/x86_64-linux-gnu/libxcb-dri2.so.0.0.0
7fa91b9e3000-7fa91bbe2000 ---p 00004000 fd:00 1713444                    /usr/lib/x86_64-linux-gnu/libxcb-dri2.so.0.0.0
7fa91bbe2000-7fa91bbe3000 r--p 00003000 fd:00 1713444                    /usr/lib/x86_64-linux-gnu/libxcb-dri2.so.0.0.0
7fa91bbe3000-7fa91bbe4000 rw-p 00004000 fd:00 1713444                    /usr/lib/x86_64-linux-gnu/libxcb-dri2.so.0.0.0
7fa91bbe4000-7fa91bbfb000 r-xp 00000000 fd:00 1713448                    /usr/lib/x86_64-linux-gnu/libxcb-glx.so.0.0.0
7fa91bbfb000-7fa91bdfa000 ---p 00017000 fd:00 1713448                    /usr/lib/x86_64-linux-gnu/libxcb-glx.so.0.0.0
7fa91bdfa000-7fa91bdfc000 r--p 00016000 fd:00 1713448                    /usr/lib/x86_64-linux-gnu/libxcb-glx.so.0.0.0
7fa91bdfc000-7fa91bdfd000 rw-p 00018000 fd:00 1713448                    /usr/lib/x86_64-linux-gnu/libxcb-glx.so.0.0.0
7fa91bdfd000-7fa91bdff000 r-xp 00000000 fd:00 1712076                    /usr/lib/x86_64-linux-gnu/libXdamage.so.1.1.0
7fa91bdff000-7fa91bffe000 ---p 00002000 fd:00 1712076                    /usr/lib/x86_64-linux-gnu/libXdamage.so.1.1.0
7fa91bffe000-7fa91bfff000 r--p 00001000 fd:00 1712076                    /usr/lib/x86_64-linux-gnu/libXdamage.so.1.1.0
7fa91bfff000-7fa91c000000 rw-p 00002000 fd:00 1712076                    /usr/lib/x86_64-linux-gnu/libXdamage.so.1.1.0
7fa91c000000-7fa91c17c000 rw-p 00000000 00:00 0 
7fa91c17c000-7fa920000000 ---p 00000000 00:00 0 
7fa920000000-7fa920021000 rw-p 00000000 00:00 0 
7fa920021000-7fa924000000 ---p 00000000 00:00 0 
7fa924000000-7fa92421b000 rw-p 00000000 00:00 0 
7fa92421b000-7fa928000000 ---p 00000000 00:00 0 
7fa928000000-7fa9280d1000 rw-p 00000000 00:00 0 
7fa9280d1000-7fa92c000000 ---p 00000000 00:00 0 
7fa92c000000-7fa92c021000 rw-p 00000000 00:00 0 
7fa92c021000-7fa930000000 ---p 00000000 00:00 0 
7fa930000000-7fa930021000 rw-p 00000000 00:00 0 
7fa930021000-7fa934000000 ---p 00000000 00:00 0 
7fa934000000-7fa934021000 rw-p 00000000 00:00 0 
7fa934021000-7fa938000000 ---p 00000000 00:00 0 
7fa938000000-7fa938021000 rw-p 00000000 00:00 0 
7fa938021000-7fa93c000000 ---p 00000000 00:00 0 
7fa93c000000-7fa93c021000 rw-p 00000000 00:00 0 
7fa93c021000-7fa940000000 ---p 00000000 00:00 0 
7fa940000000-7fa940021000 rw-p 00000000 00:00 0 
7fa940021000-7fa944000000 ---p 00000000 00:00 0 
7fa944000000-7fa944021000 rw-p 00000000 00:00 0 
7fa944021000-7fa948000000 ---p 00000000 00:00 0 
7fa948052000-7fa94807b000 r-xp 00000000 fd:00 1712575                    /usr/lib/x86_64-linux-gnu/libglapi.so.0.0.0
7fa94807b000-7fa94827b000 ---p 00029000 fd:00 1712575                    /usr/lib/x86_64-linux-gnu/libglapi.so.0.0.0
7fa94827b000-7fa94827f000 r--p 00029000 fd:00 1712575                    /usr/lib/x86_64-linux-gnu/libglapi.so.0.0.0
7fa94827f000-7fa948280000 rw-p 0002d000 fd:00 1712575                    /usr/lib/x86_64-linux-gnu/libglapi.so.0.0.0
7fa948280000-7fa948281000 rw-p 00000000 00:00 0 
7fa948281000-7fa948282000 r-xp 00000000 fd:00 1713488                    /usr/lib/x86_64-linux-gnu/libxshmfence.so.1.0.0
7fa948282000-7fa948482000 ---p 00001000 fd:00 1713488                    /usr/lib/x86_64-linux-gnu/libxshmfence.so.1.0.0
7fa948482000-7fa948483000 r--p 00001000 fd:00 1713488                    /usr/lib/x86_64-linux-gnu/libxshmfence.so.1.0.0
7fa948483000-7fa948484000 rw-p 00002000 fd:00 1713488                    /usr/lib/x86_64-linux-gnu/libxshmfence.so.1.0.0
7fa948484000-7fa948489000 r-xp 00000000 fd:00 1713468                    /usr/lib/x86_64-linux-gnu/libxcb-sync.so.1.0.0
7fa948489000-7fa948689000 ---p 00005000 fd:00 1713468                    /usr/lib/x86_64-linux-gnu/libxcb-sync.so.1.0.0
7fa948689000-7fa94868a000 r--p 00005000 fd:00 1713468                    /usr/lib/x86_64-linux-gnu/libxcb-sync.so.1.0.0
7fa94868a000-7fa94868b000 rw-p 00006000 fd:00 1713468                    /usr/lib/x86_64-linux-gnu/libxcb-sync.so.1.0.0
7fa94868b000-7fa94868d000 r-xp 00000000 fd:00 1713456                    /usr/lib/x86_64-linux-gnu/libxcb-present.so.0.0.0
7fa94868d000-7fa94888c000 ---p 00002000 fd:00 1713456                    /usr/lib/x86_64-linux-gnu/libxcb-present.so.0.0.0
7fa94888c000-7fa94888d000 r--p 00001000 fd:00 1713456                    /usr/lib/x86_64-linux-gnu/libxcb-present.so.0.0.0
7fa94888d000-7fa94888e000 rw-p 00002000 fd:00 1713456                    /usr/lib/x86_64-linux-gnu/libxcb-present.so.0.0.0
7fa94888e000-7fa948890000 r-xp 00000000 fd:00 1713446                    /usr/lib/x86_64-linux-gnu/libxcb-dri3.so.0.0.0
7fa948890000-7fa948a8f000 ---p 00002000 fd:00 1713446                    /usr/lib/x86_64-linux-gnu/libxcb-dri3.so.0.0.0
7fa948a8f000-7fa948a90000 r--p 00001000 fd:00 1713446                    /usr/lib/x86_64-linux-gnu/libxcb-dri3.so.0.0.0
7fa948a90000-7fa948a91000 rw-p 00002000 fd:00 1713446                    /usr/lib/x86_64-linux-gnu/libxcb-dri3.so.0.0.0
7fa948a91000-7fa948ab7000 r-xp 00000000 fd:00 786603                     /lib/x86_64-linux-gnu/libexpat.so.1.6.0
7fa948ab7000-7fa948cb7000 ---p 00026000 fd:00 786603                     /lib/x86_64-linux-gnu/libexpat.so.1.6.0
7fa948cb7000-7fa948cb9000 r--p 00026000 fd:00 786603                     /lib/x86_64-linux-gnu/libexpat.so.1.6.0
7fa948cb9000-7fa948cba000 rw-p 00028000 fd:00 786603                     /lib/x86_64-linux-gnu/libexpat.so.1.6.0
7fa948cba000-7fa948d2a000 r-xp 00000000 fd:00 1969676                    /usr/lib/x86_64-linux-gnu/mesa/libGL.so.1.2.0
7fa948d2a000-7fa948f29000 ---p 00070000 fd:00 1969676                    /usr/lib/x86_64-linux-gnu/mesa/libGL.so.1.2.0
7fa948f29000-7fa948f2c000 r--p 0006f000 fd:00 1969676                    /usr/lib/x86_64-linux-gnu/mesa/libGL.so.1.2.0
7fa948f2c000-7fa948f2d000 rw-p 00072000 fd:00 1969676                    /usr/lib/x86_64-linux-gnu/mesa/libGL.so.1.2.0
7fa948f2d000-7fa948f2e000 rw-p 00000000 00:00 0 
7fa948f2e000-7fa948f2f000 r-xp 00000000 fd:00 1712061                    /usr/lib/x86_64-linux-gnu/libX11-xcb.so.1.0.0
7fa948f2f000-7fa94912e000 ---p 00001000 fd:00 1712061                    /usr/lib/x86_64-linux-gnu/libX11-xcb.so.1.0.0
7fa94912e000-7fa94912f000 r--p 00000000 fd:00 1712061                    /usr/lib/x86_64-linux-gnu/libX11-xcb.so.1.0.0
7fa94912f000-7fa949130000 rw-p 00001000 fd:00 1712061                    /usr/lib/x86_64-linux-gnu/libX11-xcb.so.1.0.0
7fa949130000-7fa94913f000 r-xp 00000000 fd:00 1712088                    /usr/lib/x86_64-linux-gnu/libXi.so.6.1.0
7fa94913f000-7fa94933e000 ---p 0000f000 fd:00 1712088                    /usr/lib/x86_64-linux-gnu/libXi.so.6.1.0
7fa94933e000-7fa94933f000 r--p 0000e000 fd:00 1712088                    /usr/lib/x86_64-linux-gnu/libXi.so.6.1.0
7fa94933f000-7fa949340000 rw-p 0000f000 fd:00 1712088                    /usr/lib/x86_64-linux-gnu/libXi.so.6.1.0
7fa949340000-7fa951000000 rw-p 00000000 00:00 0 
7fa951018000-7fa951036000 r-xp 00000000 fd:00 790928                     /lib/x86_64-linux-gnu/libudev.so.1.6.4
7fa951036000-7fa951037000 r--p 0001d000 fd:00 790928                     /lib/x86_64-linux-gnu/libudev.so.1.6.4
7fa951037000-7fa951038000 rw-p 0001e000 fd:00 790928                     /lib/x86_64-linux-gnu/libudev.so.1.6.4
7fa951038000-7fa95103d000 r-xp 00000000 fd:00 1712116                    /usr/lib/x86_64-linux-gnu/libXxf86vm.so.1.0.0
7fa95103d000-7fa95123c000 ---p 00005000 fd:00 1712116                    /usr/lib/x86_64-linux-gnu/libXxf86vm.so.1.0.0
7fa95123c000-7fa95123d000 r--p 00004000 fd:00 1712116                    /usr/lib/x86_64-linux-gnu/libXxf86vm.so.1.0.0
7fa95123d000-7fa95123e000 rw-p 00005000 fd:00 1712116                    /usr/lib/x86_64-linux-gnu/libXxf86vm.so.1.0.0
7fa95123e000-7fa951243000 r-xp 00000000 fd:00 1712078                    /usr/lib/x86_64-linux-gnu/libXdmcp.so.6.0.0
7fa951243000-7fa951442000 ---p 00005000 fd:00 1712078                    /usr/lib/x86_64-linux-gnu/libXdmcp.so.6.0.0
7fa951442000-7fa951443000 r--p 00004000 fd:00 1712078                    /usr/lib/x86_64-linux-gnu/libXdmcp.so.6.0.0
7fa951443000-7fa951444000 rw-p 00005000 fd:00 1712078                    /usr/lib/x86_64-linux-gnu/libXdmcp.so.6.0.0
7fa951444000-7fa951446000 r-xp 00000000 fd:00 1712067                    /usr/lib/x86_64-linux-gnu/libXau.so.6.0.0
7fa951446000-7fa951646000 ---p 00002000 fd:00 1712067                    /usr/lib/x86_64-linux-gnu/libXau.so.6.0.0
7fa951646000-7fa951647000 r--p 00002000 fd:00 1712067                    /usr/lib/x86_64-linux-gnu/libXau.so.6.0.0
7fa951647000-7fa951648000 rw-p 00003000 fd:00 1712067                    /usr/lib/x86_64-linux-gnu/libXau.so.6.0.0
7fa951648000-7fa95164d000 r-xp 00000000 fd:00 1712082                    /usr/lib/x86_64-linux-gnu/libXfixes.so.3.1.0
7fa95164d000-7fa95184c000 ---p 00005000 fd:00 1712082                    /usr/lib/x86_64-linux-gnu/libXfixes.so.3.1.0
7fa95184c000-7fa95184d000 r--p 00004000 fd:00 1712082                    /usr/lib/x86_64-linux-gnu/libXfixes.so.3.1.0
7fa95184d000-7fa95184e000 rw-p 00005000 fd:00 1712082                    /usr/lib/x86_64-linux-gnu/libXfixes.so.3.1.0
7fa95184e000-7fa951857000 r-xp 00000000 fd:00 1712100                    /usr/lib/x86_64-linux-gnu/libXrender.so.1.3.0
7fa951857000-7fa951a56000 ---p 00009000 fd:00 1712100                    /usr/lib/x86_64-linux-gnu/libXrender.so.1.3.0
7fa951a56000-7fa951a57000 r--p 00008000 fd:00 1712100                    /usr/lib/x86_64-linux-gnu/libXrender.so.1.3.0
7fa951a57000-7fa951a58000 rw-p 00009000 fd:00 1712100                    /usr/lib/x86_64-linux-gnu/libXrender.so.1.3.0
7fa951a58000-7fa951a69000 r-xp 00000000 fd:00 1712080                    /usr/lib/x86_64-linux-gnu/libXext.so.6.4.0
7fa951a69000-7fa951c68000 ---p 00011000 fd:00 1712080                    /usr/lib/x86_64-linux-gnu/libXext.so.6.4.0
7fa951c68000-7fa951c69000 r--p 00010000 fd:00 1712080                    /usr/lib/x86_64-linux-gnu/libXext.so.6.4.0
7fa951c69000-7fa951c6a000 rw-p 00011000 fd:00 1712080                    /usr/lib/x86_64-linux-gnu/libXext.so.6.4.0
7fa951c6a000-7fa951c8b000 r-xp 00000000 fd:00 1713476                    /usr/lib/x86_64-linux-gnu/libxcb.so.1.1.0
7fa951c8b000-7fa951e8a000 ---p 00021000 fd:00 1713476                    /usr/lib/x86_64-linux-gnu/libxcb.so.1.1.0
7fa951e8a000-7fa951e8b000 r--p 00020000 fd:00 1713476                    /usr/lib/x86_64-linux-gnu/libxcb.so.1.1.0
7fa951e8b000-7fa951e8c000 rw-p 00021000 fd:00 1713476                    /usr/lib/x86_64-linux-gnu/libxcb.so.1.1.0
7fa951e8c000-7fa951e95000 r-xp 00000000 fd:00 1712074                    /usr/lib/x86_64-linux-gnu/libXcursor.so.1.0.2
7fa951e95000-7fa952094000 ---p 00009000 fd:00 1712074                    /usr/lib/x86_64-linux-gnu/libXcursor.so.1.0.2
7fa952094000-7fa952095000 r--p 00008000 fd:00 1712074                    /usr/lib/x86_64-linux-gnu/libXcursor.so.1.0.2
7fa952095000-7fa952096000 rw-p 00009000 fd:00 1712074                    /usr/lib/x86_64-linux-gnu/libXcursor.so.1.0.2
7fa952096000-7fa952098000 r-xp 00000000 fd:00 1712090                    /usr/lib/x86_64-linux-gnu/libXinerama.so.1.0.0
7fa952098000-7fa952297000 ---p 00002000 fd:00 1712090                    /usr/lib/x86_64-linux-gnu/libXinerama.so.1.0.0
7fa952297000-7fa952298000 r--p 00001000 fd:00 1712090                    /usr/lib/x86_64-linux-gnu/libXinerama.so.1.0.0
7fa952298000-7fa952299000 rw-p 00002000 fd:00 1712090                    /usr/lib/x86_64-linux-gnu/libXinerama.so.1.0.0
7fa952299000-7fa9522a3000 r-xp 00000000 fd:00 1712098                    /usr/lib/x86_64-linux-gnu/libXrandr.so.2.2.0
7fa9522a3000-7fa9524a2000 ---p 0000a000 fd:00 1712098                    /usr/lib/x86_64-linux-gnu/libXrandr.so.2.2.0
7fa9524a2000-7fa9524a3000 r--p 00009000 fd:00 1712098                    /usr/lib/x86_64-linux-gnu/libXrandr.so.2.2.0
7fa9524a3000-7fa9524a4000 rw-p 0000a000 fd:00 1712098                    /usr/lib/x86_64-linux-gnu/libXrandr.so.2.2.0
7fa9524a4000-7fa9525d9000 r-xp 00000000 fd:00 1712063                    /usr/lib/x86_64-linux-gnu/libX11.so.6.3.0
7fa9525d9000-7fa9527d9000 ---p 00135000 fd:00 1712063                    /usr/lib/x86_64-linux-gnu/libX11.so.6.3.0
7fa9527d9000-7fa9527da000 r--p 00135000 fd:00 1712063                    /usr/lib/x86_64-linux-gnu/libX11.so.6.3.0
7fa9527da000-7fa9527de000 rw-p 00136000 fd:00 1712063                    /usr/lib/x86_64-linux-gnu/libX11.so.6.3.0
7fa9527de000-7fa9527fe000 r-xp 00000000 fd:00 10486109                   /tmp/lwjglmacmv/3.1.2-build-29/libglfw.so
7fa9527fe000-7fa9529fd000 ---p 00020000 fd:00 10486109                   /tmp/lwjglmacmv/3.1.2-build-29/libglfw.so
7fa9529fd000-7fa9529fe000 r--p 0001f000 fd:00 10486109                   /tmp/lwjglmacmv/3.1.2-build-29/libglfw.so
7fa9529fe000-7fa9529ff000 rw-p 00020000 fd:00 10486109                   /tmp/lwjglmacmv/3.1.2-build-29/libglfw.so
7fa9529ff000-7fa952a00000 rw-p 00000000 00:00 0 
7fa952a00000-7fa952c00000 rw-p 00000000 00:00 0 
7fa952c04000-7fa952c3f000 r-xp 00000000 fd:00 10486106                   /tmp/lwjglmacmv/3.1.2-build-29/libjemalloc.so
7fa952c3f000-7fa952e3e000 ---p 0003b000 fd:00 10486106                   /tmp/lwjglmacmv/3.1.2-build-29/libjemalloc.so
7fa952e3e000-7fa952e41000 r--p 0003a000 fd:00 10486106                   /tmp/lwjglmacmv/3.1.2-build-29/libjemalloc.so
7fa952e41000-7fa952e42000 rw-p 0003d000 fd:00 10486106                   /tmp/lwjglmacmv/3.1.2-build-29/libjemalloc.so
7fa952e42000-7fa952e43000 rw-p 00000000 00:00 0 
7fa952e43000-7fa952e59000 r-xp 00000000 fd:00 791028                     /lib/x86_64-linux-gnu/libgcc_s.so.1
7fa952e59000-7fa953058000 ---p 00016000 fd:00 791028                     /lib/x86_64-linux-gnu/libgcc_s.so.1
7fa953058000-7fa953059000 rw-p 00015000 fd:00 791028                     /lib/x86_64-linux-gnu/libgcc_s.so.1
7fa953075000-7fa953076000 rw-s 00000000 00:05 92141                      /memfd:xshmfence (deleted)
7fa953076000-7fa953077000 rwxp 00000000 00:00 0 
7fa953077000-7fa953078000 r-xp 00000000 00:00 0 
7fa953078000-7fa953080000 rw-s 00000000 00:05 92140                      /drm mm object (deleted)
7fa953080000-7fa9530d0000 r-xp 00000000 fd:00 10486105                   /tmp/lwjglmacmv/3.1.2-build-29/liblwjgl.so
7fa9530d0000-7fa9532cf000 ---p 00050000 fd:00 10486105                   /tmp/lwjglmacmv/3.1.2-build-29/liblwjgl.so
7fa9532cf000-7fa9532d0000 r--p 0004f000 fd:00 10486105                   /tmp/lwjglmacmv/3.1.2-build-29/liblwjgl.so
7fa9532d0000-7fa9532d1000 rw-p 00050000 fd:00 10486105                   /tmp/lwjglmacmv/3.1.2-build-29/liblwjgl.so
7fa9532d1000-7fa9535d2000 rw-p 00000000 00:00 0 
7fa9535d2000-7fa9535e8000 r-xp 00000000 fd:00 3413368                    /home/macmv/bin/jdk1.8.0_121/jre/lib/amd64/libnet.so
7fa9535e8000-7fa9537e8000 ---p 00016000 fd:00 3413368                    /home/macmv/bin/jdk1.8.0_121/jre/lib/amd64/libnet.so
7fa9537e8000-7fa9537e9000 rw-p 00016000 fd:00 3413368                    /home/macmv/bin/jdk1.8.0_121/jre/lib/amd64/libnet.so
7fa9537e9000-7fa9537fa000 r-xp 00000000 fd:00 3416836                    /home/macmv/bin/jdk1.8.0_121/jre/lib/amd64/libnio.so
7fa9537fa000-7fa9539f9000 ---p 00011000 fd:00 3416836                    /home/macmv/bin/jdk1.8.0_121/jre/lib/amd64/libnio.so
7fa9539f9000-7fa9539fa000 rw-p 00010000 fd:00 3416836                    /home/macmv/bin/jdk1.8.0_121/jre/lib/amd64/libnio.so
7fa9539fa000-7fa9539fb000 ---p 00000000 00:00 0 
7fa9539fb000-7fa953afb000 rw-p 00000000 00:00 0 
7fa953afb000-7fa953afe000 ---p 00000000 00:00 0 
7fa953afe000-7fa953bfc000 rw-p 00000000 00:00 0 
7fa953bfc000-7fa953bff000 ---p 00000000 00:00 0 
7fa953bff000-7fa953cfd000 rw-p 00000000 00:00 0 
7fa953cfd000-7fa953d00000 ---p 00000000 00:00 0 
7fa953d00000-7fa953dfe000 rw-p 00000000 00:00 0 
7fa953dfe000-7fa953e01000 ---p 00000000 00:00 0 
7fa953e01000-7fa953eff000 rw-p 00000000 00:00 0 
7fa953eff000-7fa953f02000 ---p 00000000 00:00 0 
7fa953f02000-7fa954000000 rw-p 00000000 00:00 0 
7fa954000000-7fa954021000 rw-p 00000000 00:00 0 
7fa954021000-7fa958000000 ---p 00000000 00:00 0 
7fa958000000-7fa958001000 rw-s 00000000 00:05 92132                      /memfd:xshmfence (deleted)
7fa958001000-7fa958002000 rw-s 10571a000 00:06 12940                     /dev/dri/card0
7fa958002000-7fa95800a000 rw-s 00000000 00:05 92128                      /drm mm object (deleted)
7fa95800a000-7fa958011000 r--s 00000000 fd:00 1976491                    /usr/lib/x86_64-linux-gnu/gconv/gconv-modules.cache
7fa958011000-7fa958012000 r-xp 00000000 00:00 0 
7fa958012000-7fa958015000 r--s 00015000 fd:00 3070046                    /home/macmv/Desktop/Bit Platformer/EternalCaves/lib/jars/slick-util.jar
7fa958015000-7fa958028000 r--s 00345000 fd:00 3287366                    /home/macmv/bin/jdk1.8.0_121/jre/lib/resources.jar
7fa958028000-7fa95802d000 r--s 0003e000 fd:00 3070496                    /home/macmv/Desktop/Bit Platformer/EternalCaves/lib/jars/lwjgl.jar
7fa95802d000-7fa95802f000 r--s 0000a000 fd:00 3070495                    /home/macmv/Desktop/Bit Platformer/EternalCaves/lib/jars/lwjgl-yoga.jar
7fa95802f000-7fa958031000 r--s 00007000 fd:00 3070494                    /home/macmv/Desktop/Bit Platformer/EternalCaves/lib/jars/lwjgl-yoga-sources.jar
7fa958031000-7fa958032000 r--s 0000a000 fd:00 3070493                    /home/macmv/Desktop/Bit Platformer/EternalCaves/lib/jars/lwjgl-yoga-natives-linux.jar
7fa958032000-7fa958035000 r--s 00074000 fd:00 3070492                    /home/macmv/Desktop/Bit Platformer/EternalCaves/lib/jars/lwjgl-yoga-javadoc.jar
7fa958035000-7fa958036000 r--s 00004000 fd:00 3070491                    /home/macmv/Desktop/Bit Platformer/EternalCaves/lib/jars/lwjgl-xxhash.jar
7fa958036000-7fa958037000 r--s 00003000 fd:00 3070490                    /home/macmv/Desktop/Bit Platformer/EternalCaves/lib/jars/lwjgl-xxhash-sources.jar
7fa958037000-7fa958038000 r--s 00001000 fd:00 3070489                    /home/macmv/Desktop/Bit Platformer/EternalCaves/lib/jars/lwjgl-xxhash-natives-linux.jar
7fa958038000-7fa95803a000 r--s 00062000 fd:00 3070488                    /home/macmv/Desktop/Bit Platformer/EternalCaves/lib/jars/lwjgl-xxhash-javadoc.jar
7fa95803a000-7fa958048000 r--s 000f3000 fd:00 3070487                    /home/macmv/Desktop/Bit Platformer/EternalCaves/lib/jars/lwjgl-vulkan.jar
7fa958048000-7fa958050000 r--s 00102000 fd:00 3070486                    /home/macmv/Desktop/Bit Platformer/EternalCaves/lib/jars/lwjgl-vulkan-sources.jar
7fa958050000-7fa95805f000 r--s 00356000 fd:00 3070485                    /home/macmv/Desktop/Bit Platformer/EternalCaves/lib/jars/lwjgl-vulkan-javadoc.jar
7fa95805f000-7fa958060000 r--s 00001000 fd:00 3070484                    /home/macmv/Desktop/Bit Platformer/EternalCaves/lib/jars/lwjgl-tinyfd.jar
7fa958060000-7fa958061000 r--s 00000000 fd:00 3070483                    /home/macmv/Desktop/Bit Platformer/EternalCaves/lib/jars/lwjgl-tinyfd-sources.jar
7fa958061000-7fa958062000 r--s 00008000 fd:00 3070482                    /home/macmv/Desktop/Bit Platformer/EternalCaves/lib/jars/lwjgl-tinyfd-natives-linux.jar
7fa958062000-7fa958064000 r--s 00057000 fd:00 3070481                    /home/macmv/Desktop/Bit Platformer/EternalCaves/lib/jars/lwjgl-tinyfd-javadoc.jar
7fa958064000-7fa958065000 r--s 00009000 fd:00 3070480                    /home/macmv/Desktop/Bit Platformer/EternalCaves/lib/jars/lwjgl-tinyexr.jar
7fa958065000-7fa958066000 r--s 00006000 fd:00 3070479                    /home/macmv/Desktop/Bit Platformer/EternalCaves/lib/jars/lwjgl-tinyexr-sources.jar
7fa958066000-7fa958067000 r--s 0000d000 fd:00 3070478                    /home/macmv/Desktop/Bit Platformer/EternalCaves/lib/jars/lwjgl-tinyexr-natives-linux.jar
7fa958067000-7fa958069000 r--s 0006c000 fd:00 3070477                    /home/macmv/Desktop/Bit Platformer/EternalCaves/lib/jars/lwjgl-tinyexr-javadoc.jar
7fa958069000-7fa95806b000 r--s 00013000 fd:00 3070476                    /home/macmv/Desktop/Bit Platformer/EternalCaves/lib/jars/lwjgl-stb.jar
7fa95806b000-7fa95806d000 r--s 00012000 fd:00 3070475                    /home/macmv/Desktop/Bit Platformer/EternalCaves/lib/jars/lwjgl-stb-sources.jar
7fa95806d000-7fa95806e000 r--s 0002d000 fd:00 3070474                    /home/macmv/Desktop/Bit Platformer/EternalCaves/lib/jars/lwjgl-stb-natives-linux.jar
7fa95806e000-7fa958071000 r--s 0008f000 fd:00 3070473                    /home/macmv/Desktop/Bit Platformer/EternalCaves/lib/jars/lwjgl-stb-javadoc.jar
7fa958071000-7fa958072000 r--s 00000000 fd:00 3070472                    /home/macmv/Desktop/Bit Platformer/EternalCaves/lib/jars/lwjgl-sse.jar
7fa958072000-7fa958073000 r--s 00000000 fd:00 3070471                    /home/macmv/Desktop/Bit Platformer/EternalCaves/lib/jars/lwjgl-sse-sources.jar
7fa958073000-7fa958074000 r--s 00000000 fd:00 3070470                    /home/macmv/Desktop/Bit Platformer/EternalCaves/lib/jars/lwjgl-sse-natives-linux.jar
7fa958074000-7fa958076000 r--s 00058000 fd:00 3070469                    /home/macmv/Desktop/Bit Platformer/EternalCaves/lib/jars/lwjgl-sse-javadoc.jar
7fa958076000-7fa958079000 r--s 00035000 fd:00 3070468                    /home/macmv/Desktop/Bit Platformer/EternalCaves/lib/jars/lwjgl-sources.jar
7fa958079000-7fa95807b000 r--s 00001000 fd:00 3070467                    /home/macmv/Desktop/Bit Platformer/EternalCaves/lib/jars/lwjgl-par.jar
7fa95807b000-7fa95807c000 r--s 00001000 fd:00 3070466                    /home/macmv/Desktop/Bit Platformer/EternalCaves/lib/jars/lwjgl-par-sources.jar
7fa95807c000-7fa95807d000 r--s 00005000 fd:00 3070465                    /home/macmv/Desktop/Bit Platformer/EternalCaves/lib/jars/lwjgl-par-natives-linux.jar
7fa95807d000-7fa95807f000 r--s 0005a000 fd:00 3070464                    /home/macmv/Desktop/Bit Platformer/EternalCaves/lib/jars/lwjgl-par-javadoc.jar
7fa95807f000-7fa958083000 r--s 00046000 fd:00 3070463                    /home/macmv/Desktop/Bit Platformer/EternalCaves/lib/jars/lwjgl-openvr.jar
7fa958083000-7fa958085000 r--s 00036000 fd:00 3070462                    /home/macmv/Desktop/Bit Platformer/EternalCaves/lib/jars/lwjgl-openvr-sources.jar
7fa958085000-7fa958087000 r--s 0001b000 fd:00 3070461                    /home/macmv/Desktop/Bit Platformer/EternalCaves/lib/jars/lwjgl-openvr-natives-linux.jar
7fa958087000-7fa95808c000 r--s 0011c000 fd:00 3070460                    /home/macmv/Desktop/Bit Platformer/EternalCaves/lib/jars/lwjgl-openvr-javadoc.jar
7fa95808c000-7fa958092000 r--s 00044000 fd:00 3070459                    /home/macmv/Desktop/Bit Platformer/EternalCaves/lib/jars/lwjgl-opengles.jar
7fa958092000-7fa958098000 r--s 00051000 fd:00 3070458                    /home/macmv/Desktop/Bit Platformer/EternalCaves/lib/jars/lwjgl-opengles-sources.jar
7fa958098000-7fa958099000 r--s 00007000 fd:00 3070457                    /home/macmv/Desktop/Bit Platformer/EternalCaves/lib/jars/lwjgl-opengles-natives-linux.jar
7fa958099000-7fa95809f000 r--s 0014c000 fd:00 3070456                    /home/macmv/Desktop/Bit Platformer/EternalCaves/lib/jars/lwjgl-opengles-javadoc.jar
7fa95809f000-7fa9580a9000 r--s 000ac000 fd:00 3070455                    /home/macmv/Desktop/Bit Platformer/EternalCaves/lib/jars/lwjgl-opengl.jar
7fa9580a9000-7fa9580b2000 r--s 000eb000 fd:00 3070454                    /home/macmv/Desktop/Bit Platformer/EternalCaves/lib/jars/lwjgl-opengl-sources.jar
7fa9580b2000-7fa9580b3000 r--s 00015000 fd:00 3070453                    /home/macmv/Desktop/Bit Platformer/EternalCaves/lib/jars/lwjgl-opengl-natives-linux.jar
7fa9580b3000-7fa9580be000 r--s 002ad000 fd:00 3070452                    /home/macmv/Desktop/Bit Platformer/EternalCaves/lib/jars/lwjgl-opengl-javadoc.jar
7fa9580be000-7fa9580c1000 r--s 00023000 fd:00 3070451                    /home/macmv/Desktop/Bit Platformer/EternalCaves/lib/jars/lwjgl-opencl.jar
7fa9580c1000-7fa9580c4000 r--s 00031000 fd:00 3070450                    /home/macmv/Desktop/Bit Platformer/EternalCaves/lib/jars/lwjgl-opencl-sources.jar
7fa9580c4000-7fa9580c8000 r--s 000ce000 fd:00 3070449                    /home/macmv/Desktop/Bit Platformer/EternalCaves/lib/jars/lwjgl-opencl-javadoc.jar
7fa9580c8000-7fa9580cb000 r--s 00010000 fd:00 3070448                    /home/macmv/Desktop/Bit Platformer/EternalCaves/lib/jars/lwjgl-openal.jar
7fa9580cb000-7fa9580cd000 r--s 00010000 fd:00 3070447                    /home/macmv/Desktop/Bit Platformer/EternalCaves/lib/jars/lwjgl-openal-sources.jar
7fa9580cd000-7fa9580ce000 r--s 00077000 fd:00 3070446                    /home/macmv/Desktop/Bit Platformer/EternalCaves/lib/jars/lwjgl-openal-natives-linux.jar
7fa9580ce000-7fa9580d1000 r--s 0008d000 fd:00 3070445                    /home/macmv/Desktop/Bit Platformer/EternalCaves/lib/jars/lwjgl-openal-javadoc.jar
7fa9580d1000-7fa9580d7000 r--s 00054000 fd:00 3070444                    /home/macmv/Desktop/Bit Platformer/EternalCaves/lib/jars/lwjgl-nuklear.jar
7fa9580d7000-7fa9580da000 r--s 0003a000 fd:00 3070443                    /home/macmv/Desktop/Bit Platformer/EternalCaves/lib/jars/lwjgl-nuklear-sources.jar
7fa9580da000-7fa9580db000 r--s 00021000 fd:00 3070442                    /home/macmv/Desktop/Bit Platformer/EternalCaves/lib/jars/lwjgl-nuklear-natives-linux.jar
7fa9580db000-7fa9580e0000 r--s 00112000 fd:00 3070441                    /home/macmv/Desktop/Bit Platformer/EternalCaves/lib/jars/lwjgl-nuklear-javadoc.jar
7fa9580e0000-7fa9580e1000 r--s 00001000 fd:00 3070440                    /home/macmv/Desktop/Bit Platformer/EternalCaves/lib/jars/lwjgl-nfd.jar
7fa9580e1000-7fa9580e2000 r--s 00001000 fd:00 3070439                    /home/macmv/Desktop/Bit Platformer/EternalCaves/lib/jars/lwjgl-nfd-sources.jar
7fa9580e2000-7fa9580e3000 r--s 00001000 fd:00 3070438                    /home/macmv/Desktop/Bit Platformer/EternalCaves/lib/jars/lwjgl-nfd-natives-linux.jar
7fa9580e3000-7fa9580e6000 r--s 00059000 fd:00 3070437                    /home/macmv/Desktop/Bit Platformer/EternalCaves/lib/jars/lwjgl-nfd-javadoc.jar
7fa9580e6000-7fa9580e7000 r--s 00012000 fd:00 3070436                    /home/macmv/Desktop/Bit Platformer/EternalCaves/lib/jars/lwjgl-natives-linux.jar
7fa9580e7000-7fa9580e9000 r--s 00008000 fd:00 3070435                    /home/macmv/Desktop/Bit Platformer/EternalCaves/lib/jars/lwjgl-nanovg.jar
7fa9580e9000-7fa9580ea000 r--s 00008000 fd:00 3070434                    /home/macmv/Desktop/Bit Platformer/EternalCaves/lib/jars/lwjgl-nanovg-sources.jar
7fa9580ea000-7fa9580eb000 r--s 00020000 fd:00 3070433                    /home/macmv/Desktop/Bit Platformer/EternalCaves/lib/jars/lwjgl-nanovg-natives-linux.jar
7fa9580eb000-7fa9580ed000 r--s 0006d000 fd:00 3070432                    /home/macmv/Desktop/Bit Platformer/EternalCaves/lib/jars/lwjgl-nanovg-javadoc.jar
7fa9580ed000-7fa9580ef000 r--s 00005000 fd:00 3070431                    /home/macmv/Desktop/Bit Platformer/EternalCaves/lib/jars/lwjgl-lmdb.jar
7fa9580ef000-7fa9580f0000 r--s 00008000 fd:00 3070430                    /home/macmv/Desktop/Bit Platformer/EternalCaves/lib/jars/lwjgl-lmdb-sources.jar
7fa9580f0000-7fa9580f1000 r--s 0000c000 fd:00 3070429                    /home/macmv/Desktop/Bit Platformer/EternalCaves/lib/jars/lwjgl-lmdb-natives-linux.jar
7fa9580f1000-7fa9580f3000 r--s 0006b000 fd:00 3070428                    /home/macmv/Desktop/Bit Platformer/EternalCaves/lib/jars/lwjgl-lmdb-javadoc.jar
7fa9580f3000-7fa9580f5000 r--s 00007000 fd:00 3070427                    /home/macmv/Desktop/Bit Platformer/EternalCaves/lib/jars/lwjgl-jemalloc.jar
7fa9580f5000-7fa9580f7000 r--s 00005000 fd:00 3070426                    /home/macmv/Desktop/Bit Platformer/EternalCaves/lib/jars/lwjgl-jemalloc-sources.jar
7fa9580f7000-7fa9580f8000 r--s 0001a000 fd:00 3070425                    /home/macmv/Desktop/Bit Platformer/EternalCaves/lib/jars/lwjgl-jemalloc-natives-linux.jar
7fa9580f8000-7fa9580fb000 r--s 0006b000 fd:00 3070424                    /home/macmv/Desktop/Bit Platformer/EternalCaves/lib/jars/lwjgl-jemalloc-javadoc.jar
7fa9580fb000-7fa9583d3000 r--p 00000000 fd:00 1722881                    /usr/lib/locale/locale-archive
7fa9583d3000-7fa9583d6000 ---p 00000000 00:00 0 
7fa9583d6000-7fa9584d4000 rw-p 00000000 00:00 0 
7fa9584d4000-7fa9584d7000 ---p 00000000 00:00 0 
7fa9584d7000-7fa9585d5000 rw-p 00000000 00:00 0 
7fa9585d5000-7fa9585d6000 ---p 00000000 00:00 0 
7fa9585d6000-7fa959000000 rw-p 00000000 00:00 0 
7fa959000000-7fa9592c0000 rwxp 00000000 00:00 0 
7fa9592c0000-7fa968000000 ---p 00000000 00:00 0 
7fa968000000-7fa9689e0000 rw-p 00000000 00:00 0 
7fa9689e0000-7fa96c000000 ---p 00000000 00:00 0 
7fa96c000000-7fa96c001000 r--s 00005000 fd:00 3070423                    /home/macmv/Desktop/Bit Platformer/EternalCaves/lib/jars/lwjgl-jawt.jar
7fa96c001000-7fa96c002000 r--s 00004000 fd:00 3070422                    /home/macmv/Desktop/Bit Platformer/EternalCaves/lib/jars/lwjgl-jawt-sources.jar
7fa96c002000-7fa96c004000 r--s 00066000 fd:00 3070421                    /home/macmv/Desktop/Bit Platformer/EternalCaves/lib/jars/lwjgl-jawt-javadoc.jar
7fa96c004000-7fa96c009000 r--s 0010d000 fd:00 3070420                    /home/macmv/Desktop/Bit Platformer/EternalCaves/lib/jars/lwjgl-javadoc.jar
7fa96c009000-7fa96c00c000 r--s 00015000 fd:00 3070419                    /home/macmv/Desktop/Bit Platformer/EternalCaves/lib/jars/lwjgl-glfw.jar
7fa96c00c000-7fa96c00f000 r--s 00012000 fd:00 3070418                    /home/macmv/Desktop/Bit Platformer/EternalCaves/lib/jars/lwjgl-glfw-sources.jar
7fa96c00f000-7fa96c010000 r--s 0000e000 fd:00 3070417                    /home/macmv/Desktop/Bit Platformer/EternalCaves/lib/jars/lwjgl-glfw-natives-linux.jar
7fa96c010000-7fa96c014000 r--s 00097000 fd:00 3070416                    /home/macmv/Desktop/Bit Platformer/EternalCaves/lib/jars/lwjgl-glfw-javadoc.jar
7fa96c014000-7fa96c018000 r--s 0001b000 fd:00 3070415                    /home/macmv/Desktop/Bit Platformer/EternalCaves/lib/jars/lwjgl-egl.jar
7fa96c018000-7fa96c6f1000 rw-p 00000000 00:00 0 
7fa96c6f1000-7fa96c8ca000 r--s 03d3e000 fd:00 3287342                    /home/macmv/bin/jdk1.8.0_121/jre/lib/rt.jar
7fa96c8ca000-7fa96d000000 rw-p 00000000 00:00 0 
7fa96d000000-7fa96d140000 ---p 00000000 00:00 0 
7fa96d140000-7fa96d90c000 rw-p 00000000 00:00 0 
7fa96d90c000-7fa96d90d000 ---p 00000000 00:00 0 
7fa96d90d000-7fa96da0d000 rw-p 00000000 00:00 0 
7fa96da0d000-7fa96da0e000 ---p 00000000 00:00 0 
7fa96da0e000-7fa96db0e000 rw-p 00000000 00:00 0 
7fa96db0e000-7fa96db0f000 ---p 00000000 00:00 0 
7fa96db0f000-7fa96dc0f000 rw-p 00000000 00:00 0 
7fa96dc0f000-7fa96dc10000 ---p 00000000 00:00 0 
7fa96dc10000-7fa96dd64000 rw-p 00000000 00:00 0 
7fa96dd64000-7fa96e243000 ---p 00000000 00:00 0 
7fa96e243000-7fa96e297000 rw-p 00000000 00:00 0 
7fa96e297000-7fa96e775000 ---p 00000000 00:00 0 
7fa96e775000-7fa96e7a0000 rw-p 00000000 00:00 0 
7fa96e7a0000-7fa96ea0f000 ---p 00000000 00:00 0 
7fa96ea0f000-7fa96ea1b000 rw-p 00000000 00:00 0 
7fa96ea1b000-7fa96edd0000 ---p 00000000 00:00 0 
7fa96edd0000-7fa96edea000 r-xp 00000000 fd:00 3416700                    /home/macmv/bin/jdk1.8.0_121/jre/lib/amd64/libzip.so
7fa96edea000-7fa96efea000 ---p 0001a000 fd:00 3416700                    /home/macmv/bin/jdk1.8.0_121/jre/lib/amd64/libzip.so
7fa96efea000-7fa96efeb000 rw-p 0001a000 fd:00 3416700                    /home/macmv/bin/jdk1.8.0_121/jre/lib/amd64/libzip.so
7fa96efeb000-7fa96eff6000 r-xp 00000000 fd:00 790970                     /lib/x86_64-linux-gnu/libnss_files-2.23.so
7fa96eff6000-7fa96f1f5000 ---p 0000b000 fd:00 790970                     /lib/x86_64-linux-gnu/libnss_files-2.23.so
7fa96f1f5000-7fa96f1f6000 r--p 0000a000 fd:00 790970                     /lib/x86_64-linux-gnu/libnss_files-2.23.so
7fa96f1f6000-7fa96f1f7000 rw-p 0000b000 fd:00 790970                     /lib/x86_64-linux-gnu/libnss_files-2.23.so
7fa96f1f7000-7fa96f1fd000 rw-p 00000000 00:00 0 
7fa96f1fd000-7fa96f208000 r-xp 00000000 fd:00 790997                     /lib/x86_64-linux-gnu/libnss_nis-2.23.so
7fa96f208000-7fa96f407000 ---p 0000b000 fd:00 790997                     /lib/x86_64-linux-gnu/libnss_nis-2.23.so
7fa96f407000-7fa96f408000 r--p 0000a000 fd:00 790997                     /lib/x86_64-linux-gnu/libnss_nis-2.23.so
7fa96f408000-7fa96f409000 rw-p 0000b000 fd:00 790997                     /lib/x86_64-linux-gnu/libnss_nis-2.23.so
7fa96f409000-7fa96f41f000 r-xp 00000000 fd:00 790964                     /lib/x86_64-linux-gnu/libnsl-2.23.so
7fa96f41f000-7fa96f61e000 ---p 00016000 fd:00 790964                     /lib/x86_64-linux-gnu/libnsl-2.23.so
7fa96f61e000-7fa96f61f000 r--p 00015000 fd:00 790964                     /lib/x86_64-linux-gnu/libnsl-2.23.so
7fa96f61f000-7fa96f620000 rw-p 00016000 fd:00 790964                     /lib/x86_64-linux-gnu/libnsl-2.23.so
7fa96f620000-7fa96f622000 rw-p 00000000 00:00 0 
7fa96f622000-7fa96f62a000 r-xp 00000000 fd:00 791068                     /lib/x86_64-linux-gnu/libnss_compat-2.23.so
7fa96f62a000-7fa96f829000 ---p 00008000 fd:00 791068                     /lib/x86_64-linux-gnu/libnss_compat-2.23.so
7fa96f829000-7fa96f82a000 r--p 00007000 fd:00 791068                     /lib/x86_64-linux-gnu/libnss_compat-2.23.so
7fa96f82a000-7fa96f82b000 rw-p 00008000 fd:00 791068                     /lib/x86_64-linux-gnu/libnss_compat-2.23.so
7fa96f82b000-7fa96f856000 r-xp 00000000 fd:00 3417756                    /home/macmv/bin/jdk1.8.0_121/jre/lib/amd64/libjava.so
7fa96f856000-7fa96fa55000 ---p 0002b000 fd:00 3417756                    /home/macmv/bin/jdk1.8.0_121/jre/lib/amd64/libjava.so
7fa96fa55000-7fa96fa57000 rw-p 0002a000 fd:00 3417756                    /home/macmv/bin/jdk1.8.0_121/jre/lib/amd64/libjava.so
7fa96fa57000-7fa96fa64000 r-xp 00000000 fd:00 3416037                    /home/macmv/bin/jdk1.8.0_121/jre/lib/amd64/libverify.so
7fa96fa64000-7fa96fc63000 ---p 0000d000 fd:00 3416037                    /home/macmv/bin/jdk1.8.0_121/jre/lib/amd64/libverify.so
7fa96fc63000-7fa96fc65000 rw-p 0000c000 fd:00 3416037                    /home/macmv/bin/jdk1.8.0_121/jre/lib/amd64/libverify.so
7fa96fc65000-7fa96fc6c000 r-xp 00000000 fd:00 791015                     /lib/x86_64-linux-gnu/librt-2.23.so
7fa96fc6c000-7fa96fe6b000 ---p 00007000 fd:00 791015                     /lib/x86_64-linux-gnu/librt-2.23.so
7fa96fe6b000-7fa96fe6c000 r--p 00006000 fd:00 791015                     /lib/x86_64-linux-gnu/librt-2.23.so
7fa96fe6c000-7fa96fe6d000 rw-p 00007000 fd:00 791015                     /lib/x86_64-linux-gnu/librt-2.23.so
7fa96fe6d000-7fa96ff75000 r-xp 00000000 fd:00 791091                     /lib/x86_64-linux-gnu/libm-2.23.so
7fa96ff75000-7fa970174000 ---p 00108000 fd:00 791091                     /lib/x86_64-linux-gnu/libm-2.23.so
7fa970174000-7fa970175000 r--p 00107000 fd:00 791091                     /lib/x86_64-linux-gnu/libm-2.23.so
7fa970175000-7fa970176000 rw-p 00108000 fd:00 791091                     /lib/x86_64-linux-gnu/libm-2.23.so
7fa970176000-7fa970e44000 r-xp 00000000 fd:00 3417760                    /home/macmv/bin/jdk1.8.0_121/jre/lib/amd64/server/libjvm.so
7fa970e44000-7fa971044000 ---p 00cce000 fd:00 3417760                    /home/macmv/bin/jdk1.8.0_121/jre/lib/amd64/server/libjvm.so
7fa971044000-7fa97111d000 rw-p 00cce000 fd:00 3417760                    /home/macmv/bin/jdk1.8.0_121/jre/lib/amd64/server/libjvm.so
7fa97111d000-7fa971168000 rw-p 00000000 00:00 0 
7fa971168000-7fa971328000 r-xp 00000000 fd:00 791117                     /lib/x86_64-linux-gnu/libc-2.23.so
7fa971328000-7fa971528000 ---p 001c0000 fd:00 791117                     /lib/x86_64-linux-gnu/libc-2.23.so
7fa971528000-7fa97152c000 r--p 001c0000 fd:00 791117                     /lib/x86_64-linux-gnu/libc-2.23.so
7fa97152c000-7fa97152e000 rw-p 001c4000 fd:00 791117                     /lib/x86_64-linux-gnu/libc-2.23.so
7fa97152e000-7fa971532000 rw-p 00000000 00:00 0 
7fa971532000-7fa971535000 r-xp 00000000 fd:00 791067                     /lib/x86_64-linux-gnu/libdl-2.23.so
7fa971535000-7fa971734000 ---p 00003000 fd:00 791067                     /lib/x86_64-linux-gnu/libdl-2.23.so
7fa971734000-7fa971735000 r--p 00002000 fd:00 791067                     /lib/x86_64-linux-gnu/libdl-2.23.so
7fa971735000-7fa971736000 rw-p 00003000 fd:00 791067                     /lib/x86_64-linux-gnu/libdl-2.23.so
7fa971736000-7fa97174b000 r-xp 00000000 fd:00 3165945                    /home/macmv/bin/jdk1.8.0_121/lib/amd64/jli/libjli.so
7fa97174b000-7fa97194b000 ---p 00015000 fd:00 3165945                    /home/macmv/bin/jdk1.8.0_121/lib/amd64/jli/libjli.so
7fa97194b000-7fa97194c000 rw-p 00015000 fd:00 3165945                    /home/macmv/bin/jdk1.8.0_121/lib/amd64/jli/libjli.so
7fa97194c000-7fa971964000 r-xp 00000000 fd:00 790996                     /lib/x86_64-linux-gnu/libpthread-2.23.so
7fa971964000-7fa971b63000 ---p 00018000 fd:00 790996                     /lib/x86_64-linux-gnu/libpthread-2.23.so
7fa971b63000-7fa971b64000 r--p 00017000 fd:00 790996                     /lib/x86_64-linux-gnu/libpthread-2.23.so
7fa971b64000-7fa971b65000 rw-p 00018000 fd:00 790996                     /lib/x86_64-linux-gnu/libpthread-2.23.so
7fa971b65000-7fa971b69000 rw-p 00000000 00:00 0 
7fa971b69000-7fa971b8f000 r-xp 00000000 fd:00 790965                     /lib/x86_64-linux-gnu/ld-2.23.so
7fa971b8f000-7fa971c60000 rw-p 00000000 00:00 0 
7fa971c60000-7fa971c63000 ---p 00000000 00:00 0 
7fa971c63000-7fa971d65000 rw-p 00000000 00:00 0 
7fa971d65000-7fa971d68000 r--s 0001f000 fd:00 3070414                    /home/macmv/Desktop/Bit Platformer/EternalCaves/lib/jars/lwjgl-egl-sources.jar
7fa971d68000-7fa971d6d000 r--s 000c1000 fd:00 3070413                    /home/macmv/Desktop/Bit Platformer/EternalCaves/lib/jars/lwjgl-egl-javadoc.jar
7fa971d6d000-7fa971d70000 r--s 0001f000 fd:00 3070412                    /home/macmv/Desktop/Bit Platformer/EternalCaves/lib/jars/lwjgl-bgfx.jar
7fa971d70000-7fa971d72000 r--s 00018000 fd:00 3070411                    /home/macmv/Desktop/Bit Platformer/EternalCaves/lib/jars/lwjgl-bgfx-sources.jar
7fa971d72000-7fa971d74000 r--s 00046000 fd:00 3070410                    /home/macmv/Desktop/Bit Platformer/EternalCaves/lib/jars/lwjgl-bgfx-natives-linux.jar
7fa971d74000-7fa971d78000 r--s 000ac000 fd:00 3070409                    /home/macmv/Desktop/Bit Platformer/EternalCaves/lib/jars/lwjgl-bgfx-javadoc.jar
7fa971d78000-7fa971d7b000 r--s 0002a000 fd:00 3070408                    /home/macmv/Desktop/Bit Platformer/EternalCaves/lib/jars/lwjgl-assimp.jar
7fa971d7b000-7fa971d7d000 r--s 00026000 fd:00 3070407                    /home/macmv/Desktop/Bit Platformer/EternalCaves/lib/jars/lwjgl-assimp-sources.jar
7fa971d7d000-7fa971d7e000 r--s 002ad000 fd:00 3070406                    /home/macmv/Desktop/Bit Platformer/EternalCaves/lib/jars/lwjgl-assimp-natives-linux.jar
7fa971d7e000-7fa971d82000 r--s 000d4000 fd:00 3070405                    /home/macmv/Desktop/Bit Platformer/EternalCaves/lib/jars/lwjgl-assimp-javadoc.jar
7fa971d82000-7fa971d8a000 rw-s 00000000 fd:00 10486156                   /tmp/hsperfdata_macmv/27586
7fa971d8a000-7fa971d8b000 rw-p 00000000 00:00 0 
7fa971d8b000-7fa971d8c000 r--p 00000000 00:00 0 
7fa971d8c000-7fa971d8e000 rw-p 00000000 00:00 0 
7fa971d8e000-7fa971d8f000 r--p 00025000 fd:00 790965                     /lib/x86_64-linux-gnu/ld-2.23.so
7fa971d8f000-7fa971d90000 rw-p 00026000 fd:00 790965                     /lib/x86_64-linux-gnu/ld-2.23.so
7fa971d90000-7fa971d91000 rw-p 00000000 00:00 0 
7ffc0aa07000-7ffc0aa2a000 rw-p 00000000 00:00 0                          [stack]
7ffc0aaa0000-7ffc0aaa2000 r--p 00000000 00:00 0                          [vvar]
7ffc0aaa2000-7ffc0aaa4000 r-xp 00000000 00:00 0                          [vdso]
ffffffffff600000-ffffffffff601000 r-xp 00000000 00:00 0                  [vsyscall]

VM Arguments:
jvm_args: -Dfile.encoding=UTF-8 
java_command: net.cubiness.Main
java_class_path (initial): /home/macmv/Desktop/Bit Platformer/EternalCaves/bin:/home/macmv/Desktop/Bit Platformer/EternalCaves/lib/jars/lwjgl-assimp-javadoc.jar:/home/macmv/Desktop/Bit Platformer/EternalCaves/lib/jars/lwjgl-assimp-natives-linux.jar:/home/macmv/Desktop/Bit Platformer/EternalCaves/lib/jars/lwjgl-assimp-sources.jar:/home/macmv/Desktop/Bit Platformer/EternalCaves/lib/jars/lwjgl-assimp.jar:/home/macmv/Desktop/Bit Platformer/EternalCaves/lib/jars/lwjgl-bgfx-javadoc.jar:/home/macmv/Desktop/Bit Platformer/EternalCaves/lib/jars/lwjgl-bgfx-natives-linux.jar:/home/macmv/Desktop/Bit Platformer/EternalCaves/lib/jars/lwjgl-bgfx-sources.jar:/home/macmv/Desktop/Bit Platformer/EternalCaves/lib/jars/lwjgl-bgfx.jar:/home/macmv/Desktop/Bit Platformer/EternalCaves/lib/jars/lwjgl-egl-javadoc.jar:/home/macmv/Desktop/Bit Platformer/EternalCaves/lib/jars/lwjgl-egl-sources.jar:/home/macmv/Desktop/Bit Platformer/EternalCaves/lib/jars/lwjgl-egl.jar:/home/macmv/Desktop/Bit Platformer/EternalCaves/lib/jars/lwjgl-glfw-javadoc.jar:/home/macmv/Desktop/Bit Platformer/EternalCaves/lib/jars/lwjgl-glfw-natives-linux.jar:/home/macmv/Desktop/Bit Platformer/EternalCaves/lib/jars/lwjgl-glfw-sources.jar:/home/macmv/Desktop/Bit Platformer/EternalCaves/lib/jars/lwjgl-glfw.jar:/home/macmv/Desktop/Bit Platformer/EternalCaves/lib/jars/lwjgl-javadoc.jar:/home/macmv/Desktop/Bit Platformer/EternalCaves/lib/jars/lwjgl-jawt-javadoc.jar:/home/macmv/Desktop/Bit Platformer/EternalCaves/lib/jars/lwjgl-jawt-sources.jar:/home/macmv/Desktop/Bit Platformer/EternalCaves/lib/jars/lwjgl-jawt.jar:/home/macmv/Desktop/Bit Platformer/EternalCaves/lib/jars/lwjgl-jemalloc-javadoc.jar:/home/macmv/Desktop/Bit Platformer/EternalCaves/lib/jars/lwjgl-jemalloc-natives-linux.jar:/home/macmv/Desktop/Bit Platformer/EternalCaves/lib/jars/lwjgl-jemalloc-sources.jar:/home/macmv/Desktop/Bit Platformer/EternalCaves/lib/jars/lwjgl-jemalloc.jar:/home/macmv/Desktop/Bit Platformer/EternalCaves/lib/jars/lwjgl-lmdb-javadoc.jar:/home/m
Launcher Type: SUN_STANDARD

Environment Variables:
PATH=/home/macmv/bin:/home/macmv/bin/jdk1.8.0_121/bin:/home/macmv/bin:/home/macmv/.local/bin:/usr/local/sbin:/usr/local/bin:/usr/sbin:/usr/bin:/sbin:/bin:/usr/games:/usr/local/games:/snap/bin
SHELL=/bin/bash
DISPLAY=:0

Signal Handlers:
SIGSEGV: [libjvm.so+0xac78c0], sa_mask[0]=11111111011111111101111111111110, sa_flags=SA_RESTART|SA_SIGINFO
SIGBUS: [libjvm.so+0xac78c0], sa_mask[0]=11111111011111111101111111111110, sa_flags=SA_RESTART|SA_SIGINFO
SIGFPE: [libjvm.so+0x920ac0], sa_mask[0]=11111111011111111101111111111110, sa_flags=SA_RESTART|SA_SIGINFO
SIGPIPE: [libjvm.so+0x920ac0], sa_mask[0]=11111111011111111101111111111110, sa_flags=SA_RESTART|SA_SIGINFO
SIGXFSZ: [libjvm.so+0x920ac0], sa_mask[0]=11111111011111111101111111111110, sa_flags=SA_RESTART|SA_SIGINFO
SIGILL: [libjvm.so+0x920ac0], sa_mask[0]=11111111011111111101111111111110, sa_flags=SA_RESTART|SA_SIGINFO
SIGUSR1: SIG_DFL, sa_mask[0]=00000000000000000000000000000000, sa_flags=none
SIGUSR2: [libjvm.so+0x922300], sa_mask[0]=00100000000000000000000000000000, sa_flags=SA_RESTART|SA_SIGINFO
SIGHUP: [libjvm.so+0x923700], sa_mask[0]=11111111011111111101111111111110, sa_flags=SA_RESTART|SA_SIGINFO
SIGINT: [libjvm.so+0x923700], sa_mask[0]=11111111011111111101111111111110, sa_flags=SA_RESTART|SA_SIGINFO
SIGTERM: [libjvm.so+0x923700], sa_mask[0]=11111111011111111101111111111110, sa_flags=SA_RESTART|SA_SIGINFO
SIGQUIT: [libjvm.so+0x923700], sa_mask[0]=11111111011111111101111111111110, sa_flags=SA_RESTART|SA_SIGINFO


---------------  S Y S T E M  ---------------

OS:DISTRIB_ID=Ubuntu
DISTRIB_RELEASE=16.04
DISTRIB_CODENAME=xenial
DISTRIB_DESCRIPTION="Ubuntu 16.04.2 LTS"

uname:Linux 4.10.0-32-generic #36~16.04.1-Ubuntu SMP Wed Aug 9 09:19:02 UTC 2017 x86_64
libc:glibc 2.23 NPTL 2.23 
rlimit: STACK 8192k, CORE 0k, NPROC 63674, NOFILE 65536, AS infinity
load average:0.48 0.31 0.37

/proc/meminfo:
MemTotal:       16346476 kB
MemFree:         8443388 kB
MemAvailable:   12075640 kB
Buffers:          596732 kB
Cached:          3545988 kB
SwapCached:            0 kB
Active:          4481592 kB
Inactive:        2689940 kB
Active(anon):    3030496 kB
Inactive(anon):   684784 kB
Active(file):    1451096 kB
Inactive(file):  2005156 kB
Unevictable:         144 kB
Mlocked:             144 kB
SwapTotal:      16691196 kB
SwapFree:       16691196 kB
Dirty:               180 kB
Writeback:             0 kB
AnonPages:       2929784 kB
Mapped:           614212 kB
Shmem:            686472 kB
Slab:             572000 kB
SReclaimable:     513156 kB
SUnreclaim:        58844 kB
KernelStack:       14288 kB
PageTables:        63380 kB
NFS_Unstable:          0 kB
Bounce:                0 kB
WritebackTmp:          0 kB
CommitLimit:    24864432 kB
Committed_AS:   11014260 kB
VmallocTotal:   34359738367 kB
VmallocUsed:           0 kB
VmallocChunk:          0 kB
HardwareCorrupted:     0 kB
AnonHugePages:   1148928 kB
ShmemHugePages:        0 kB
ShmemPmdMapped:        0 kB
CmaTotal:              0 kB
CmaFree:               0 kB
HugePages_Total:       0
HugePages_Free:        0
HugePages_Rsvd:        0
HugePages_Surp:        0
Hugepagesize:       2048 kB
DirectMap4k:      196228 kB
DirectMap2M:     8108032 kB
DirectMap1G:     8388608 kB


CPU:total 4 (4 cores per cpu, 1 threads per core) family 6 model 158 stepping 9, cmov, cx8, fxsr, mmx, sse, sse2, sse3, ssse3, sse4.1, sse4.2, popcnt, avx, avx2, aes, clmul, erms, rtm, 3dnowpref, lzcnt, tsc, tscinvbit, bmi1, bmi2, adx

/proc/cpuinfo:
processor	: 0
vendor_id	: GenuineIntel
cpu family	: 6
model		: 158
model name	: Intel(R) Core(TM) i5-7500 CPU @ 3.40GHz
stepping	: 9
microcode	: 0x42
cpu MHz		: 3645.910
cache size	: 6144 KB
physical id	: 0
siblings	: 4
core id		: 0
cpu cores	: 4
apicid		: 0
initial apicid	: 0
fpu		: yes
fpu_exception	: yes
cpuid level	: 22
wp		: yes
flags		: fpu vme de pse tsc msr pae mce cx8 apic sep mtrr pge mca cmov pat pse36 clflush dts acpi mmx fxsr sse sse2 ss ht tm pbe syscall nx pdpe1gb rdtscp lm constant_tsc art arch_perfmon pebs bts rep_good nopl xtopology nonstop_tsc aperfmperf tsc_known_freq pni pclmulqdq dtes64 monitor ds_cpl vmx smx est tm2 ssse3 sdbg fma cx16 xtpr pdcm pcid sse4_1 sse4_2 x2apic movbe popcnt tsc_deadline_timer aes xsave avx f16c rdrand lahf_lm abm 3dnowprefetch intel_pt tpr_shadow vnmi flexpriority ept vpid fsgsbase tsc_adjust bmi1 hle avx2 smep bmi2 erms invpcid rtm mpx rdseed adx smap clflushopt xsaveopt xsavec xgetbv1 xsaves dtherm ida arat pln pts hwp hwp_notify hwp_act_window hwp_epp
bugs		:
bogomips	: 6816.00
clflush size	: 64
cache_alignment	: 64
address sizes	: 39 bits physical, 48 bits virtual
power management:

processor	: 1
vendor_id	: GenuineIntel
cpu family	: 6
model		: 158
model name	: Intel(R) Core(TM) i5-7500 CPU @ 3.40GHz
stepping	: 9
microcode	: 0x42
cpu MHz		: 3647.363
cache size	: 6144 KB
physical id	: 0
siblings	: 4
core id		: 1
cpu cores	: 4
apicid		: 2
initial apicid	: 2
fpu		: yes
fpu_exception	: yes
cpuid level	: 22
wp		: yes
flags		: fpu vme de pse tsc msr pae mce cx8 apic sep mtrr pge mca cmov pat pse36 clflush dts acpi mmx fxsr sse sse2 ss ht tm pbe syscall nx pdpe1gb rdtscp lm constant_tsc art arch_perfmon pebs bts rep_good nopl xtopology nonstop_tsc aperfmperf tsc_known_freq pni pclmulqdq dtes64 monitor ds_cpl vmx smx est tm2 ssse3 sdbg fma cx16 xtpr pdcm pcid sse4_1 sse4_2 x2apic movbe popcnt tsc_deadline_timer aes xsave avx f16c rdrand lahf_lm abm 3dnowprefetch intel_pt tpr_shadow vnmi flexpriority ept vpid fsgsbase tsc_adjust bmi1 hle avx2 smep bmi2 erms invpcid rtm mpx rdseed adx smap clflushopt xsaveopt xsavec xgetbv1 xsaves dtherm ida arat pln pts hwp hwp_notify hwp_act_window hwp_epp
bugs		:
bogomips	: 6816.00
clflush size	: 64
cache_alignment	: 64
address sizes	: 39 bits physical, 48 bits virtual
power management:

processor	: 2
vendor_id	: GenuineIntel
cpu family	: 6
model		: 158
model name	: Intel(R) Core(TM) i5-7500 CPU @ 3.40GHz
stepping	: 9
microcode	: 0x42
cpu MHz		: 3668.115
cache size	: 6144 KB
physical id	: 0
siblings	: 4
core id		: 2
cpu cores	: 4
apicid		: 4
initial apicid	: 4
fpu		: yes
fpu_exception	: yes
cpuid level	: 22
wp		: yes
flags		: fpu vme de pse tsc msr pae mce cx8 apic sep mtrr pge mca cmov pat pse36 clflush dts acpi mmx fxsr sse sse2 ss ht tm pbe syscall nx pdpe1gb rdtscp lm constant_tsc art arch_perfmon pebs bts rep_good nopl xtopology nonstop_tsc aperfmperf tsc_known_freq pni pclmulqdq dtes64 monitor ds_cpl vmx smx est tm2 ssse3 sdbg fma cx16 xtpr pdcm pcid sse4_1 sse4_2 x2apic movbe popcnt tsc_deadline_timer aes xsave avx f16c rdrand lahf_lm abm 3dnowprefetch intel_pt tpr_shadow vnmi flexpriority ept vpid fsgsbase tsc_adjust bmi1 hle avx2 smep bmi2 erms invpcid rtm mpx rdseed adx smap clflushopt xsaveopt xsavec xgetbv1 xsaves dtherm ida arat pln pts hwp hwp_notify hwp_act_window hwp_epp
bugs		:
bogomips	: 6816.00
clflush size	: 64
cache_alignment	: 64
address sizes	: 39 bits physical, 48 bits virtual
power management:

processor	: 3
vendor_id	: GenuineIntel
cpu family	: 6
model		: 158
model name	: Intel(R) Core(TM) i5-7500 CPU @ 3.40GHz
stepping	: 9
microcode	: 0x42
cpu MHz		: 3644.042
cache size	: 6144 KB
physical id	: 0
siblings	: 4
core id		: 3
cpu cores	: 4
apicid		: 6
initial apicid	: 6
fpu		: yes
fpu_exception	: yes
cpuid level	: 22
wp		: yes
flags		: fpu vme de pse tsc msr pae mce cx8 apic sep mtrr pge mca cmov pat pse36 clflush dts acpi mmx fxsr sse sse2 ss ht tm pbe syscall nx pdpe1gb rdtscp lm constant_tsc art arch_perfmon pebs bts rep_good nopl xtopology nonstop_tsc aperfmperf tsc_known_freq pni pclmulqdq dtes64 monitor ds_cpl vmx smx est tm2 ssse3 sdbg fma cx16 xtpr pdcm pcid sse4_1 sse4_2 x2apic movbe popcnt tsc_deadline_timer aes xsave avx f16c rdrand lahf_lm abm 3dnowprefetch intel_pt tpr_shadow vnmi flexpriority ept vpid fsgsbase tsc_adjust bmi1 hle avx2 smep bmi2 erms invpcid rtm mpx rdseed adx smap clflushopt xsaveopt xsavec xgetbv1 xsaves dtherm ida arat pln pts hwp hwp_notify hwp_act_window hwp_epp
bugs		:
bogomips	: 6816.00
clflush size	: 64
cache_alignment	: 64
address sizes	: 39 bits physical, 48 bits virtual
power management:



Memory: 4k page, physical 16346476k(8443388k free), swap 16691196k(16691196k free)

vm_info: Java HotSpot(TM) 64-Bit Server VM (25.121-b13) for linux-amd64 JRE (1.8.0_121-b13), built on Dec 12 2016 16:36:53 by "java_re" with gcc 4.3.0 20080428 (Red Hat 4.3.0-8)

time: Sat Sep 23 15:04:51 2017
elapsed time: 0 seconds (0d 0h 0m 0s)

